[INFO] Scanning for projects...
[INFO] 
[INFO] ------------------------< com.core:api-gateway >------------------------
[INFO] Building api-gateway 0.0.1-SNAPSHOT
[INFO]   from pom.xml
[INFO] --------------------------------[ jar ]---------------------------------
[INFO] 
[INFO] >>> spring-boot:3.5.10:run (default-cli) > test-compile @ api-gateway >>>
[INFO] 
[INFO] --- resources:3.3.1:resources (default-resources) @ api-gateway ---
[INFO] Copying 1 resource from src\main\resources to target\classes
[INFO] Copying 0 resource from src\main\resources to target\classes
[INFO] 
[INFO] --- compiler:3.14.1:compile (default-compile) @ api-gateway ---
[INFO] Nothing to compile - all classes are up to date.
[INFO] 
[INFO] --- resources:3.3.1:testResources (default-testResources) @ api-gateway ---
[INFO] Not copying test resources
[INFO] 
[INFO] --- compiler:3.14.1:testCompile (default-testCompile) @ api-gateway ---
[INFO] Not compiling test sources
[INFO] 
[INFO] <<< spring-boot:3.5.10:run (default-cli) < test-compile @ api-gateway <<<
[INFO] 
[INFO] 
[INFO] --- spring-boot:3.5.10:run (default-cli) @ api-gateway ---
[INFO] Attaching agents: []

  .   ____          _            __ _ _
 /\\ / ___'_ __ _ _(_)_ __  __ _ \ \ \ \
( ( )\___ | '_ | '_| | '_ \/ _` | \ \ \ \
 \\/  ___)| |_)| | | | | || (_| |  ) ) ) )
  '  |____| .__|_| |_|_| |_\__, | / / / /
 =========|_|==============|___/=/_/_/_/

 :: Spring Boot ::               (v3.5.10)

2026-02-21T15:00:40.152-05:00  INFO 5608 --- [api-gateway] [           main] c.core.apigateway.ApiGatewayApplication  : Starting ApiGatewayApplication using Java 21.0.10 with PID 5608 (C:\Users\jhost\Desktop\CIBERTEC\proyecto-transportes\api-gateway\target\classes started by jhost in C:\Users\jhost\Desktop\CIBERTEC\proyecto-transportes\api-gateway)
2026-02-21T15:00:40.189-05:00  INFO 5608 --- [api-gateway] [           main] c.core.apigateway.ApiGatewayApplication  : No active profile set, falling back to 1 default profile: "default"
2026-02-21T15:00:41.555-05:00  INFO 5608 --- [api-gateway] [           main] o.s.cloud.context.scope.GenericScope     : BeanFactory id=7d48efd0-5dab-32ab-81ff-8fe24cb887d5
2026-02-21T15:00:42.765-05:00  WARN 5608 --- [api-gateway] [           main] GatewayClassPathWarningAutoConfiguration : 

**********************************************************

The artifact spring-cloud-gateway-server is deprecated. It will be removed in the next major release. Please add spring-cloud-gateway-server-webflux dependency.

**********************************************************


2026-02-21T15:00:43.192-05:00 DEBUG 5608 --- [api-gateway] [           main] o.s.c.gateway.config.GatewayProperties   : Routes supplied from Gateway Properties: [RouteDefinition{id='transportistas-service', predicates=[PredicateDefinition{name='Path', args={_genkey_0=/api/transports/**}}], filters=[], uri=lb://ms-transportistas, order=0, metadata={}, enabled=true}, RouteDefinition{id='users-service', predicates=[PredicateDefinition{name='Path', args={_genkey_0=/api/users/**}}], filters=[], uri=lb://ms-users, order=0, metadata={}, enabled=true}, RouteDefinition{id='auth-service', predicates=[PredicateDefinition{name='Path', args={_genkey_0=/api/auth/**}}], filters=[], uri=lb://ms-users, order=0, metadata={}, enabled=true}, RouteDefinition{id='clients-service', predicates=[PredicateDefinition{name='Path', args={_genkey_0=/api/clients/**}}], filters=[], uri=lb://ms-clientes, order=0, metadata={}, enabled=true}, RouteDefinition{id='shioments-service', predicates=[PredicateDefinition{name='Path', args={_genkey_0=/api/shipments/**}}], filters=[], uri=lb://ms-servicios, order=0, metadata={}, enabled=true}, RouteDefinition{id='categories-service', predicates=[PredicateDefinition{name='Path', args={_genkey_0=/api/categories/**}}], filters=[], uri=lb://ms-servicios, order=0, metadata={}, enabled=true}, RouteDefinition{id='statuses-service', predicates=[PredicateDefinition{name='Path', args={_genkey_0=/api/statuses/**}}], filters=[], uri=lb://ms-servicios, order=0, metadata={}, enabled=true}]
2026-02-21T15:00:43.577-05:00  INFO 5608 --- [api-gateway] [           main] o.s.c.g.r.RouteDefinitionRouteLocator    : Loaded RoutePredicateFactory [After]
2026-02-21T15:00:43.578-05:00  INFO 5608 --- [api-gateway] [           main] o.s.c.g.r.RouteDefinitionRouteLocator    : Loaded RoutePredicateFactory [Before]
2026-02-21T15:00:43.578-05:00  INFO 5608 --- [api-gateway] [           main] o.s.c.g.r.RouteDefinitionRouteLocator    : Loaded RoutePredicateFactory [Between]
2026-02-21T15:00:43.580-05:00  INFO 5608 --- [api-gateway] [           main] o.s.c.g.r.RouteDefinitionRouteLocator    : Loaded RoutePredicateFactory [Cookie]
2026-02-21T15:00:43.580-05:00  INFO 5608 --- [api-gateway] [           main] o.s.c.g.r.RouteDefinitionRouteLocator    : Loaded RoutePredicateFactory [Header]
2026-02-21T15:00:43.580-05:00  INFO 5608 --- [api-gateway] [           main] o.s.c.g.r.RouteDefinitionRouteLocator    : Loaded RoutePredicateFactory [Host]
2026-02-21T15:00:43.580-05:00  INFO 5608 --- [api-gateway] [           main] o.s.c.g.r.RouteDefinitionRouteLocator    : Loaded RoutePredicateFactory [Method]
2026-02-21T15:00:43.580-05:00  INFO 5608 --- [api-gateway] [           main] o.s.c.g.r.RouteDefinitionRouteLocator    : Loaded RoutePredicateFactory [Path]
2026-02-21T15:00:43.581-05:00  INFO 5608 --- [api-gateway] [           main] o.s.c.g.r.RouteDefinitionRouteLocator    : Loaded RoutePredicateFactory [Query]
2026-02-21T15:00:43.581-05:00  INFO 5608 --- [api-gateway] [           main] o.s.c.g.r.RouteDefinitionRouteLocator    : Loaded RoutePredicateFactory [ReadBody]
2026-02-21T15:00:43.582-05:00  INFO 5608 --- [api-gateway] [           main] o.s.c.g.r.RouteDefinitionRouteLocator    : Loaded RoutePredicateFactory [RemoteAddr]
2026-02-21T15:00:43.582-05:00  INFO 5608 --- [api-gateway] [           main] o.s.c.g.r.RouteDefinitionRouteLocator    : Loaded RoutePredicateFactory [XForwardedRemoteAddr]
2026-02-21T15:00:43.582-05:00  INFO 5608 --- [api-gateway] [           main] o.s.c.g.r.RouteDefinitionRouteLocator    : Loaded RoutePredicateFactory [Weight]
2026-02-21T15:00:43.582-05:00  INFO 5608 --- [api-gateway] [           main] o.s.c.g.r.RouteDefinitionRouteLocator    : Loaded RoutePredicateFactory [CloudFoundryRouteService]
2026-02-21T15:00:43.710-05:00 DEBUG 5608 --- [api-gateway] [           main] o.s.w.r.handler.SimpleUrlHandlerMapping  : Patterns [/webjars/**, /**] in 'resourceHandlerMapping'
2026-02-21T15:00:43.765-05:00 DEBUG 5608 --- [api-gateway] [           main] o.s.w.r.r.m.a.ControllerMethodResolver   : ControllerAdvice beans: none
2026-02-21T15:00:43.806-05:00 DEBUG 5608 --- [api-gateway] [           main] o.s.w.s.adapter.HttpWebHandlerAdapter    : enableLoggingRequestDetails='false': form data and headers will be masked to prevent unsafe logging of potentially sensitive data
2026-02-21T15:00:44.077-05:00  INFO 5608 --- [api-gateway] [           main] DiscoveryClientOptionalArgsConfiguration : Eureka HTTP Client uses RestTemplate.
2026-02-21T15:00:44.155-05:00  WARN 5608 --- [api-gateway] [           main] s.w.s.StarterDeprecatedAutoConfiguration : 

**********************************************************

spring-cloud-starter-gateway is deprecated. It will be removed in the next major release. Please use spring-cloud-starter-gateway-server-webflux instead.

**********************************************************


2026-02-21T15:00:44.167-05:00  WARN 5608 --- [api-gateway] [           main] iguration$LoadBalancerCaffeineWarnLogger : Spring Cloud LoadBalancer is currently working with the default cache. While this cache implementation is useful for development and tests, it's recommended to use Caffeine cache in production.You can switch to using Caffeine cache, by adding it and org.springframework.cache.caffeine.CaffeineCacheManager to the classpath.
2026-02-21T15:00:44.214-05:00  INFO 5608 --- [api-gateway] [           main] o.s.c.n.eureka.InstanceInfoFactory       : Setting initial instance status as: STARTING
2026-02-21T15:00:44.303-05:00  INFO 5608 --- [api-gateway] [           main] com.netflix.discovery.DiscoveryClient    : Initializing Eureka in region us-east-1
2026-02-21T15:00:44.354-05:00  INFO 5608 --- [api-gateway] [           main] c.n.d.s.r.aws.ConfigClusterResolver      : Resolving eureka endpoints via configuration
2026-02-21T15:00:44.355-05:00 DEBUG 5608 --- [api-gateway] [           main] c.n.discovery.endpoint.EndpointUtils     : The availability zone for the given region us-east-1 are [defaultZone]
2026-02-21T15:00:44.358-05:00 DEBUG 5608 --- [api-gateway] [           main] c.n.d.s.r.aws.ConfigClusterResolver      : Config resolved to [AwsEndpoint{ serviceUrl='http://localhost:8761/eureka/', region='us-east-1', zone='defaultZone'}]
2026-02-21T15:00:44.359-05:00 DEBUG 5608 --- [api-gateway] [           main] c.n.d.s.r.a.ZoneAffinityClusterResolver  : Local zone=defaultZone; resolved to: [AwsEndpoint{ serviceUrl='http://localhost:8761/eureka/', region='us-east-1', zone='defaultZone'}]
2026-02-21T15:00:44.369-05:00  INFO 5608 --- [api-gateway] [           main] com.netflix.discovery.DiscoveryClient    : Disable delta property : false
2026-02-21T15:00:44.371-05:00  INFO 5608 --- [api-gateway] [           main] com.netflix.discovery.DiscoveryClient    : Single vip registry refresh property : null
2026-02-21T15:00:44.371-05:00  INFO 5608 --- [api-gateway] [           main] com.netflix.discovery.DiscoveryClient    : Force full registry fetch : false
2026-02-21T15:00:44.373-05:00  INFO 5608 --- [api-gateway] [           main] com.netflix.discovery.DiscoveryClient    : Application is null : false
2026-02-21T15:00:44.373-05:00  INFO 5608 --- [api-gateway] [           main] com.netflix.discovery.DiscoveryClient    : Registered Applications size is zero : true
2026-02-21T15:00:44.374-05:00  INFO 5608 --- [api-gateway] [           main] com.netflix.discovery.DiscoveryClient    : Application version is -1: true
2026-02-21T15:00:44.375-05:00  INFO 5608 --- [api-gateway] [           main] com.netflix.discovery.DiscoveryClient    : Getting all instance registry info from the eureka server
2026-02-21T15:00:44.375-05:00 DEBUG 5608 --- [api-gateway] [           main] c.n.d.s.t.d.SessionedEurekaHttpClient    : Ending a session and starting anew
2026-02-21T15:00:44.667-05:00 DEBUG 5608 --- [api-gateway] [           main] o.s.web.client.RestTemplate              : HTTP GET http://localhost:8761/eureka/apps/
2026-02-21T15:00:44.842-05:00 DEBUG 5608 --- [api-gateway] [           main] o.s.web.client.RestTemplate              : Accept=[application/json, application/*+json]
2026-02-21T15:00:44.924-05:00 DEBUG 5608 --- [api-gateway] [           main] o.s.web.client.RestTemplate              : Response 200 OK
2026-02-21T15:00:44.930-05:00 DEBUG 5608 --- [api-gateway] [           main] o.s.web.client.RestTemplate              : Reading to [org.springframework.cloud.netflix.eureka.http.EurekaApplications]
2026-02-21T15:00:44.988-05:00 DEBUG 5608 --- [api-gateway] [           main] c.n.d.s.t.d.RedirectingEurekaHttpClient  : Pinning to endpoint null
2026-02-21T15:00:44.991-05:00  INFO 5608 --- [api-gateway] [           main] com.netflix.discovery.DiscoveryClient    : The response status is 200
2026-02-21T15:00:44.992-05:00 DEBUG 5608 --- [api-gateway] [           main] com.netflix.discovery.DiscoveryClient    : Got full registry with apps hashcode UP_3_
2026-02-21T15:00:44.992-05:00 DEBUG 5608 --- [api-gateway] [           main] com.netflix.discovery.DiscoveryClient    : The total number of all instances in the client now is 3
2026-02-21T15:00:44.997-05:00  INFO 5608 --- [api-gateway] [           main] com.netflix.discovery.DiscoveryClient    : Starting heartbeat executor: renew interval is: 30
2026-02-21T15:00:44.999-05:00  INFO 5608 --- [api-gateway] [           main] c.n.discovery.InstanceInfoReplicator     : InstanceInfoReplicator onDemand update allowed rate per min is 4
2026-02-21T15:00:45.003-05:00  INFO 5608 --- [api-gateway] [           main] com.netflix.discovery.DiscoveryClient    : Discovery Client initialized at timestamp 1771704045000 with initial instances count: 3
2026-02-21T15:00:45.009-05:00  INFO 5608 --- [api-gateway] [           main] o.s.c.n.e.s.EurekaServiceRegistry        : Registering application API-GATEWAY with eureka with status UP
2026-02-21T15:00:45.010-05:00  INFO 5608 --- [api-gateway] [           main] com.netflix.discovery.DiscoveryClient    : Saw local status change event StatusChangeEvent [timestamp=1771704045010, current=UP, previous=STARTING]
2026-02-21T15:00:45.012-05:00 DEBUG 5608 --- [api-gateway] [foReplicator-%d] c.n.discovery.InstanceInfoReplicator     : Executing on-demand update of local InstanceInfo
2026-02-21T15:00:45.012-05:00 DEBUG 5608 --- [api-gateway] [foReplicator-%d] c.n.discovery.InstanceInfoReplicator     : Canceling the latest scheduled update, it will be rescheduled at the end of on demand update
2026-02-21T15:00:45.012-05:00  INFO 5608 --- [api-gateway] [foReplicator-%d] com.netflix.discovery.DiscoveryClient    : DiscoveryClient_API-GATEWAY/api-gateway:86f264d72bfdec4d2b20b7c0b711c37c: registering service...
2026-02-21T15:00:45.012-05:00 DEBUG 5608 --- [api-gateway] [foReplicator-%d] c.n.d.s.t.d.SessionedEurekaHttpClient    : Ending a session and starting anew
2026-02-21T15:00:45.021-05:00 DEBUG 5608 --- [api-gateway] [foReplicator-%d] o.s.web.client.RestTemplate              : HTTP POST http://localhost:8761/eureka/apps/API-GATEWAY
2026-02-21T15:00:45.024-05:00 DEBUG 5608 --- [api-gateway] [foReplicator-%d] o.s.web.client.RestTemplate              : Accept=[application/json, application/*+json]
2026-02-21T15:00:45.047-05:00 DEBUG 5608 --- [api-gateway] [foReplicator-%d] o.s.web.client.RestTemplate              : Writing [InstanceInfo [instanceId = api-gateway:86f264d72bfdec4d2b20b7c0b711c37c, appName = API-GATEWAY, hostName = LAPTOP-1RVSALIH.mshome.net, status = UP, ipAddr = 172.22.0.1, port = 8080, securePort = 443, dataCenterInfo = com.netflix.appinfo.MyDataCenterInfo@712c48ad] as "application/json"
2026-02-21T15:00:45.078-05:00 DEBUG 5608 --- [api-gateway] [foReplicator-%d] o.s.web.client.RestTemplate              : Response 204 NO_CONTENT
2026-02-21T15:00:45.078-05:00 DEBUG 5608 --- [api-gateway] [foReplicator-%d] c.n.d.s.t.d.RedirectingEurekaHttpClient  : Pinning to endpoint null
2026-02-21T15:00:45.078-05:00  INFO 5608 --- [api-gateway] [foReplicator-%d] com.netflix.discovery.DiscoveryClient    : DiscoveryClient_API-GATEWAY/api-gateway:86f264d72bfdec4d2b20b7c0b711c37c - registration status: 204
2026-02-21T15:00:45.116-05:00 DEBUG 5608 --- [api-gateway] [           main] o.s.c.g.r.RouteDefinitionRouteLocator    : RouteDefinition ReactiveCompositeDiscoveryClient_MS-SERVICIOS applying {pattern=/ms-servicios/**} to Path
2026-02-21T15:00:45.139-05:00 DEBUG 5608 --- [api-gateway] [           main] o.s.c.g.r.RouteDefinitionRouteLocator    : RouteDefinition ReactiveCompositeDiscoveryClient_MS-SERVICIOS applying filter {regexp=/ms-servicios/?(?<remaining>.*), replacement=/${remaining}} to RewritePath
2026-02-21T15:00:45.151-05:00 DEBUG 5608 --- [api-gateway] [           main] o.s.c.g.r.RouteDefinitionRouteLocator    : RouteDefinition matched: ReactiveCompositeDiscoveryClient_MS-SERVICIOS
2026-02-21T15:00:45.151-05:00 DEBUG 5608 --- [api-gateway] [           main] o.s.c.g.r.RouteDefinitionRouteLocator    : RouteDefinition ReactiveCompositeDiscoveryClient_MS-CLIENTES applying {pattern=/ms-clientes/**} to Path
2026-02-21T15:00:45.155-05:00 DEBUG 5608 --- [api-gateway] [           main] o.s.c.g.r.RouteDefinitionRouteLocator    : RouteDefinition ReactiveCompositeDiscoveryClient_MS-CLIENTES applying filter {regexp=/ms-clientes/?(?<remaining>.*), replacement=/${remaining}} to RewritePath
2026-02-21T15:00:45.156-05:00 DEBUG 5608 --- [api-gateway] [           main] o.s.c.g.r.RouteDefinitionRouteLocator    : RouteDefinition matched: ReactiveCompositeDiscoveryClient_MS-CLIENTES
2026-02-21T15:00:45.158-05:00 DEBUG 5608 --- [api-gateway] [           main] o.s.c.g.r.RouteDefinitionRouteLocator    : RouteDefinition ReactiveCompositeDiscoveryClient_MS-USERS applying {pattern=/ms-users/**} to Path
2026-02-21T15:00:45.160-05:00 DEBUG 5608 --- [api-gateway] [           main] o.s.c.g.r.RouteDefinitionRouteLocator    : RouteDefinition ReactiveCompositeDiscoveryClient_MS-USERS applying filter {regexp=/ms-users/?(?<remaining>.*), replacement=/${remaining}} to RewritePath
2026-02-21T15:00:45.161-05:00 DEBUG 5608 --- [api-gateway] [           main] o.s.c.g.r.RouteDefinitionRouteLocator    : RouteDefinition matched: ReactiveCompositeDiscoveryClient_MS-USERS
2026-02-21T15:00:45.164-05:00 DEBUG 5608 --- [api-gateway] [           main] o.s.c.g.r.RouteDefinitionRouteLocator    : RouteDefinition transportistas-service applying {_genkey_0=/api/transports/**} to Path
2026-02-21T15:00:45.166-05:00 DEBUG 5608 --- [api-gateway] [           main] o.s.c.g.r.RouteDefinitionRouteLocator    : RouteDefinition matched: transportistas-service
2026-02-21T15:00:45.167-05:00 DEBUG 5608 --- [api-gateway] [           main] o.s.c.g.r.RouteDefinitionRouteLocator    : RouteDefinition users-service applying {_genkey_0=/api/users/**} to Path
2026-02-21T15:00:45.169-05:00 DEBUG 5608 --- [api-gateway] [           main] o.s.c.g.r.RouteDefinitionRouteLocator    : RouteDefinition matched: users-service
2026-02-21T15:00:45.169-05:00 DEBUG 5608 --- [api-gateway] [           main] o.s.c.g.r.RouteDefinitionRouteLocator    : RouteDefinition auth-service applying {_genkey_0=/api/auth/**} to Path
2026-02-21T15:00:45.169-05:00 DEBUG 5608 --- [api-gateway] [           main] o.s.c.g.r.RouteDefinitionRouteLocator    : RouteDefinition matched: auth-service
2026-02-21T15:00:45.169-05:00 DEBUG 5608 --- [api-gateway] [           main] o.s.c.g.r.RouteDefinitionRouteLocator    : RouteDefinition clients-service applying {_genkey_0=/api/clients/**} to Path
2026-02-21T15:00:45.172-05:00 DEBUG 5608 --- [api-gateway] [           main] o.s.c.g.r.RouteDefinitionRouteLocator    : RouteDefinition matched: clients-service
2026-02-21T15:00:45.174-05:00 DEBUG 5608 --- [api-gateway] [           main] o.s.c.g.r.RouteDefinitionRouteLocator    : RouteDefinition shioments-service applying {_genkey_0=/api/shipments/**} to Path
2026-02-21T15:00:45.176-05:00 DEBUG 5608 --- [api-gateway] [           main] o.s.c.g.r.RouteDefinitionRouteLocator    : RouteDefinition matched: shioments-service
2026-02-21T15:00:45.176-05:00 DEBUG 5608 --- [api-gateway] [           main] o.s.c.g.r.RouteDefinitionRouteLocator    : RouteDefinition categories-service applying {_genkey_0=/api/categories/**} to Path
2026-02-21T15:00:45.179-05:00 DEBUG 5608 --- [api-gateway] [           main] o.s.c.g.r.RouteDefinitionRouteLocator    : RouteDefinition matched: categories-service
2026-02-21T15:00:45.180-05:00 DEBUG 5608 --- [api-gateway] [           main] o.s.c.g.r.RouteDefinitionRouteLocator    : RouteDefinition statuses-service applying {_genkey_0=/api/statuses/**} to Path
2026-02-21T15:00:45.181-05:00 DEBUG 5608 --- [api-gateway] [           main] o.s.c.g.r.RouteDefinitionRouteLocator    : RouteDefinition matched: statuses-service
2026-02-21T15:00:45.446-05:00  INFO 5608 --- [api-gateway] [           main] o.s.b.web.embedded.netty.NettyWebServer  : Netty started on port 8080 (http)
2026-02-21T15:00:45.448-05:00  INFO 5608 --- [api-gateway] [           main] .s.c.n.e.s.EurekaAutoServiceRegistration : Updating port to 8080
2026-02-21T15:00:45.472-05:00 DEBUG 5608 --- [api-gateway] [           main] o.s.c.g.r.RouteDefinitionRouteLocator    : RouteDefinition ReactiveCompositeDiscoveryClient_MS-SERVICIOS applying {pattern=/ms-servicios/**} to Path
2026-02-21T15:00:45.478-05:00 DEBUG 5608 --- [api-gateway] [           main] o.s.c.g.r.RouteDefinitionRouteLocator    : RouteDefinition ReactiveCompositeDiscoveryClient_MS-SERVICIOS applying filter {regexp=/ms-servicios/?(?<remaining>.*), replacement=/${remaining}} to RewritePath
2026-02-21T15:00:45.480-05:00 DEBUG 5608 --- [api-gateway] [           main] o.s.c.g.r.RouteDefinitionRouteLocator    : RouteDefinition matched: ReactiveCompositeDiscoveryClient_MS-SERVICIOS
2026-02-21T15:00:45.481-05:00 DEBUG 5608 --- [api-gateway] [           main] o.s.c.g.r.RouteDefinitionRouteLocator    : RouteDefinition ReactiveCompositeDiscoveryClient_MS-CLIENTES applying {pattern=/ms-clientes/**} to Path
2026-02-21T15:00:45.482-05:00 DEBUG 5608 --- [api-gateway] [           main] o.s.c.g.r.RouteDefinitionRouteLocator    : RouteDefinition ReactiveCompositeDiscoveryClient_MS-CLIENTES applying filter {regexp=/ms-clientes/?(?<remaining>.*), replacement=/${remaining}} to RewritePath
2026-02-21T15:00:45.484-05:00 DEBUG 5608 --- [api-gateway] [           main] o.s.c.g.r.RouteDefinitionRouteLocator    : RouteDefinition matched: ReactiveCompositeDiscoveryClient_MS-CLIENTES
2026-02-21T15:00:45.484-05:00 DEBUG 5608 --- [api-gateway] [           main] o.s.c.g.r.RouteDefinitionRouteLocator    : RouteDefinition ReactiveCompositeDiscoveryClient_MS-USERS applying {pattern=/ms-users/**} to Path
2026-02-21T15:00:45.487-05:00 DEBUG 5608 --- [api-gateway] [           main] o.s.c.g.r.RouteDefinitionRouteLocator    : RouteDefinition ReactiveCompositeDiscoveryClient_MS-USERS applying filter {regexp=/ms-users/?(?<remaining>.*), replacement=/${remaining}} to RewritePath
2026-02-21T15:00:45.488-05:00 DEBUG 5608 --- [api-gateway] [           main] o.s.c.g.r.RouteDefinitionRouteLocator    : RouteDefinition matched: ReactiveCompositeDiscoveryClient_MS-USERS
2026-02-21T15:00:45.488-05:00 DEBUG 5608 --- [api-gateway] [           main] o.s.c.g.r.RouteDefinitionRouteLocator    : RouteDefinition transportistas-service applying {_genkey_0=/api/transports/**} to Path
2026-02-21T15:00:45.489-05:00 DEBUG 5608 --- [api-gateway] [           main] o.s.c.g.r.RouteDefinitionRouteLocator    : RouteDefinition matched: transportistas-service
2026-02-21T15:00:45.490-05:00 DEBUG 5608 --- [api-gateway] [           main] o.s.c.g.r.RouteDefinitionRouteLocator    : RouteDefinition users-service applying {_genkey_0=/api/users/**} to Path
2026-02-21T15:00:45.492-05:00 DEBUG 5608 --- [api-gateway] [           main] o.s.c.g.r.RouteDefinitionRouteLocator    : RouteDefinition matched: users-service
2026-02-21T15:00:45.492-05:00 DEBUG 5608 --- [api-gateway] [           main] o.s.c.g.r.RouteDefinitionRouteLocator    : RouteDefinition auth-service applying {_genkey_0=/api/auth/**} to Path
2026-02-21T15:00:45.495-05:00 DEBUG 5608 --- [api-gateway] [           main] o.s.c.g.r.RouteDefinitionRouteLocator    : RouteDefinition matched: auth-service
2026-02-21T15:00:45.495-05:00 DEBUG 5608 --- [api-gateway] [           main] o.s.c.g.r.RouteDefinitionRouteLocator    : RouteDefinition clients-service applying {_genkey_0=/api/clients/**} to Path
2026-02-21T15:00:45.496-05:00 DEBUG 5608 --- [api-gateway] [           main] o.s.c.g.r.RouteDefinitionRouteLocator    : RouteDefinition matched: clients-service
2026-02-21T15:00:45.497-05:00 DEBUG 5608 --- [api-gateway] [           main] o.s.c.g.r.RouteDefinitionRouteLocator    : RouteDefinition shioments-service applying {_genkey_0=/api/shipments/**} to Path
2026-02-21T15:00:45.498-05:00 DEBUG 5608 --- [api-gateway] [           main] o.s.c.g.r.RouteDefinitionRouteLocator    : RouteDefinition matched: shioments-service
2026-02-21T15:00:45.498-05:00 DEBUG 5608 --- [api-gateway] [           main] o.s.c.g.r.RouteDefinitionRouteLocator    : RouteDefinition categories-service applying {_genkey_0=/api/categories/**} to Path
2026-02-21T15:00:45.500-05:00 DEBUG 5608 --- [api-gateway] [           main] o.s.c.g.r.RouteDefinitionRouteLocator    : RouteDefinition matched: categories-service
2026-02-21T15:00:45.500-05:00 DEBUG 5608 --- [api-gateway] [           main] o.s.c.g.r.RouteDefinitionRouteLocator    : RouteDefinition statuses-service applying {_genkey_0=/api/statuses/**} to Path
2026-02-21T15:00:45.502-05:00 DEBUG 5608 --- [api-gateway] [           main] o.s.c.g.r.RouteDefinitionRouteLocator    : RouteDefinition matched: statuses-service
2026-02-21T15:00:45.516-05:00  INFO 5608 --- [api-gateway] [           main] c.core.apigateway.ApiGatewayApplication  : Started ApiGatewayApplication in 6.17 seconds (process running for 6.821)
2026-02-21T15:00:45.521-05:00  WARN 5608 --- [api-gateway] [           main] ServerWebfluxPropertiesMigrationListener : 
The use of configuration keys that have been renamed was found in the environment:

Property source 'Config resource 'class path resource [application.yml]' via location 'optional:classpath:/'':
	Key: spring.cloud.gateway.routes[0].id
		Line: 31
		Replacement: spring.cloud.gateway.server.webflux.routes[0].id
	Key: spring.cloud.gateway.routes[0].uri
		Line: 32
		Replacement: spring.cloud.gateway.server.webflux.routes[0].uri
	Key: spring.cloud.gateway.routes[0].predicates[0]
		Line: 34
		Replacement: spring.cloud.gateway.server.webflux.routes[0].predicates[0]
	Key: spring.cloud.gateway.routes[1].id
		Line: 35
		Replacement: spring.cloud.gateway.server.webflux.routes[1].id
	Key: spring.cloud.gateway.routes[1].uri
		Line: 36
		Replacement: spring.cloud.gateway.server.webflux.routes[1].uri
	Key: spring.cloud.gateway.routes[1].predicates[0]
		Line: 38
		Replacement: spring.cloud.gateway.server.webflux.routes[1].predicates[0]
	Key: spring.cloud.gateway.routes[2].id
		Line: 39
		Replacement: spring.cloud.gateway.server.webflux.routes[2].id
	Key: spring.cloud.gateway.routes[2].uri
		Line: 40
		Replacement: spring.cloud.gateway.server.webflux.routes[2].uri
	Key: spring.cloud.gateway.routes[2].predicates[0]
		Line: 42
		Replacement: spring.cloud.gateway.server.webflux.routes[2].predicates[0]
	Key: spring.cloud.gateway.routes[3].id
		Line: 43
		Replacement: spring.cloud.gateway.server.webflux.routes[3].id
	Key: spring.cloud.gateway.routes[3].uri
		Line: 44
		Replacement: spring.cloud.gateway.server.webflux.routes[3].uri
	Key: spring.cloud.gateway.routes[3].predicates[0]
		Line: 46
		Replacement: spring.cloud.gateway.server.webflux.routes[3].predicates[0]
	Key: spring.cloud.gateway.routes[4].id
		Line: 47
		Replacement: spring.cloud.gateway.server.webflux.routes[4].id
	Key: spring.cloud.gateway.routes[4].uri
		Line: 48
		Replacement: spring.cloud.gateway.server.webflux.routes[4].uri
	Key: spring.cloud.gateway.routes[4].predicates[0]
		Line: 50
		Replacement: spring.cloud.gateway.server.webflux.routes[4].predicates[0]
	Key: spring.cloud.gateway.routes[5].id
		Line: 51
		Replacement: spring.cloud.gateway.server.webflux.routes[5].id
	Key: spring.cloud.gateway.routes[5].uri
		Line: 52
		Replacement: spring.cloud.gateway.server.webflux.routes[5].uri
	Key: spring.cloud.gateway.routes[5].predicates[0]
		Line: 54
		Replacement: spring.cloud.gateway.server.webflux.routes[5].predicates[0]
	Key: spring.cloud.gateway.routes[6].id
		Line: 55
		Replacement: spring.cloud.gateway.server.webflux.routes[6].id
	Key: spring.cloud.gateway.routes[6].uri
		Line: 56
		Replacement: spring.cloud.gateway.server.webflux.routes[6].uri
	Key: spring.cloud.gateway.routes[6].predicates[0]
		Line: 58
		Replacement: spring.cloud.gateway.server.webflux.routes[6].predicates[0]


Each configuration key has been temporarily mapped to its replacement for your convenience. To silence this warning, please update your configuration to use the new keys.

2026-02-21T15:00:45.524-05:00  WARN 5608 --- [api-gateway] [           main] o.s.b.c.p.m.PropertiesMigrationListener  : 
The use of configuration keys that have been renamed was found in the environment:

Property source 'Config resource 'class path resource [application.yml]' via location 'optional:classpath:/'':
	Key: spring.cloud.gateway.discovery.locator.enabled
		Line: 28
		Replacement: spring.cloud.gateway.server.webflux.discovery.locator.enabled
	Key: spring.cloud.gateway.discovery.locator.lower-case-service-id
		Line: 29
		Replacement: spring.cloud.gateway.server.webflux.discovery.locator.lower-case-service-id
	Key: spring.cloud.gateway.globalcors.corsconfigurations[/**].allowedorigins[0]
		Line: 13
		Replacement: spring.cloud.gateway.server.webflux.globalcors.cors-configurations[/**].allowedorigins[0]
	Key: spring.cloud.gateway.globalcors.corsconfigurations[/**].allowedorigins[1]
		Line: 14
		Replacement: spring.cloud.gateway.server.webflux.globalcors.cors-configurations[/**].allowedorigins[1]
	Key: spring.cloud.gateway.globalcors.corsconfigurations[/**].allowedmethods[0]
		Line: 16
		Replacement: spring.cloud.gateway.server.webflux.globalcors.cors-configurations[/**].allowedmethods[0]
	Key: spring.cloud.gateway.globalcors.corsconfigurations[/**].allowedmethods[1]
		Line: 17
		Replacement: spring.cloud.gateway.server.webflux.globalcors.cors-configurations[/**].allowedmethods[1]
	Key: spring.cloud.gateway.globalcors.corsconfigurations[/**].allowedmethods[2]
		Line: 18
		Replacement: spring.cloud.gateway.server.webflux.globalcors.cors-configurations[/**].allowedmethods[2]
	Key: spring.cloud.gateway.globalcors.corsconfigurations[/**].allowedmethods[3]
		Line: 19
		Replacement: spring.cloud.gateway.server.webflux.globalcors.cors-configurations[/**].allowedmethods[3]
	Key: spring.cloud.gateway.globalcors.corsconfigurations[/**].allowedmethods[4]
		Line: 20
		Replacement: spring.cloud.gateway.server.webflux.globalcors.cors-configurations[/**].allowedmethods[4]
	Key: spring.cloud.gateway.globalcors.corsconfigurations[/**].allowedmethods[5]
		Line: 21
		Replacement: spring.cloud.gateway.server.webflux.globalcors.cors-configurations[/**].allowedmethods[5]
	Key: spring.cloud.gateway.globalcors.corsconfigurations[/**].allowedheaders[0]
		Line: 23
		Replacement: spring.cloud.gateway.server.webflux.globalcors.cors-configurations[/**].allowedheaders[0]
	Key: spring.cloud.gateway.globalcors.corsconfigurations[/**].allowcredentials
		Line: 24
		Replacement: spring.cloud.gateway.server.webflux.globalcors.cors-configurations[/**].allowcredentials
	Key: spring.cloud.gateway.globalcors.corsconfigurations[/**].maxage
		Line: 25
		Replacement: spring.cloud.gateway.server.webflux.globalcors.cors-configurations[/**].maxage


Each configuration key has been temporarily mapped to its replacement for your convenience. To silence this warning, please update your configuration to use the new keys.

2026-02-21T15:01:08.246-05:00 DEBUG 5608 --- [api-gateway] [ctor-http-nio-2] o.s.w.s.adapter.HttpWebHandlerAdapter    : [e264f129-1] HTTP POST "/api/auth/login"
2026-02-21T15:01:08.272-05:00 DEBUG 5608 --- [api-gateway] [ctor-http-nio-2] o.s.c.g.h.RoutePredicateHandlerMapping   : Route matched: auth-service
2026-02-21T15:01:08.273-05:00 DEBUG 5608 --- [api-gateway] [ctor-http-nio-2] o.s.c.g.h.RoutePredicateHandlerMapping   : Mapping [Exchange: POST http://localhost:8080/api/auth/login] to Route{id='auth-service', uri=lb://ms-users, order=0, predicate=(RouteDefinitionRouteLocator$$Lambda/0x00000224ca69c000 && Paths: [/api/auth/**], match trailing slash: true), gatewayFilters=[], metadata={}}
2026-02-21T15:01:08.273-05:00 DEBUG 5608 --- [api-gateway] [ctor-http-nio-2] o.s.c.g.h.RoutePredicateHandlerMapping   : [e264f129-1] Mapped to org.springframework.cloud.gateway.handler.FilteringWebHandler@2e6d76ba
2026-02-21T15:01:08.275-05:00 DEBUG 5608 --- [api-gateway] [ctor-http-nio-2] o.s.c.g.handler.FilteringWebHandler      : Sorted gatewayFilterFactories: [[GatewayFilterAdapter{delegate=org.springframework.cloud.gateway.filter.RemoveCachedBodyFilter@5c3d4f05}, order = -2147483648], [GatewayFilterAdapter{delegate=org.springframework.cloud.gateway.filter.AdaptCachedBodyGlobalFilter@4c18516}, order = -2147482648], [GatewayFilterAdapter{delegate=org.springframework.cloud.gateway.filter.NettyWriteResponseFilter@4dc52559}, order = -1], [GatewayFilterAdapter{delegate=org.springframework.cloud.gateway.filter.ForwardPathFilter@62cbc478}, order = 0], [GatewayFilterAdapter{delegate=org.springframework.cloud.gateway.filter.RouteToRequestUrlFilter@119290b9}, order = 10000], [GatewayFilterAdapter{delegate=org.springframework.cloud.gateway.filter.ReactiveLoadBalancerClientFilter@463afa6e}, order = 10150], [GatewayFilterAdapter{delegate=org.springframework.cloud.gateway.filter.LoadBalancerServiceInstanceCookieFilter@7b96de8d}, order = 10151], [GatewayFilterAdapter{delegate=org.springframework.cloud.gateway.filter.WebsocketRoutingFilter@5438fa43}, order = 2147483646], [GatewayFilterAdapter{delegate=org.springframework.cloud.gateway.filter.NettyRoutingFilter@7ccd611e}, order = 2147483647], [GatewayFilterAdapter{delegate=org.springframework.cloud.gateway.filter.ForwardRoutingFilter@640d604}, order = 2147483647]]
2026-02-21T15:01:08.536-05:00 DEBUG 5608 --- [api-gateway] [ctor-http-nio-2] r.netty.http.client.HttpClientConnect    : [070df445-1, L:/172.22.0.1:63733 - R:/172.22.0.1:8084] Handler is being applied: {uri=http://172.22.0.1:8084/api/auth/login, method=POST}
2026-02-21T15:01:09.324-05:00 DEBUG 5608 --- [api-gateway] [ctor-http-nio-2] r.n.http.client.HttpClientOperations     : [070df445-1, L:/172.22.0.1:63733 - R:/172.22.0.1:8084] Received response (auto-read:false) : RESPONSE(decodeResult: success, version: HTTP/1.1)
HTTP/1.1 200 
X-Content-Type-Options: <filtered>
X-XSS-Protection: <filtered>
Cache-Control: <filtered>
Pragma: <filtered>
Expires: <filtered>
X-Frame-Options: <filtered>
Content-Type: <filtered>
Transfer-Encoding: <filtered>
Date: <filtered>
2026-02-21T15:01:09.347-05:00 DEBUG 5608 --- [api-gateway] [ctor-http-nio-2] r.n.http.client.HttpClientOperations     : [070df445-1, L:/172.22.0.1:63733 - R:/172.22.0.1:8084] Received last HTTP packet
2026-02-21T15:01:09.349-05:00 DEBUG 5608 --- [api-gateway] [ctor-http-nio-2] o.s.w.s.adapter.HttpWebHandlerAdapter    : [e264f129-1] Completed 200 OK
2026-02-21T15:01:15.000-05:00 DEBUG 5608 --- [api-gateway] [reshExecutor-%d] o.s.web.client.RestTemplate              : HTTP GET http://localhost:8761/eureka/apps/delta
2026-02-21T15:01:15.007-05:00 DEBUG 5608 --- [api-gateway] [reshExecutor-%d] o.s.web.client.RestTemplate              : Accept=[application/json, application/*+json]
2026-02-21T15:01:15.015-05:00 DEBUG 5608 --- [api-gateway] [beatExecutor-%d] o.s.web.client.RestTemplate              : HTTP PUT http://localhost:8761/eureka/apps/API-GATEWAY/api-gateway:86f264d72bfdec4d2b20b7c0b711c37c?status=UP&lastDirtyTimestamp=1771704045009
2026-02-21T15:01:15.018-05:00 DEBUG 5608 --- [api-gateway] [reshExecutor-%d] o.s.web.client.RestTemplate              : Response 200 OK
2026-02-21T15:01:15.019-05:00 DEBUG 5608 --- [api-gateway] [reshExecutor-%d] o.s.web.client.RestTemplate              : Reading to [org.springframework.cloud.netflix.eureka.http.EurekaApplications]
2026-02-21T15:01:15.021-05:00 DEBUG 5608 --- [api-gateway] [reshExecutor-%d] com.netflix.discovery.DiscoveryClient    : Got delta update with apps hashcode UP_5_
2026-02-21T15:01:15.023-05:00 DEBUG 5608 --- [api-gateway] [reshExecutor-%d] com.netflix.discovery.DiscoveryClient    : Added instance LAPTOP-1RVSALIH.mshome.net:ms-users:8084 to the existing apps in region null
2026-02-21T15:01:15.024-05:00 DEBUG 5608 --- [api-gateway] [reshExecutor-%d] com.netflix.discovery.DiscoveryClient    : Added instance LAPTOP-1RVSALIH.mshome.net:ms-clientes:8081 to the existing apps in region null
2026-02-21T15:01:15.024-05:00 DEBUG 5608 --- [api-gateway] [reshExecutor-%d] com.netflix.discovery.DiscoveryClient    : Added instance LAPTOP-1RVSALIH.mshome.net:ms-servicios:8082 to the existing apps in region null
2026-02-21T15:01:15.025-05:00 DEBUG 5608 --- [api-gateway] [reshExecutor-%d] com.netflix.discovery.DiscoveryClient    : Added instance LAPTOP-1RVSALIH.mshome.net:ms-transportistas:8083 to the existing apps in region null
2026-02-21T15:01:15.025-05:00 DEBUG 5608 --- [api-gateway] [reshExecutor-%d] com.netflix.discovery.DiscoveryClient    : Added instance api-gateway:86f264d72bfdec4d2b20b7c0b711c37c to the existing apps in region null
2026-02-21T15:01:15.025-05:00 DEBUG 5608 --- [api-gateway] [reshExecutor-%d] com.netflix.discovery.DiscoveryClient    : The total number of instances fetched by the delta processor : 5
2026-02-21T15:01:15.026-05:00 DEBUG 5608 --- [api-gateway] [reshExecutor-%d] com.netflix.discovery.DiscoveryClient    : The total number of all instances in the client now is 5
2026-02-21T15:01:15.031-05:00 DEBUG 5608 --- [api-gateway] [reshExecutor-%d] o.s.c.g.r.RouteDefinitionRouteLocator    : RouteDefinition ReactiveCompositeDiscoveryClient_API-GATEWAY applying {pattern=/api-gateway/**} to Path
2026-02-21T15:01:15.033-05:00 DEBUG 5608 --- [api-gateway] [reshExecutor-%d] o.s.c.g.r.RouteDefinitionRouteLocator    : RouteDefinition ReactiveCompositeDiscoveryClient_API-GATEWAY applying filter {regexp=/api-gateway/?(?<remaining>.*), replacement=/${remaining}} to RewritePath
2026-02-21T15:01:15.033-05:00 DEBUG 5608 --- [api-gateway] [beatExecutor-%d] o.s.web.client.RestTemplate              : Accept=[application/json, application/*+json]
2026-02-21T15:01:15.034-05:00 DEBUG 5608 --- [api-gateway] [reshExecutor-%d] o.s.c.g.r.RouteDefinitionRouteLocator    : RouteDefinition matched: ReactiveCompositeDiscoveryClient_API-GATEWAY
2026-02-21T15:01:15.035-05:00 DEBUG 5608 --- [api-gateway] [reshExecutor-%d] o.s.c.g.r.RouteDefinitionRouteLocator    : RouteDefinition ReactiveCompositeDiscoveryClient_MS-SERVICIOS applying {pattern=/ms-servicios/**} to Path
2026-02-21T15:01:15.036-05:00 DEBUG 5608 --- [api-gateway] [reshExecutor-%d] o.s.c.g.r.RouteDefinitionRouteLocator    : RouteDefinition ReactiveCompositeDiscoveryClient_MS-SERVICIOS applying filter {regexp=/ms-servicios/?(?<remaining>.*), replacement=/${remaining}} to RewritePath
2026-02-21T15:01:15.037-05:00 DEBUG 5608 --- [api-gateway] [reshExecutor-%d] o.s.c.g.r.RouteDefinitionRouteLocator    : RouteDefinition matched: ReactiveCompositeDiscoveryClient_MS-SERVICIOS
2026-02-21T15:01:15.038-05:00 DEBUG 5608 --- [api-gateway] [reshExecutor-%d] o.s.c.g.r.RouteDefinitionRouteLocator    : RouteDefinition ReactiveCompositeDiscoveryClient_MS-TRANSPORTISTAS applying {pattern=/ms-transportistas/**} to Path
2026-02-21T15:01:15.039-05:00 DEBUG 5608 --- [api-gateway] [reshExecutor-%d] o.s.c.g.r.RouteDefinitionRouteLocator    : RouteDefinition ReactiveCompositeDiscoveryClient_MS-TRANSPORTISTAS applying filter {regexp=/ms-transportistas/?(?<remaining>.*), replacement=/${remaining}} to RewritePath
2026-02-21T15:01:15.040-05:00 DEBUG 5608 --- [api-gateway] [reshExecutor-%d] o.s.c.g.r.RouteDefinitionRouteLocator    : RouteDefinition matched: ReactiveCompositeDiscoveryClient_MS-TRANSPORTISTAS
2026-02-21T15:01:15.041-05:00 DEBUG 5608 --- [api-gateway] [reshExecutor-%d] o.s.c.g.r.RouteDefinitionRouteLocator    : RouteDefinition ReactiveCompositeDiscoveryClient_MS-CLIENTES applying {pattern=/ms-clientes/**} to Path
2026-02-21T15:01:15.042-05:00 DEBUG 5608 --- [api-gateway] [reshExecutor-%d] o.s.c.g.r.RouteDefinitionRouteLocator    : RouteDefinition ReactiveCompositeDiscoveryClient_MS-CLIENTES applying filter {regexp=/ms-clientes/?(?<remaining>.*), replacement=/${remaining}} to RewritePath
2026-02-21T15:01:15.043-05:00 DEBUG 5608 --- [api-gateway] [reshExecutor-%d] o.s.c.g.r.RouteDefinitionRouteLocator    : RouteDefinition matched: ReactiveCompositeDiscoveryClient_MS-CLIENTES
2026-02-21T15:01:15.045-05:00 DEBUG 5608 --- [api-gateway] [reshExecutor-%d] o.s.c.g.r.RouteDefinitionRouteLocator    : RouteDefinition ReactiveCompositeDiscoveryClient_MS-USERS applying {pattern=/ms-users/**} to Path
2026-02-21T15:01:15.046-05:00 DEBUG 5608 --- [api-gateway] [reshExecutor-%d] o.s.c.g.r.RouteDefinitionRouteLocator    : RouteDefinition ReactiveCompositeDiscoveryClient_MS-USERS applying filter {regexp=/ms-users/?(?<remaining>.*), replacement=/${remaining}} to RewritePath
2026-02-21T15:01:15.047-05:00 DEBUG 5608 --- [api-gateway] [reshExecutor-%d] o.s.c.g.r.RouteDefinitionRouteLocator    : RouteDefinition matched: ReactiveCompositeDiscoveryClient_MS-USERS
2026-02-21T15:01:15.048-05:00 DEBUG 5608 --- [api-gateway] [beatExecutor-%d] o.s.web.client.RestTemplate              : Response 200 OK
2026-02-21T15:01:15.048-05:00 DEBUG 5608 --- [api-gateway] [reshExecutor-%d] o.s.c.g.r.RouteDefinitionRouteLocator    : RouteDefinition transportistas-service applying {_genkey_0=/api/transports/**} to Path
2026-02-21T15:01:15.048-05:00 DEBUG 5608 --- [api-gateway] [beatExecutor-%d] com.netflix.discovery.DiscoveryClient    : DiscoveryClient_API-GATEWAY/api-gateway:86f264d72bfdec4d2b20b7c0b711c37c - Heartbeat status: 200
2026-02-21T15:01:15.049-05:00 DEBUG 5608 --- [api-gateway] [reshExecutor-%d] o.s.c.g.r.RouteDefinitionRouteLocator    : RouteDefinition matched: transportistas-service
2026-02-21T15:01:15.050-05:00 DEBUG 5608 --- [api-gateway] [reshExecutor-%d] o.s.c.g.r.RouteDefinitionRouteLocator    : RouteDefinition users-service applying {_genkey_0=/api/users/**} to Path
2026-02-21T15:01:15.051-05:00 DEBUG 5608 --- [api-gateway] [reshExecutor-%d] o.s.c.g.r.RouteDefinitionRouteLocator    : RouteDefinition matched: users-service
2026-02-21T15:01:15.051-05:00 DEBUG 5608 --- [api-gateway] [reshExecutor-%d] o.s.c.g.r.RouteDefinitionRouteLocator    : RouteDefinition auth-service applying {_genkey_0=/api/auth/**} to Path
2026-02-21T15:01:15.052-05:00 DEBUG 5608 --- [api-gateway] [reshExecutor-%d] o.s.c.g.r.RouteDefinitionRouteLocator    : RouteDefinition matched: auth-service
2026-02-21T15:01:15.053-05:00 DEBUG 5608 --- [api-gateway] [reshExecutor-%d] o.s.c.g.r.RouteDefinitionRouteLocator    : RouteDefinition clients-service applying {_genkey_0=/api/clients/**} to Path
2026-02-21T15:01:15.055-05:00 DEBUG 5608 --- [api-gateway] [reshExecutor-%d] o.s.c.g.r.RouteDefinitionRouteLocator    : RouteDefinition matched: clients-service
2026-02-21T15:01:15.056-05:00 DEBUG 5608 --- [api-gateway] [reshExecutor-%d] o.s.c.g.r.RouteDefinitionRouteLocator    : RouteDefinition shioments-service applying {_genkey_0=/api/shipments/**} to Path
2026-02-21T15:01:15.057-05:00 DEBUG 5608 --- [api-gateway] [reshExecutor-%d] o.s.c.g.r.RouteDefinitionRouteLocator    : RouteDefinition matched: shioments-service
2026-02-21T15:01:15.058-05:00 DEBUG 5608 --- [api-gateway] [reshExecutor-%d] o.s.c.g.r.RouteDefinitionRouteLocator    : RouteDefinition categories-service applying {_genkey_0=/api/categories/**} to Path
2026-02-21T15:01:15.059-05:00 DEBUG 5608 --- [api-gateway] [reshExecutor-%d] o.s.c.g.r.RouteDefinitionRouteLocator    : RouteDefinition matched: categories-service
2026-02-21T15:01:15.060-05:00 DEBUG 5608 --- [api-gateway] [reshExecutor-%d] o.s.c.g.r.RouteDefinitionRouteLocator    : RouteDefinition statuses-service applying {_genkey_0=/api/statuses/**} to Path
2026-02-21T15:01:15.061-05:00 DEBUG 5608 --- [api-gateway] [reshExecutor-%d] o.s.c.g.r.RouteDefinitionRouteLocator    : RouteDefinition matched: statuses-service
2026-02-21T15:01:15.062-05:00 DEBUG 5608 --- [api-gateway] [reshExecutor-%d] com.netflix.discovery.DiscoveryClient    : Completed cache refresh task for discovery. All Apps hash code is Local region apps hashcode: UP_5_, is fetching remote regions? false 
2026-02-21T15:01:42.634-05:00 DEBUG 5608 --- [api-gateway] [ctor-http-nio-3] o.s.w.s.adapter.HttpWebHandlerAdapter    : [92e1acb8-2] HTTP POST "/api/auth/login"
2026-02-21T15:01:42.677-05:00 DEBUG 5608 --- [api-gateway] [ctor-http-nio-3] o.s.c.g.h.RoutePredicateHandlerMapping   : Route matched: auth-service
2026-02-21T15:01:42.679-05:00 DEBUG 5608 --- [api-gateway] [ctor-http-nio-3] o.s.c.g.h.RoutePredicateHandlerMapping   : Mapping [Exchange: POST http://localhost:8080/api/auth/login] to Route{id='auth-service', uri=lb://ms-users, order=0, predicate=(RouteDefinitionRouteLocator$$Lambda/0x00000224ca69c000 && Paths: [/api/auth/**], match trailing slash: true), gatewayFilters=[], metadata={}}
2026-02-21T15:01:42.680-05:00 DEBUG 5608 --- [api-gateway] [ctor-http-nio-3] o.s.c.g.h.RoutePredicateHandlerMapping   : [92e1acb8-2] Mapped to org.springframework.cloud.gateway.handler.FilteringWebHandler@2e6d76ba
2026-02-21T15:01:42.680-05:00 DEBUG 5608 --- [api-gateway] [ctor-http-nio-3] o.s.c.g.handler.FilteringWebHandler      : Sorted gatewayFilterFactories: [[GatewayFilterAdapter{delegate=org.springframework.cloud.gateway.filter.RemoveCachedBodyFilter@5c3d4f05}, order = -2147483648], [GatewayFilterAdapter{delegate=org.springframework.cloud.gateway.filter.AdaptCachedBodyGlobalFilter@4c18516}, order = -2147482648], [GatewayFilterAdapter{delegate=org.springframework.cloud.gateway.filter.NettyWriteResponseFilter@4dc52559}, order = -1], [GatewayFilterAdapter{delegate=org.springframework.cloud.gateway.filter.ForwardPathFilter@62cbc478}, order = 0], [GatewayFilterAdapter{delegate=org.springframework.cloud.gateway.filter.RouteToRequestUrlFilter@119290b9}, order = 10000], [GatewayFilterAdapter{delegate=org.springframework.cloud.gateway.filter.ReactiveLoadBalancerClientFilter@463afa6e}, order = 10150], [GatewayFilterAdapter{delegate=org.springframework.cloud.gateway.filter.LoadBalancerServiceInstanceCookieFilter@7b96de8d}, order = 10151], [GatewayFilterAdapter{delegate=org.springframework.cloud.gateway.filter.WebsocketRoutingFilter@5438fa43}, order = 2147483646], [GatewayFilterAdapter{delegate=org.springframework.cloud.gateway.filter.NettyRoutingFilter@7ccd611e}, order = 2147483647], [GatewayFilterAdapter{delegate=org.springframework.cloud.gateway.filter.ForwardRoutingFilter@640d604}, order = 2147483647]]
2026-02-21T15:01:42.683-05:00 DEBUG 5608 --- [api-gateway] [ctor-http-nio-2] r.netty.http.client.HttpClientConnect    : [070df445-2, L:/172.22.0.1:63733 - R:/172.22.0.1:8084] Handler is being applied: {uri=http://172.22.0.1:8084/api/auth/login, method=POST}
2026-02-21T15:01:42.980-05:00 DEBUG 5608 --- [api-gateway] [ctor-http-nio-2] r.n.http.client.HttpClientOperations     : [070df445-2, L:/172.22.0.1:63733 - R:/172.22.0.1:8084] Received response (auto-read:false) : RESPONSE(decodeResult: success, version: HTTP/1.1)
HTTP/1.1 200 
X-Content-Type-Options: <filtered>
X-XSS-Protection: <filtered>
Cache-Control: <filtered>
Pragma: <filtered>
Expires: <filtered>
X-Frame-Options: <filtered>
Content-Type: <filtered>
Transfer-Encoding: <filtered>
Date: <filtered>
2026-02-21T15:01:43.026-05:00 DEBUG 5608 --- [api-gateway] [ctor-http-nio-2] r.n.http.client.HttpClientOperations     : [070df445-2, L:/172.22.0.1:63733 - R:/172.22.0.1:8084] Received last HTTP packet
2026-02-21T15:01:43.030-05:00 DEBUG 5608 --- [api-gateway] [ctor-http-nio-3] o.s.w.s.adapter.HttpWebHandlerAdapter    : [92e1acb8-2] Completed 200 OK
2026-02-21T15:01:43.043-05:00 DEBUG 5608 --- [api-gateway] [ctor-http-nio-3] o.s.w.s.adapter.HttpWebHandlerAdapter    : [92e1acb8-3] HTTP GET "/api/users?role=TRANSPORTER"
2026-02-21T15:01:43.045-05:00 DEBUG 5608 --- [api-gateway] [ctor-http-nio-3] o.s.c.g.h.RoutePredicateHandlerMapping   : Route matched: users-service
2026-02-21T15:01:43.045-05:00 DEBUG 5608 --- [api-gateway] [ctor-http-nio-3] o.s.c.g.h.RoutePredicateHandlerMapping   : Mapping [Exchange: GET http://localhost:8080/api/users?role=TRANSPORTER] to Route{id='users-service', uri=lb://ms-users, order=0, predicate=(RouteDefinitionRouteLocator$$Lambda/0x00000224ca69c000 && Paths: [/api/users/**], match trailing slash: true), gatewayFilters=[], metadata={}}
2026-02-21T15:01:43.045-05:00 DEBUG 5608 --- [api-gateway] [ctor-http-nio-3] o.s.c.g.h.RoutePredicateHandlerMapping   : [92e1acb8-3] Mapped to org.springframework.cloud.gateway.handler.FilteringWebHandler@2e6d76ba
2026-02-21T15:01:43.045-05:00 DEBUG 5608 --- [api-gateway] [ctor-http-nio-4] o.s.w.s.adapter.HttpWebHandlerAdapter    : [3c5910e8-4] HTTP GET "/api/transports"
2026-02-21T15:01:43.045-05:00 DEBUG 5608 --- [api-gateway] [ctor-http-nio-3] o.s.c.g.handler.FilteringWebHandler      : Sorted gatewayFilterFactories: [[GatewayFilterAdapter{delegate=org.springframework.cloud.gateway.filter.RemoveCachedBodyFilter@5c3d4f05}, order = -2147483648], [GatewayFilterAdapter{delegate=org.springframework.cloud.gateway.filter.AdaptCachedBodyGlobalFilter@4c18516}, order = -2147482648], [GatewayFilterAdapter{delegate=org.springframework.cloud.gateway.filter.NettyWriteResponseFilter@4dc52559}, order = -1], [GatewayFilterAdapter{delegate=org.springframework.cloud.gateway.filter.ForwardPathFilter@62cbc478}, order = 0], [GatewayFilterAdapter{delegate=org.springframework.cloud.gateway.filter.RouteToRequestUrlFilter@119290b9}, order = 10000], [GatewayFilterAdapter{delegate=org.springframework.cloud.gateway.filter.ReactiveLoadBalancerClientFilter@463afa6e}, order = 10150], [GatewayFilterAdapter{delegate=org.springframework.cloud.gateway.filter.LoadBalancerServiceInstanceCookieFilter@7b96de8d}, order = 10151], [GatewayFilterAdapter{delegate=org.springframework.cloud.gateway.filter.WebsocketRoutingFilter@5438fa43}, order = 2147483646], [GatewayFilterAdapter{delegate=org.springframework.cloud.gateway.filter.NettyRoutingFilter@7ccd611e}, order = 2147483647], [GatewayFilterAdapter{delegate=org.springframework.cloud.gateway.filter.ForwardRoutingFilter@640d604}, order = 2147483647]]
2026-02-21T15:01:43.049-05:00 DEBUG 5608 --- [api-gateway] [ctor-http-nio-4] o.s.c.g.h.RoutePredicateHandlerMapping   : Route matched: transportistas-service
2026-02-21T15:01:43.049-05:00 DEBUG 5608 --- [api-gateway] [ctor-http-nio-4] o.s.c.g.h.RoutePredicateHandlerMapping   : Mapping [Exchange: GET http://localhost:8080/api/transports] to Route{id='transportistas-service', uri=lb://ms-transportistas, order=0, predicate=(RouteDefinitionRouteLocator$$Lambda/0x00000224ca69c000 && Paths: [/api/transports/**], match trailing slash: true), gatewayFilters=[], metadata={}}
2026-02-21T15:01:43.050-05:00 DEBUG 5608 --- [api-gateway] [ctor-http-nio-4] o.s.c.g.h.RoutePredicateHandlerMapping   : [3c5910e8-4] Mapped to org.springframework.cloud.gateway.handler.FilteringWebHandler@2e6d76ba
2026-02-21T15:01:43.051-05:00 DEBUG 5608 --- [api-gateway] [ctor-http-nio-2] r.netty.http.client.HttpClientConnect    : [070df445-3, L:/172.22.0.1:63733 - R:/172.22.0.1:8084] Handler is being applied: {uri=http://172.22.0.1:8084/api/users?role=TRANSPORTER, method=GET}
2026-02-21T15:01:43.051-05:00 DEBUG 5608 --- [api-gateway] [ctor-http-nio-4] o.s.c.g.handler.FilteringWebHandler      : Sorted gatewayFilterFactories: [[GatewayFilterAdapter{delegate=org.springframework.cloud.gateway.filter.RemoveCachedBodyFilter@5c3d4f05}, order = -2147483648], [GatewayFilterAdapter{delegate=org.springframework.cloud.gateway.filter.AdaptCachedBodyGlobalFilter@4c18516}, order = -2147482648], [GatewayFilterAdapter{delegate=org.springframework.cloud.gateway.filter.NettyWriteResponseFilter@4dc52559}, order = -1], [GatewayFilterAdapter{delegate=org.springframework.cloud.gateway.filter.ForwardPathFilter@62cbc478}, order = 0], [GatewayFilterAdapter{delegate=org.springframework.cloud.gateway.filter.RouteToRequestUrlFilter@119290b9}, order = 10000], [GatewayFilterAdapter{delegate=org.springframework.cloud.gateway.filter.ReactiveLoadBalancerClientFilter@463afa6e}, order = 10150], [GatewayFilterAdapter{delegate=org.springframework.cloud.gateway.filter.LoadBalancerServiceInstanceCookieFilter@7b96de8d}, order = 10151], [GatewayFilterAdapter{delegate=org.springframework.cloud.gateway.filter.WebsocketRoutingFilter@5438fa43}, order = 2147483646], [GatewayFilterAdapter{delegate=org.springframework.cloud.gateway.filter.NettyRoutingFilter@7ccd611e}, order = 2147483647], [GatewayFilterAdapter{delegate=org.springframework.cloud.gateway.filter.ForwardRoutingFilter@640d604}, order = 2147483647]]
2026-02-21T15:01:43.055-05:00 DEBUG 5608 --- [api-gateway] [ctor-http-nio-5] o.s.w.s.adapter.HttpWebHandlerAdapter    : [5be2d8bf-5] HTTP GET "/api/clients"
2026-02-21T15:01:43.057-05:00 DEBUG 5608 --- [api-gateway] [ctor-http-nio-5] o.s.c.g.h.RoutePredicateHandlerMapping   : Route matched: clients-service
2026-02-21T15:01:43.057-05:00 DEBUG 5608 --- [api-gateway] [ctor-http-nio-6] o.s.w.s.adapter.HttpWebHandlerAdapter    : [1b9b0d22-6] HTTP GET "/api/categories"
2026-02-21T15:01:43.057-05:00 DEBUG 5608 --- [api-gateway] [ctor-http-nio-7] o.s.w.s.adapter.HttpWebHandlerAdapter    : [32314d30-7] HTTP GET "/api/statuses"
2026-02-21T15:01:43.059-05:00 DEBUG 5608 --- [api-gateway] [ctor-http-nio-5] o.s.c.g.h.RoutePredicateHandlerMapping   : Mapping [Exchange: GET http://localhost:8080/api/clients] to Route{id='clients-service', uri=lb://ms-clientes, order=0, predicate=(RouteDefinitionRouteLocator$$Lambda/0x00000224ca69c000 && Paths: [/api/clients/**], match trailing slash: true), gatewayFilters=[], metadata={}}
2026-02-21T15:01:43.062-05:00 DEBUG 5608 --- [api-gateway] [ctor-http-nio-7] o.s.c.g.h.RoutePredicateHandlerMapping   : Route matched: statuses-service
2026-02-21T15:01:43.062-05:00 DEBUG 5608 --- [api-gateway] [ctor-http-nio-5] o.s.c.g.h.RoutePredicateHandlerMapping   : [5be2d8bf-5] Mapped to org.springframework.cloud.gateway.handler.FilteringWebHandler@2e6d76ba
2026-02-21T15:01:43.062-05:00 DEBUG 5608 --- [api-gateway] [ctor-http-nio-6] o.s.c.g.h.RoutePredicateHandlerMapping   : Route matched: categories-service
2026-02-21T15:01:43.062-05:00 DEBUG 5608 --- [api-gateway] [ctor-http-nio-8] o.s.w.s.adapter.HttpWebHandlerAdapter    : [da49dbff-8] HTTP GET "/api/shipments"
2026-02-21T15:01:43.063-05:00 DEBUG 5608 --- [api-gateway] [ctor-http-nio-7] o.s.c.g.h.RoutePredicateHandlerMapping   : Mapping [Exchange: GET http://localhost:8080/api/statuses] to Route{id='statuses-service', uri=lb://ms-servicios, order=0, predicate=(RouteDefinitionRouteLocator$$Lambda/0x00000224ca69c000 && Paths: [/api/statuses/**], match trailing slash: true), gatewayFilters=[], metadata={}}
2026-02-21T15:01:43.064-05:00 DEBUG 5608 --- [api-gateway] [ctor-http-nio-5] o.s.c.g.handler.FilteringWebHandler      : Sorted gatewayFilterFactories: [[GatewayFilterAdapter{delegate=org.springframework.cloud.gateway.filter.RemoveCachedBodyFilter@5c3d4f05}, order = -2147483648], [GatewayFilterAdapter{delegate=org.springframework.cloud.gateway.filter.AdaptCachedBodyGlobalFilter@4c18516}, order = -2147482648], [GatewayFilterAdapter{delegate=org.springframework.cloud.gateway.filter.NettyWriteResponseFilter@4dc52559}, order = -1], [GatewayFilterAdapter{delegate=org.springframework.cloud.gateway.filter.ForwardPathFilter@62cbc478}, order = 0], [GatewayFilterAdapter{delegate=org.springframework.cloud.gateway.filter.RouteToRequestUrlFilter@119290b9}, order = 10000], [GatewayFilterAdapter{delegate=org.springframework.cloud.gateway.filter.ReactiveLoadBalancerClientFilter@463afa6e}, order = 10150], [GatewayFilterAdapter{delegate=org.springframework.cloud.gateway.filter.LoadBalancerServiceInstanceCookieFilter@7b96de8d}, order = 10151], [GatewayFilterAdapter{delegate=org.springframework.cloud.gateway.filter.WebsocketRoutingFilter@5438fa43}, order = 2147483646], [GatewayFilterAdapter{delegate=org.springframework.cloud.gateway.filter.NettyRoutingFilter@7ccd611e}, order = 2147483647], [GatewayFilterAdapter{delegate=org.springframework.cloud.gateway.filter.ForwardRoutingFilter@640d604}, order = 2147483647]]
2026-02-21T15:01:43.064-05:00 DEBUG 5608 --- [api-gateway] [ctor-http-nio-6] o.s.c.g.h.RoutePredicateHandlerMapping   : Mapping [Exchange: GET http://localhost:8080/api/categories] to Route{id='categories-service', uri=lb://ms-servicios, order=0, predicate=(RouteDefinitionRouteLocator$$Lambda/0x00000224ca69c000 && Paths: [/api/categories/**], match trailing slash: true), gatewayFilters=[], metadata={}}
2026-02-21T15:01:43.065-05:00 DEBUG 5608 --- [api-gateway] [ctor-http-nio-7] o.s.c.g.h.RoutePredicateHandlerMapping   : [32314d30-7] Mapped to org.springframework.cloud.gateway.handler.FilteringWebHandler@2e6d76ba
2026-02-21T15:01:43.065-05:00 DEBUG 5608 --- [api-gateway] [ctor-http-nio-8] o.s.c.g.h.RoutePredicateHandlerMapping   : Route matched: shioments-service
2026-02-21T15:01:43.065-05:00 DEBUG 5608 --- [api-gateway] [ctor-http-nio-6] o.s.c.g.h.RoutePredicateHandlerMapping   : [1b9b0d22-6] Mapped to org.springframework.cloud.gateway.handler.FilteringWebHandler@2e6d76ba
2026-02-21T15:01:43.066-05:00 DEBUG 5608 --- [api-gateway] [ctor-http-nio-7] o.s.c.g.handler.FilteringWebHandler      : Sorted gatewayFilterFactories: [[GatewayFilterAdapter{delegate=org.springframework.cloud.gateway.filter.RemoveCachedBodyFilter@5c3d4f05}, order = -2147483648], [GatewayFilterAdapter{delegate=org.springframework.cloud.gateway.filter.AdaptCachedBodyGlobalFilter@4c18516}, order = -2147482648], [GatewayFilterAdapter{delegate=org.springframework.cloud.gateway.filter.NettyWriteResponseFilter@4dc52559}, order = -1], [GatewayFilterAdapter{delegate=org.springframework.cloud.gateway.filter.ForwardPathFilter@62cbc478}, order = 0], [GatewayFilterAdapter{delegate=org.springframework.cloud.gateway.filter.RouteToRequestUrlFilter@119290b9}, order = 10000], [GatewayFilterAdapter{delegate=org.springframework.cloud.gateway.filter.ReactiveLoadBalancerClientFilter@463afa6e}, order = 10150], [GatewayFilterAdapter{delegate=org.springframework.cloud.gateway.filter.LoadBalancerServiceInstanceCookieFilter@7b96de8d}, order = 10151], [GatewayFilterAdapter{delegate=org.springframework.cloud.gateway.filter.WebsocketRoutingFilter@5438fa43}, order = 2147483646], [GatewayFilterAdapter{delegate=org.springframework.cloud.gateway.filter.NettyRoutingFilter@7ccd611e}, order = 2147483647], [GatewayFilterAdapter{delegate=org.springframework.cloud.gateway.filter.ForwardRoutingFilter@640d604}, order = 2147483647]]
2026-02-21T15:01:43.067-05:00 DEBUG 5608 --- [api-gateway] [ctor-http-nio-8] o.s.c.g.h.RoutePredicateHandlerMapping   : Mapping [Exchange: GET http://localhost:8080/api/shipments] to Route{id='shioments-service', uri=lb://ms-servicios, order=0, predicate=(RouteDefinitionRouteLocator$$Lambda/0x00000224ca69c000 && Paths: [/api/shipments/**], match trailing slash: true), gatewayFilters=[], metadata={}}
2026-02-21T15:01:43.067-05:00 DEBUG 5608 --- [api-gateway] [ctor-http-nio-6] o.s.c.g.handler.FilteringWebHandler      : Sorted gatewayFilterFactories: [[GatewayFilterAdapter{delegate=org.springframework.cloud.gateway.filter.RemoveCachedBodyFilter@5c3d4f05}, order = -2147483648], [GatewayFilterAdapter{delegate=org.springframework.cloud.gateway.filter.AdaptCachedBodyGlobalFilter@4c18516}, order = -2147482648], [GatewayFilterAdapter{delegate=org.springframework.cloud.gateway.filter.NettyWriteResponseFilter@4dc52559}, order = -1], [GatewayFilterAdapter{delegate=org.springframework.cloud.gateway.filter.ForwardPathFilter@62cbc478}, order = 0], [GatewayFilterAdapter{delegate=org.springframework.cloud.gateway.filter.RouteToRequestUrlFilter@119290b9}, order = 10000], [GatewayFilterAdapter{delegate=org.springframework.cloud.gateway.filter.ReactiveLoadBalancerClientFilter@463afa6e}, order = 10150], [GatewayFilterAdapter{delegate=org.springframework.cloud.gateway.filter.LoadBalancerServiceInstanceCookieFilter@7b96de8d}, order = 10151], [GatewayFilterAdapter{delegate=org.springframework.cloud.gateway.filter.WebsocketRoutingFilter@5438fa43}, order = 2147483646], [GatewayFilterAdapter{delegate=org.springframework.cloud.gateway.filter.NettyRoutingFilter@7ccd611e}, order = 2147483647], [GatewayFilterAdapter{delegate=org.springframework.cloud.gateway.filter.ForwardRoutingFilter@640d604}, order = 2147483647]]
2026-02-21T15:01:43.067-05:00 DEBUG 5608 --- [api-gateway] [ctor-http-nio-8] o.s.c.g.h.RoutePredicateHandlerMapping   : [da49dbff-8] Mapped to org.springframework.cloud.gateway.handler.FilteringWebHandler@2e6d76ba
2026-02-21T15:01:43.069-05:00 DEBUG 5608 --- [api-gateway] [ctor-http-nio-8] o.s.c.g.handler.FilteringWebHandler      : Sorted gatewayFilterFactories: [[GatewayFilterAdapter{delegate=org.springframework.cloud.gateway.filter.RemoveCachedBodyFilter@5c3d4f05}, order = -2147483648], [GatewayFilterAdapter{delegate=org.springframework.cloud.gateway.filter.AdaptCachedBodyGlobalFilter@4c18516}, order = -2147482648], [GatewayFilterAdapter{delegate=org.springframework.cloud.gateway.filter.NettyWriteResponseFilter@4dc52559}, order = -1], [GatewayFilterAdapter{delegate=org.springframework.cloud.gateway.filter.ForwardPathFilter@62cbc478}, order = 0], [GatewayFilterAdapter{delegate=org.springframework.cloud.gateway.filter.RouteToRequestUrlFilter@119290b9}, order = 10000], [GatewayFilterAdapter{delegate=org.springframework.cloud.gateway.filter.ReactiveLoadBalancerClientFilter@463afa6e}, order = 10150], [GatewayFilterAdapter{delegate=org.springframework.cloud.gateway.filter.LoadBalancerServiceInstanceCookieFilter@7b96de8d}, order = 10151], [GatewayFilterAdapter{delegate=org.springframework.cloud.gateway.filter.WebsocketRoutingFilter@5438fa43}, order = 2147483646], [GatewayFilterAdapter{delegate=org.springframework.cloud.gateway.filter.NettyRoutingFilter@7ccd611e}, order = 2147483647], [GatewayFilterAdapter{delegate=org.springframework.cloud.gateway.filter.ForwardRoutingFilter@640d604}, order = 2147483647]]
2026-02-21T15:01:43.102-05:00 DEBUG 5608 --- [api-gateway] [ctor-http-nio-4] r.netty.http.client.HttpClientConnect    : [4c0c5f65-1, L:/172.22.0.1:54934 - R:/172.22.0.1:8083] Handler is being applied: {uri=http://172.22.0.1:8083/api/transports, method=GET}
2026-02-21T15:01:43.136-05:00 DEBUG 5608 --- [api-gateway] [ctor-http-nio-7] r.netty.http.client.HttpClientConnect    : [55d656aa-1, L:/172.22.0.1:54935 - R:/172.22.0.1:8082] Handler is being applied: {uri=http://172.22.0.1:8082/api/statuses, method=GET}
2026-02-21T15:01:43.136-05:00 DEBUG 5608 --- [api-gateway] [ctor-http-nio-6] r.netty.http.client.HttpClientConnect    : [2f839feb-1, L:/172.22.0.1:54936 - R:/172.22.0.1:8082] Handler is being applied: {uri=http://172.22.0.1:8082/api/categories, method=GET}
2026-02-21T15:01:43.137-05:00 DEBUG 5608 --- [api-gateway] [ctor-http-nio-8] r.netty.http.client.HttpClientConnect    : [21b38b46-1, L:/172.22.0.1:54937 - R:/172.22.0.1:8082] Handler is being applied: {uri=http://172.22.0.1:8082/api/shipments, method=GET}
2026-02-21T15:01:43.152-05:00 DEBUG 5608 --- [api-gateway] [ctor-http-nio-2] r.n.http.client.HttpClientOperations     : [070df445-3, L:/172.22.0.1:63733 - R:/172.22.0.1:8084] Received response (auto-read:false) : RESPONSE(decodeResult: success, version: HTTP/1.1)
HTTP/1.1 200 
X-Content-Type-Options: <filtered>
X-XSS-Protection: <filtered>
Cache-Control: <filtered>
Pragma: <filtered>
Expires: <filtered>
X-Frame-Options: <filtered>
Content-Type: <filtered>
Transfer-Encoding: <filtered>
Date: <filtered>
2026-02-21T15:01:43.154-05:00 DEBUG 5608 --- [api-gateway] [ctor-http-nio-2] r.n.http.client.HttpClientOperations     : [070df445-3, L:/172.22.0.1:63733 - R:/172.22.0.1:8084] Received last HTTP packet
2026-02-21T15:01:43.155-05:00 DEBUG 5608 --- [api-gateway] [ctor-http-nio-3] o.s.w.s.adapter.HttpWebHandlerAdapter    : [92e1acb8-3] Completed 200 OK
2026-02-21T15:01:43.164-05:00 DEBUG 5608 --- [api-gateway] [ctor-http-nio-5] r.netty.http.client.HttpClientConnect    : [7fa32773-1, L:/172.22.0.1:54938 - R:/172.22.0.1:8081] Handler is being applied: {uri=http://172.22.0.1:8081/api/clients, method=GET}
2026-02-21T15:01:43.360-05:00 DEBUG 5608 --- [api-gateway] [ctor-http-nio-8] r.n.http.client.HttpClientOperations     : [21b38b46-1, L:/172.22.0.1:54937 - R:/172.22.0.1:8082] Received response (auto-read:false) : RESPONSE(decodeResult: success, version: HTTP/1.1)
HTTP/1.1 200 
Content-Type: <filtered>
Transfer-Encoding: <filtered>
Date: <filtered>
2026-02-21T15:01:43.363-05:00 DEBUG 5608 --- [api-gateway] [ctor-http-nio-8] r.n.http.client.HttpClientOperations     : [21b38b46-1, L:/172.22.0.1:54937 - R:/172.22.0.1:8082] Received last HTTP packet
2026-02-21T15:01:43.364-05:00 DEBUG 5608 --- [api-gateway] [ctor-http-nio-8] o.s.w.s.adapter.HttpWebHandlerAdapter    : [da49dbff-8] Completed 200 OK
2026-02-21T15:01:43.421-05:00 DEBUG 5608 --- [api-gateway] [ctor-http-nio-6] r.n.http.client.HttpClientOperations     : [2f839feb-1, L:/172.22.0.1:54936 - R:/172.22.0.1:8082] Received response (auto-read:false) : RESPONSE(decodeResult: success, version: HTTP/1.1)
HTTP/1.1 200 
Content-Type: <filtered>
Transfer-Encoding: <filtered>
Date: <filtered>
2026-02-21T15:01:43.421-05:00 DEBUG 5608 --- [api-gateway] [ctor-http-nio-7] r.n.http.client.HttpClientOperations     : [55d656aa-1, L:/172.22.0.1:54935 - R:/172.22.0.1:8082] Received response (auto-read:false) : RESPONSE(decodeResult: success, version: HTTP/1.1)
HTTP/1.1 200 
Content-Type: <filtered>
Transfer-Encoding: <filtered>
Date: <filtered>
2026-02-21T15:01:43.423-05:00 DEBUG 5608 --- [api-gateway] [ctor-http-nio-7] r.n.http.client.HttpClientOperations     : [55d656aa-1, L:/172.22.0.1:54935 - R:/172.22.0.1:8082] Received last HTTP packet
2026-02-21T15:01:43.425-05:00 DEBUG 5608 --- [api-gateway] [ctor-http-nio-6] r.n.http.client.HttpClientOperations     : [2f839feb-1, L:/172.22.0.1:54936 - R:/172.22.0.1:8082] Received last HTTP packet
2026-02-21T15:01:43.425-05:00 DEBUG 5608 --- [api-gateway] [ctor-http-nio-7] o.s.w.s.adapter.HttpWebHandlerAdapter    : [32314d30-7] Completed 200 OK
2026-02-21T15:01:43.425-05:00 DEBUG 5608 --- [api-gateway] [ctor-http-nio-6] o.s.w.s.adapter.HttpWebHandlerAdapter    : [1b9b0d22-6] Completed 200 OK
2026-02-21T15:01:43.572-05:00 DEBUG 5608 --- [api-gateway] [ctor-http-nio-4] r.n.http.client.HttpClientOperations     : [4c0c5f65-1, L:/172.22.0.1:54934 - R:/172.22.0.1:8083] Received response (auto-read:false) : RESPONSE(decodeResult: success, version: HTTP/1.1)
HTTP/1.1 200 
Content-Type: <filtered>
Transfer-Encoding: <filtered>
Date: <filtered>
2026-02-21T15:01:43.617-05:00 DEBUG 5608 --- [api-gateway] [ctor-http-nio-4] r.n.http.client.HttpClientOperations     : [4c0c5f65-1, L:/172.22.0.1:54934 - R:/172.22.0.1:8083] Received last HTTP packet
2026-02-21T15:01:43.621-05:00 DEBUG 5608 --- [api-gateway] [ctor-http-nio-4] o.s.w.s.adapter.HttpWebHandlerAdapter    : [3c5910e8-4] Completed 200 OK
2026-02-21T15:01:43.835-05:00 DEBUG 5608 --- [api-gateway] [ctor-http-nio-5] r.n.http.client.HttpClientOperations     : [7fa32773-1, L:/172.22.0.1:54938 - R:/172.22.0.1:8081] Received response (auto-read:false) : RESPONSE(decodeResult: success, version: HTTP/1.1)
HTTP/1.1 200 
Content-Type: <filtered>
Transfer-Encoding: <filtered>
Date: <filtered>
2026-02-21T15:01:43.882-05:00 DEBUG 5608 --- [api-gateway] [ctor-http-nio-5] r.n.http.client.HttpClientOperations     : [7fa32773-1, L:/172.22.0.1:54938 - R:/172.22.0.1:8081] Received last HTTP packet
2026-02-21T15:01:43.884-05:00 DEBUG 5608 --- [api-gateway] [ctor-http-nio-5] o.s.w.s.adapter.HttpWebHandlerAdapter    : [5be2d8bf-5] Completed 200 OK
2026-02-21T15:01:45.059-05:00 DEBUG 5608 --- [api-gateway] [beatExecutor-%d] o.s.web.client.RestTemplate              : HTTP PUT http://localhost:8761/eureka/apps/API-GATEWAY/api-gateway:86f264d72bfdec4d2b20b7c0b711c37c?status=UP&lastDirtyTimestamp=1771704045009
2026-02-21T15:01:45.067-05:00 DEBUG 5608 --- [api-gateway] [reshExecutor-%d] o.s.web.client.RestTemplate              : HTTP GET http://localhost:8761/eureka/apps/delta
2026-02-21T15:01:45.103-05:00 DEBUG 5608 --- [api-gateway] [beatExecutor-%d] o.s.web.client.RestTemplate              : Accept=[application/json, application/*+json]
2026-02-21T15:01:45.103-05:00 DEBUG 5608 --- [api-gateway] [reshExecutor-%d] o.s.web.client.RestTemplate              : Accept=[application/json, application/*+json]
2026-02-21T15:01:45.109-05:00 DEBUG 5608 --- [api-gateway] [beatExecutor-%d] o.s.web.client.RestTemplate              : Response 200 OK
2026-02-21T15:01:45.109-05:00 DEBUG 5608 --- [api-gateway] [reshExecutor-%d] o.s.web.client.RestTemplate              : Response 200 OK
2026-02-21T15:01:45.112-05:00 DEBUG 5608 --- [api-gateway] [reshExecutor-%d] o.s.web.client.RestTemplate              : Reading to [org.springframework.cloud.netflix.eureka.http.EurekaApplications]
2026-02-21T15:01:45.112-05:00 DEBUG 5608 --- [api-gateway] [beatExecutor-%d] com.netflix.discovery.DiscoveryClient    : DiscoveryClient_API-GATEWAY/api-gateway:86f264d72bfdec4d2b20b7c0b711c37c - Heartbeat status: 200
2026-02-21T15:01:45.113-05:00 DEBUG 5608 --- [api-gateway] [reshExecutor-%d] com.netflix.discovery.DiscoveryClient    : Got delta update with apps hashcode UP_5_
2026-02-21T15:01:45.116-05:00 DEBUG 5608 --- [api-gateway] [reshExecutor-%d] com.netflix.discovery.DiscoveryClient    : Added instance LAPTOP-1RVSALIH.mshome.net:ms-users:8084 to the existing apps in region null
2026-02-21T15:01:45.116-05:00 DEBUG 5608 --- [api-gateway] [reshExecutor-%d] com.netflix.discovery.DiscoveryClient    : Added instance LAPTOP-1RVSALIH.mshome.net:ms-clientes:8081 to the existing apps in region null
2026-02-21T15:01:45.116-05:00 DEBUG 5608 --- [api-gateway] [reshExecutor-%d] com.netflix.discovery.DiscoveryClient    : Added instance LAPTOP-1RVSALIH.mshome.net:ms-servicios:8082 to the existing apps in region null
2026-02-21T15:01:45.116-05:00 DEBUG 5608 --- [api-gateway] [reshExecutor-%d] com.netflix.discovery.DiscoveryClient    : Added instance LAPTOP-1RVSALIH.mshome.net:ms-transportistas:8083 to the existing apps in region null
2026-02-21T15:01:45.116-05:00 DEBUG 5608 --- [api-gateway] [reshExecutor-%d] com.netflix.discovery.DiscoveryClient    : Added instance api-gateway:86f264d72bfdec4d2b20b7c0b711c37c to the existing apps in region null
2026-02-21T15:01:45.116-05:00 DEBUG 5608 --- [api-gateway] [reshExecutor-%d] com.netflix.discovery.DiscoveryClient    : The total number of instances fetched by the delta processor : 5
2026-02-21T15:01:45.116-05:00 DEBUG 5608 --- [api-gateway] [reshExecutor-%d] com.netflix.discovery.DiscoveryClient    : The total number of all instances in the client now is 5
2026-02-21T15:01:45.116-05:00 DEBUG 5608 --- [api-gateway] [reshExecutor-%d] o.s.c.g.r.RouteDefinitionRouteLocator    : RouteDefinition ReactiveCompositeDiscoveryClient_API-GATEWAY applying {pattern=/api-gateway/**} to Path
2026-02-21T15:01:45.116-05:00 DEBUG 5608 --- [api-gateway] [reshExecutor-%d] o.s.c.g.r.RouteDefinitionRouteLocator    : RouteDefinition ReactiveCompositeDiscoveryClient_API-GATEWAY applying filter {regexp=/api-gateway/?(?<remaining>.*), replacement=/${remaining}} to RewritePath
2026-02-21T15:01:45.123-05:00 DEBUG 5608 --- [api-gateway] [reshExecutor-%d] o.s.c.g.r.RouteDefinitionRouteLocator    : RouteDefinition matched: ReactiveCompositeDiscoveryClient_API-GATEWAY
2026-02-21T15:01:45.124-05:00 DEBUG 5608 --- [api-gateway] [reshExecutor-%d] o.s.c.g.r.RouteDefinitionRouteLocator    : RouteDefinition ReactiveCompositeDiscoveryClient_MS-SERVICIOS applying {pattern=/ms-servicios/**} to Path
2026-02-21T15:01:45.125-05:00 DEBUG 5608 --- [api-gateway] [reshExecutor-%d] o.s.c.g.r.RouteDefinitionRouteLocator    : RouteDefinition ReactiveCompositeDiscoveryClient_MS-SERVICIOS applying filter {regexp=/ms-servicios/?(?<remaining>.*), replacement=/${remaining}} to RewritePath
2026-02-21T15:01:45.127-05:00 DEBUG 5608 --- [api-gateway] [reshExecutor-%d] o.s.c.g.r.RouteDefinitionRouteLocator    : RouteDefinition matched: ReactiveCompositeDiscoveryClient_MS-SERVICIOS
2026-02-21T15:01:45.128-05:00 DEBUG 5608 --- [api-gateway] [reshExecutor-%d] o.s.c.g.r.RouteDefinitionRouteLocator    : RouteDefinition ReactiveCompositeDiscoveryClient_MS-TRANSPORTISTAS applying {pattern=/ms-transportistas/**} to Path
2026-02-21T15:01:45.128-05:00 DEBUG 5608 --- [api-gateway] [reshExecutor-%d] o.s.c.g.r.RouteDefinitionRouteLocator    : RouteDefinition ReactiveCompositeDiscoveryClient_MS-TRANSPORTISTAS applying filter {regexp=/ms-transportistas/?(?<remaining>.*), replacement=/${remaining}} to RewritePath
2026-02-21T15:01:45.130-05:00 DEBUG 5608 --- [api-gateway] [reshExecutor-%d] o.s.c.g.r.RouteDefinitionRouteLocator    : RouteDefinition matched: ReactiveCompositeDiscoveryClient_MS-TRANSPORTISTAS
2026-02-21T15:01:45.132-05:00 DEBUG 5608 --- [api-gateway] [reshExecutor-%d] o.s.c.g.r.RouteDefinitionRouteLocator    : RouteDefinition ReactiveCompositeDiscoveryClient_MS-CLIENTES applying {pattern=/ms-clientes/**} to Path
2026-02-21T15:01:45.134-05:00 DEBUG 5608 --- [api-gateway] [reshExecutor-%d] o.s.c.g.r.RouteDefinitionRouteLocator    : RouteDefinition ReactiveCompositeDiscoveryClient_MS-CLIENTES applying filter {regexp=/ms-clientes/?(?<remaining>.*), replacement=/${remaining}} to RewritePath
2026-02-21T15:01:45.136-05:00 DEBUG 5608 --- [api-gateway] [reshExecutor-%d] o.s.c.g.r.RouteDefinitionRouteLocator    : RouteDefinition matched: ReactiveCompositeDiscoveryClient_MS-CLIENTES
2026-02-21T15:01:45.136-05:00 DEBUG 5608 --- [api-gateway] [reshExecutor-%d] o.s.c.g.r.RouteDefinitionRouteLocator    : RouteDefinition ReactiveCompositeDiscoveryClient_MS-USERS applying {pattern=/ms-users/**} to Path
2026-02-21T15:01:45.138-05:00 DEBUG 5608 --- [api-gateway] [reshExecutor-%d] o.s.c.g.r.RouteDefinitionRouteLocator    : RouteDefinition ReactiveCompositeDiscoveryClient_MS-USERS applying filter {regexp=/ms-users/?(?<remaining>.*), replacement=/${remaining}} to RewritePath
2026-02-21T15:01:45.138-05:00 DEBUG 5608 --- [api-gateway] [reshExecutor-%d] o.s.c.g.r.RouteDefinitionRouteLocator    : RouteDefinition matched: ReactiveCompositeDiscoveryClient_MS-USERS
2026-02-21T15:01:45.138-05:00 DEBUG 5608 --- [api-gateway] [reshExecutor-%d] o.s.c.g.r.RouteDefinitionRouteLocator    : RouteDefinition transportistas-service applying {_genkey_0=/api/transports/**} to Path
2026-02-21T15:01:45.141-05:00 DEBUG 5608 --- [api-gateway] [reshExecutor-%d] o.s.c.g.r.RouteDefinitionRouteLocator    : RouteDefinition matched: transportistas-service
2026-02-21T15:01:45.141-05:00 DEBUG 5608 --- [api-gateway] [reshExecutor-%d] o.s.c.g.r.RouteDefinitionRouteLocator    : RouteDefinition users-service applying {_genkey_0=/api/users/**} to Path
2026-02-21T15:01:45.142-05:00 DEBUG 5608 --- [api-gateway] [reshExecutor-%d] o.s.c.g.r.RouteDefinitionRouteLocator    : RouteDefinition matched: users-service
2026-02-21T15:01:45.142-05:00 DEBUG 5608 --- [api-gateway] [reshExecutor-%d] o.s.c.g.r.RouteDefinitionRouteLocator    : RouteDefinition auth-service applying {_genkey_0=/api/auth/**} to Path
2026-02-21T15:01:45.144-05:00 DEBUG 5608 --- [api-gateway] [reshExecutor-%d] o.s.c.g.r.RouteDefinitionRouteLocator    : RouteDefinition matched: auth-service
2026-02-21T15:01:45.144-05:00 DEBUG 5608 --- [api-gateway] [reshExecutor-%d] o.s.c.g.r.RouteDefinitionRouteLocator    : RouteDefinition clients-service applying {_genkey_0=/api/clients/**} to Path
2026-02-21T15:01:45.144-05:00 DEBUG 5608 --- [api-gateway] [reshExecutor-%d] o.s.c.g.r.RouteDefinitionRouteLocator    : RouteDefinition matched: clients-service
2026-02-21T15:01:45.144-05:00 DEBUG 5608 --- [api-gateway] [reshExecutor-%d] o.s.c.g.r.RouteDefinitionRouteLocator    : RouteDefinition shioments-service applying {_genkey_0=/api/shipments/**} to Path
2026-02-21T15:01:45.144-05:00 DEBUG 5608 --- [api-gateway] [reshExecutor-%d] o.s.c.g.r.RouteDefinitionRouteLocator    : RouteDefinition matched: shioments-service
2026-02-21T15:01:45.144-05:00 DEBUG 5608 --- [api-gateway] [reshExecutor-%d] o.s.c.g.r.RouteDefinitionRouteLocator    : RouteDefinition categories-service applying {_genkey_0=/api/categories/**} to Path
2026-02-21T15:01:45.148-05:00 DEBUG 5608 --- [api-gateway] [reshExecutor-%d] o.s.c.g.r.RouteDefinitionRouteLocator    : RouteDefinition matched: categories-service
2026-02-21T15:01:45.148-05:00 DEBUG 5608 --- [api-gateway] [reshExecutor-%d] o.s.c.g.r.RouteDefinitionRouteLocator    : RouteDefinition statuses-service applying {_genkey_0=/api/statuses/**} to Path
2026-02-21T15:01:45.150-05:00 DEBUG 5608 --- [api-gateway] [reshExecutor-%d] o.s.c.g.r.RouteDefinitionRouteLocator    : RouteDefinition matched: statuses-service
2026-02-21T15:01:45.150-05:00 DEBUG 5608 --- [api-gateway] [reshExecutor-%d] com.netflix.discovery.DiscoveryClient    : Completed cache refresh task for discovery. All Apps hash code is Local region apps hashcode: UP_5_, is fetching remote regions? false 
