[INFO] Scanning for projects...
[INFO] 
[INFO] -----------------------< com.core:eureka-server >-----------------------
[INFO] Building eureka-server 0.0.1-SNAPSHOT
[INFO]   from pom.xml
[INFO] --------------------------------[ jar ]---------------------------------
[INFO] 
[INFO] >>> spring-boot:4.0.2:run (default-cli) > test-compile @ eureka-server >>>
[INFO] 
[INFO] --- resources:3.3.1:resources (default-resources) @ eureka-server ---
[INFO] Copying 1 resource from src\main\resources to target\classes
[INFO] Copying 0 resource from src\main\resources to target\classes
[INFO] 
[INFO] --- compiler:3.14.1:compile (default-compile) @ eureka-server ---
[INFO] Nothing to compile - all classes are up to date.
[INFO] 
[INFO] --- resources:3.3.1:testResources (default-testResources) @ eureka-server ---
[INFO] Not copying test resources
[INFO] 
[INFO] --- compiler:3.14.1:testCompile (default-testCompile) @ eureka-server ---
[INFO] Not compiling test sources
[INFO] 
[INFO] <<< spring-boot:4.0.2:run (default-cli) < test-compile @ eureka-server <<<
[INFO] 
[INFO] 
[INFO] --- spring-boot:4.0.2:run (default-cli) @ eureka-server ---
[INFO] Attaching agents: []

  .   ____          _            __ _ _
 /\\ / ___'_ __ _ _(_)_ __  __ _ \ \ \ \
( ( )\___ | '_ | '_| | '_ \/ _` | \ \ \ \
 \\/  ___)| |_)| | | | | || (_| |  ) ) ) )
  '  |____| .__|_| |_|_| |_\__, | / / / /
 =========|_|==============|___/=/_/_/_/

 :: Spring Boot ::                (v4.0.2)

2026-02-23T21:12:31.481-05:00  INFO 20600 --- [eureka-server] [           main] c.c.e.EurekaServerApplication            : Starting EurekaServerApplication using Java 21.0.10 with PID 20600 (C:\Users\jhost\Desktop\CIBERTEC\proyecto-transportes\eureka-server\target\classes started by jhost in C:\Users\jhost\Desktop\CIBERTEC\proyecto-transportes\eureka-server)
2026-02-23T21:12:31.529-05:00  INFO 20600 --- [eureka-server] [           main] c.c.e.EurekaServerApplication            : No active profile set, falling back to 1 default profile: "default"
2026-02-23T21:12:32.308-05:00  INFO 20600 --- [eureka-server] [           main] o.s.cloud.context.scope.GenericScope     : BeanFactory id=e69e570a-a6c3-3580-ab9a-8a91c9d35c62
2026-02-23T21:12:32.854-05:00  INFO 20600 --- [eureka-server] [           main] o.s.boot.tomcat.TomcatWebServer          : Tomcat initialized with port 8761 (http)
2026-02-23T21:12:32.914-05:00  INFO 20600 --- [eureka-server] [           main] o.apache.catalina.core.StandardService   : Starting service [Tomcat]
2026-02-23T21:12:32.917-05:00  INFO 20600 --- [eureka-server] [           main] o.apache.catalina.core.StandardEngine    : Starting Servlet engine: [Apache Tomcat/11.0.15]
2026-02-23T21:12:32.978-05:00  INFO 20600 --- [eureka-server] [           main] b.w.c.s.WebApplicationContextInitializer : Root WebApplicationContext: initialization completed in 1397 ms
2026-02-23T21:12:34.044-05:00  INFO 20600 --- [eureka-server] [           main] c.n.d.provider.DiscoveryJerseyProvider   : Using JSON encoding codec LegacyJacksonJson
2026-02-23T21:12:34.090-05:00  INFO 20600 --- [eureka-server] [           main] c.n.d.provider.DiscoveryJerseyProvider   : Using JSON decoding codec LegacyJacksonJson
2026-02-23T21:12:34.346-05:00  INFO 20600 --- [eureka-server] [           main] c.n.d.provider.DiscoveryJerseyProvider   : Using XML encoding codec XStreamXml
2026-02-23T21:12:34.390-05:00  INFO 20600 --- [eureka-server] [           main] c.n.d.provider.DiscoveryJerseyProvider   : Using XML decoding codec XStreamXml
2026-02-23T21:12:34.592-05:00  INFO 20600 --- [eureka-server] [           main] o.s.v.b.OptionalValidatorFactoryBean     : Failed to set up a Bean Validation provider: jakarta.validation.NoProviderFoundException: Unable to create a Configuration, because no Jakarta Validation provider could be found. Add a provider like Hibernate Validator (RI) to your classpath.
2026-02-23T21:12:35.603-05:00  WARN 20600 --- [eureka-server] [           main] iguration$LoadBalancerCaffeineWarnLogger : Spring Cloud LoadBalancer is currently working with the default cache. While this cache implementation is useful for development and tests, it's recommended to use Caffeine cache in production.You can switch to using Caffeine cache, by adding it and org.springframework.cache.caffeine.CaffeineCacheManager to the classpath.
2026-02-23T21:12:35.694-05:00  INFO 20600 --- [eureka-server] [           main] o.s.c.n.eureka.InstanceInfoFactory       : Setting initial instance status as: STARTING
2026-02-23T21:12:35.772-05:00  INFO 20600 --- [eureka-server] [           main] com.netflix.discovery.DiscoveryClient    : Initializing Eureka in region us-east-1
2026-02-23T21:12:35.773-05:00  INFO 20600 --- [eureka-server] [           main] com.netflix.discovery.DiscoveryClient    : Client configured to neither register nor query for data.
2026-02-23T21:12:35.777-05:00  INFO 20600 --- [eureka-server] [           main] com.netflix.discovery.DiscoveryClient    : Discovery Client initialized at timestamp 1771899155775 with initial instances count: 0
2026-02-23T21:12:35.829-05:00  INFO 20600 --- [eureka-server] [           main] c.n.eureka.DefaultEurekaServerContext    : Initializing ...
2026-02-23T21:12:35.874-05:00  INFO 20600 --- [eureka-server] [           main] c.n.eureka.cluster.PeerEurekaNodes       : Adding new peer nodes [http://localhost:8761/eureka/]
2026-02-23T21:12:36.021-05:00  INFO 20600 --- [eureka-server] [           main] c.n.d.provider.DiscoveryJerseyProvider   : Using JSON encoding codec LegacyJacksonJson
2026-02-23T21:12:36.063-05:00  INFO 20600 --- [eureka-server] [           main] c.n.d.provider.DiscoveryJerseyProvider   : Using JSON decoding codec LegacyJacksonJson
2026-02-23T21:12:36.063-05:00  INFO 20600 --- [eureka-server] [           main] c.n.d.provider.DiscoveryJerseyProvider   : Using XML encoding codec XStreamXml
2026-02-23T21:12:36.063-05:00  INFO 20600 --- [eureka-server] [           main] c.n.d.provider.DiscoveryJerseyProvider   : Using XML decoding codec XStreamXml
2026-02-23T21:12:36.106-05:00  INFO 20600 --- [eureka-server] [           main] c.n.eureka.cluster.PeerEurekaNodes       : Replica node URL:  http://localhost:8761/eureka/
2026-02-23T21:12:36.166-05:00  INFO 20600 --- [eureka-server] [           main] c.n.e.registry.AbstractInstanceRegistry  : Finished initializing remote region registries. All known remote regions: []
2026-02-23T21:12:36.166-05:00  INFO 20600 --- [eureka-server] [           main] c.n.eureka.DefaultEurekaServerContext    : Initialized
2026-02-23T21:12:36.185-05:00  INFO 20600 --- [eureka-server] [           main] o.s.b.a.e.web.EndpointLinksResolver      : Exposing 1 endpoint beneath base path '/actuator'
2026-02-23T21:12:36.255-05:00  INFO 20600 --- [eureka-server] [           main] o.s.c.n.e.s.EurekaServiceRegistry        : Registering application EUREKA-SERVER with eureka with status UP
2026-02-23T21:12:36.316-05:00  INFO 20600 --- [eureka-server] [       Thread-9] o.s.c.n.e.server.EurekaServerBootstrap   : isAws returned false
2026-02-23T21:12:36.318-05:00  INFO 20600 --- [eureka-server] [       Thread-9] o.s.c.n.e.server.EurekaServerBootstrap   : Initialized server context
2026-02-23T21:12:36.320-05:00  INFO 20600 --- [eureka-server] [       Thread-9] c.n.e.r.PeerAwareInstanceRegistryImpl    : Got 1 instances from neighboring DS node
2026-02-23T21:12:36.320-05:00  INFO 20600 --- [eureka-server] [       Thread-9] c.n.e.r.PeerAwareInstanceRegistryImpl    : Renew threshold is: 1
2026-02-23T21:12:36.321-05:00  INFO 20600 --- [eureka-server] [       Thread-9] c.n.e.r.PeerAwareInstanceRegistryImpl    : Changing status to UP
2026-02-23T21:12:36.324-05:00  INFO 20600 --- [eureka-server] [       Thread-9] e.s.EurekaServerInitializerConfiguration : Started Eureka Server
2026-02-23T21:12:36.338-05:00  INFO 20600 --- [eureka-server] [           main] o.s.boot.tomcat.TomcatWebServer          : Tomcat started on port 8761 (http) with context path '/'
2026-02-23T21:12:36.341-05:00  INFO 20600 --- [eureka-server] [           main] .s.c.n.e.s.EurekaAutoServiceRegistration : Updating port to 8761
2026-02-23T21:12:36.360-05:00  INFO 20600 --- [eureka-server] [           main] c.c.e.EurekaServerApplication            : Started EurekaServerApplication in 5.381 seconds (process running for 5.934)
2026-02-23T21:12:44.764-05:00  INFO 20600 --- [eureka-server] [nio-8761-exec-2] o.a.c.c.C.[Tomcat].[localhost].[/]       : Initializing Spring DispatcherServlet 'dispatcherServlet'
2026-02-23T21:12:44.808-05:00  INFO 20600 --- [eureka-server] [nio-8761-exec-2] o.s.web.servlet.DispatcherServlet        : Initializing Servlet 'dispatcherServlet'
2026-02-23T21:12:44.810-05:00  INFO 20600 --- [eureka-server] [nio-8761-exec-2] o.s.web.servlet.DispatcherServlet        : Completed initialization in 1 ms
2026-02-23T21:12:44.885-05:00  WARN 20600 --- [eureka-server] [nio-8761-exec-2] c.n.e.registry.AbstractInstanceRegistry  : DS: Registry: lease doesn't exist, registering resource: MS-USERS - LAPTOP-1RVSALIH.mshome.net:ms-users:8084
2026-02-23T21:12:44.885-05:00  WARN 20600 --- [eureka-server] [nio-8761-exec-2] c.n.eureka.resources.InstanceResource    : Not Found (Renew): MS-USERS - LAPTOP-1RVSALIH.mshome.net:ms-users:8084
2026-02-23T21:12:45.197-05:00  INFO 20600 --- [eureka-server] [nio-8761-exec-5] c.n.e.registry.AbstractInstanceRegistry  : Registered instance MS-USERS/LAPTOP-1RVSALIH.mshome.net:ms-users:8084 with status UP (replication=false)
2026-02-23T21:12:45.931-05:00  INFO 20600 --- [eureka-server] [nio-8761-exec-6] c.n.e.registry.AbstractInstanceRegistry  : Registered instance MS-USERS/LAPTOP-1RVSALIH.mshome.net:ms-users:8084 with status UP (replication=true)
2026-02-23T21:12:51.824-05:00  INFO 20600 --- [eureka-server] [nio-8761-exec-8] c.n.e.registry.AbstractInstanceRegistry  : Registered instance MS-CLIENTES/LAPTOP-1RVSALIH.mshome.net:ms-clientes:8081 with status UP (replication=false)
2026-02-23T21:12:52.362-05:00  INFO 20600 --- [eureka-server] [io-8761-exec-10] c.n.e.registry.AbstractInstanceRegistry  : Registered instance MS-CLIENTES/LAPTOP-1RVSALIH.mshome.net:ms-clientes:8081 with status UP (replication=true)
2026-02-23T21:13:12.608-05:00  INFO 20600 --- [eureka-server] [nio-8761-exec-9] c.n.e.registry.AbstractInstanceRegistry  : Registered instance MS-SERVICIOS/LAPTOP-1RVSALIH.mshome.net:ms-servicios:8082 with status UP (replication=false)
2026-02-23T21:13:13.132-05:00  INFO 20600 --- [eureka-server] [nio-8761-exec-4] c.n.e.registry.AbstractInstanceRegistry  : Registered instance MS-SERVICIOS/LAPTOP-1RVSALIH.mshome.net:ms-servicios:8082 with status UP (replication=true)
2026-02-23T21:13:27.937-05:00  INFO 20600 --- [eureka-server] [nio-8761-exec-1] c.n.e.registry.AbstractInstanceRegistry  : Registered instance MS-TRANSPORTISTAS/LAPTOP-1RVSALIH.mshome.net:ms-transportistas:8083 with status UP (replication=false)
2026-02-23T21:13:28.468-05:00  INFO 20600 --- [eureka-server] [nio-8761-exec-9] c.n.e.registry.AbstractInstanceRegistry  : Registered instance MS-TRANSPORTISTAS/LAPTOP-1RVSALIH.mshome.net:ms-transportistas:8083 with status UP (replication=true)
2026-02-23T21:13:36.326-05:00  INFO 20600 --- [eureka-server] [a-EvictionTimer] c.n.e.registry.AbstractInstanceRegistry  : Running the evict task with compensationTime 0ms
2026-02-23T21:13:38.010-05:00  INFO 20600 --- [eureka-server] [nio-8761-exec-3] c.n.e.registry.AbstractInstanceRegistry  : Registered instance API-GATEWAY/api-gateway:f306178899d94f7830609fc3fa8a3973 with status UP (replication=false)
2026-02-23T21:13:38.555-05:00  INFO 20600 --- [eureka-server] [nio-8761-exec-2] c.n.e.registry.AbstractInstanceRegistry  : Registered instance API-GATEWAY/api-gateway:f306178899d94f7830609fc3fa8a3973 with status UP (replication=true)
