[INFO] Scanning for projects...
[INFO] 
[INFO] -----------------------< com.core:eureka-server >-----------------------
[INFO] Building eureka-server 0.0.1-SNAPSHOT
[INFO]   from pom.xml
[INFO] --------------------------------[ jar ]---------------------------------
[INFO] 
[INFO] >>> spring-boot:4.0.2:run (default-cli) > test-compile @ eureka-server >>>
[INFO] 
[INFO] --- resources:3.3.1:resources (default-resources) @ eureka-server ---
[INFO] Copying 1 resource from src\main\resources to target\classes
[INFO] Copying 0 resource from src\main\resources to target\classes
[INFO] 
[INFO] --- compiler:3.14.1:compile (default-compile) @ eureka-server ---
[INFO] Nothing to compile - all classes are up to date.
[INFO] 
[INFO] --- resources:3.3.1:testResources (default-testResources) @ eureka-server ---
[INFO] Not copying test resources
[INFO] 
[INFO] --- compiler:3.14.1:testCompile (default-testCompile) @ eureka-server ---
[INFO] Not compiling test sources
[INFO] 
[INFO] <<< spring-boot:4.0.2:run (default-cli) < test-compile @ eureka-server <<<
[INFO] 
[INFO] 
[INFO] --- spring-boot:4.0.2:run (default-cli) @ eureka-server ---
[INFO] Attaching agents: []

  .   ____          _            __ _ _
 /\\ / ___'_ __ _ _(_)_ __  __ _ \ \ \ \
( ( )\___ | '_ | '_| | '_ \/ _` | \ \ \ \
 \\/  ___)| |_)| | | | | || (_| |  ) ) ) )
  '  |____| .__|_| |_|_| |_\__, | / / / /
 =========|_|==============|___/=/_/_/_/

 :: Spring Boot ::                (v4.0.2)

2026-02-21T16:06:13.833-05:00  INFO 84652 --- [eureka-server] [           main] c.c.e.EurekaServerApplication            : Starting EurekaServerApplication using Java 21.0.10 with PID 84652 (C:\Users\jhost\Desktop\CIBERTEC\proyecto-transportes\eureka-server\target\classes started by jhost in C:\Users\jhost\Desktop\CIBERTEC\proyecto-transportes\eureka-server)
2026-02-21T16:06:13.881-05:00  INFO 84652 --- [eureka-server] [           main] c.c.e.EurekaServerApplication            : No active profile set, falling back to 1 default profile: "default"
2026-02-21T16:06:15.027-05:00  INFO 84652 --- [eureka-server] [           main] o.s.cloud.context.scope.GenericScope     : BeanFactory id=e69e570a-a6c3-3580-ab9a-8a91c9d35c62
2026-02-21T16:06:15.548-05:00  INFO 84652 --- [eureka-server] [           main] o.s.boot.tomcat.TomcatWebServer          : Tomcat initialized with port 8761 (http)
2026-02-21T16:06:15.589-05:00  INFO 84652 --- [eureka-server] [           main] o.apache.catalina.core.StandardService   : Starting service [Tomcat]
2026-02-21T16:06:15.590-05:00  INFO 84652 --- [eureka-server] [           main] o.apache.catalina.core.StandardEngine    : Starting Servlet engine: [Apache Tomcat/11.0.15]
2026-02-21T16:06:15.851-05:00  INFO 84652 --- [eureka-server] [           main] b.w.c.s.WebApplicationContextInitializer : Root WebApplicationContext: initialization completed in 1904 ms
2026-02-21T16:06:17.654-05:00  INFO 84652 --- [eureka-server] [           main] c.n.d.provider.DiscoveryJerseyProvider   : Using JSON encoding codec LegacyJacksonJson
2026-02-21T16:06:17.654-05:00  INFO 84652 --- [eureka-server] [           main] c.n.d.provider.DiscoveryJerseyProvider   : Using JSON decoding codec LegacyJacksonJson
2026-02-21T16:06:18.095-05:00  INFO 84652 --- [eureka-server] [           main] c.n.d.provider.DiscoveryJerseyProvider   : Using XML encoding codec XStreamXml
2026-02-21T16:06:18.099-05:00  INFO 84652 --- [eureka-server] [           main] c.n.d.provider.DiscoveryJerseyProvider   : Using XML decoding codec XStreamXml
2026-02-21T16:06:18.378-05:00  INFO 84652 --- [eureka-server] [           main] o.s.v.b.OptionalValidatorFactoryBean     : Failed to set up a Bean Validation provider: jakarta.validation.NoProviderFoundException: Unable to create a Configuration, because no Jakarta Validation provider could be found. Add a provider like Hibernate Validator (RI) to your classpath.
2026-02-21T16:06:19.485-05:00  WARN 84652 --- [eureka-server] [           main] iguration$LoadBalancerCaffeineWarnLogger : Spring Cloud LoadBalancer is currently working with the default cache. While this cache implementation is useful for development and tests, it's recommended to use Caffeine cache in production.You can switch to using Caffeine cache, by adding it and org.springframework.cache.caffeine.CaffeineCacheManager to the classpath.
2026-02-21T16:06:19.512-05:00  INFO 84652 --- [eureka-server] [           main] o.s.c.n.eureka.InstanceInfoFactory       : Setting initial instance status as: STARTING
2026-02-21T16:06:19.542-05:00  INFO 84652 --- [eureka-server] [           main] com.netflix.discovery.DiscoveryClient    : Initializing Eureka in region us-east-1
2026-02-21T16:06:19.545-05:00  INFO 84652 --- [eureka-server] [           main] com.netflix.discovery.DiscoveryClient    : Client configured to neither register nor query for data.
2026-02-21T16:06:19.548-05:00  INFO 84652 --- [eureka-server] [           main] com.netflix.discovery.DiscoveryClient    : Discovery Client initialized at timestamp 1771707979546 with initial instances count: 0
2026-02-21T16:06:19.612-05:00  INFO 84652 --- [eureka-server] [           main] c.n.eureka.DefaultEurekaServerContext    : Initializing ...
2026-02-21T16:06:19.614-05:00  INFO 84652 --- [eureka-server] [           main] c.n.eureka.cluster.PeerEurekaNodes       : Adding new peer nodes [http://localhost:8761/eureka/]
2026-02-21T16:06:19.823-05:00  INFO 84652 --- [eureka-server] [           main] c.n.d.provider.DiscoveryJerseyProvider   : Using JSON encoding codec LegacyJacksonJson
2026-02-21T16:06:19.824-05:00  INFO 84652 --- [eureka-server] [           main] c.n.d.provider.DiscoveryJerseyProvider   : Using JSON decoding codec LegacyJacksonJson
2026-02-21T16:06:19.826-05:00  INFO 84652 --- [eureka-server] [           main] c.n.d.provider.DiscoveryJerseyProvider   : Using XML encoding codec XStreamXml
2026-02-21T16:06:19.827-05:00  INFO 84652 --- [eureka-server] [           main] c.n.d.provider.DiscoveryJerseyProvider   : Using XML decoding codec XStreamXml
2026-02-21T16:06:19.874-05:00  INFO 84652 --- [eureka-server] [           main] c.n.eureka.cluster.PeerEurekaNodes       : Replica node URL:  http://localhost:8761/eureka/
2026-02-21T16:06:19.895-05:00  INFO 84652 --- [eureka-server] [           main] c.n.e.registry.AbstractInstanceRegistry  : Finished initializing remote region registries. All known remote regions: []
2026-02-21T16:06:19.896-05:00  INFO 84652 --- [eureka-server] [           main] c.n.eureka.DefaultEurekaServerContext    : Initialized
2026-02-21T16:06:19.918-05:00  INFO 84652 --- [eureka-server] [           main] o.s.b.a.e.web.EndpointLinksResolver      : Exposing 1 endpoint beneath base path '/actuator'
2026-02-21T16:06:20.050-05:00  INFO 84652 --- [eureka-server] [           main] o.s.c.n.e.s.EurekaServiceRegistry        : Registering application EUREKA-SERVER with eureka with status UP
2026-02-21T16:06:20.070-05:00  INFO 84652 --- [eureka-server] [       Thread-9] o.s.c.n.e.server.EurekaServerBootstrap   : isAws returned false
2026-02-21T16:06:20.074-05:00  INFO 84652 --- [eureka-server] [       Thread-9] o.s.c.n.e.server.EurekaServerBootstrap   : Initialized server context
2026-02-21T16:06:20.078-05:00  INFO 84652 --- [eureka-server] [       Thread-9] c.n.e.r.PeerAwareInstanceRegistryImpl    : Got 1 instances from neighboring DS node
2026-02-21T16:06:20.079-05:00  INFO 84652 --- [eureka-server] [       Thread-9] c.n.e.r.PeerAwareInstanceRegistryImpl    : Renew threshold is: 1
2026-02-21T16:06:20.080-05:00  INFO 84652 --- [eureka-server] [       Thread-9] c.n.e.r.PeerAwareInstanceRegistryImpl    : Changing status to UP
2026-02-21T16:06:20.083-05:00  INFO 84652 --- [eureka-server] [       Thread-9] e.s.EurekaServerInitializerConfiguration : Started Eureka Server
2026-02-21T16:06:20.104-05:00  INFO 84652 --- [eureka-server] [           main] o.s.boot.tomcat.TomcatWebServer          : Tomcat started on port 8761 (http) with context path '/'
2026-02-21T16:06:20.105-05:00  INFO 84652 --- [eureka-server] [           main] .s.c.n.e.s.EurekaAutoServiceRegistration : Updating port to 8761
2026-02-21T16:06:20.129-05:00  INFO 84652 --- [eureka-server] [           main] c.c.e.EurekaServerApplication            : Started EurekaServerApplication in 6.948 seconds (process running for 7.862)
2026-02-21T16:06:38.274-05:00  INFO 84652 --- [eureka-server] [nio-8761-exec-1] o.a.c.c.C.[Tomcat].[localhost].[/]       : Initializing Spring DispatcherServlet 'dispatcherServlet'
2026-02-21T16:06:38.276-05:00  INFO 84652 --- [eureka-server] [nio-8761-exec-1] o.s.web.servlet.DispatcherServlet        : Initializing Servlet 'dispatcherServlet'
2026-02-21T16:06:38.278-05:00  INFO 84652 --- [eureka-server] [nio-8761-exec-1] o.s.web.servlet.DispatcherServlet        : Completed initialization in 2 ms
2026-02-21T16:06:38.752-05:00  INFO 84652 --- [eureka-server] [nio-8761-exec-4] c.n.e.registry.AbstractInstanceRegistry  : Registered instance MS-USERS/LAPTOP-1RVSALIH.mshome.net:ms-users:8084 with status UP (replication=false)
2026-02-21T16:06:39.607-05:00  INFO 84652 --- [eureka-server] [nio-8761-exec-3] c.n.e.registry.AbstractInstanceRegistry  : Registered instance MS-USERS/LAPTOP-1RVSALIH.mshome.net:ms-users:8084 with status UP (replication=true)
2026-02-21T16:06:56.465-05:00  INFO 84652 --- [eureka-server] [nio-8761-exec-6] c.n.e.registry.AbstractInstanceRegistry  : Registered instance MS-CLIENTES/LAPTOP-1RVSALIH.mshome.net:ms-clientes:8081 with status UP (replication=false)
2026-02-21T16:06:57.011-05:00  INFO 84652 --- [eureka-server] [nio-8761-exec-7] c.n.e.registry.AbstractInstanceRegistry  : Registered instance MS-CLIENTES/LAPTOP-1RVSALIH.mshome.net:ms-clientes:8081 with status UP (replication=true)
2026-02-21T16:07:15.062-05:00  INFO 84652 --- [eureka-server] [nio-8761-exec-1] c.n.e.registry.AbstractInstanceRegistry  : Registered instance MS-SERVICIOS/LAPTOP-1RVSALIH.mshome.net:ms-servicios:8082 with status UP (replication=false)
2026-02-21T16:07:15.585-05:00  INFO 84652 --- [eureka-server] [nio-8761-exec-4] c.n.e.registry.AbstractInstanceRegistry  : Registered instance MS-SERVICIOS/LAPTOP-1RVSALIH.mshome.net:ms-servicios:8082 with status UP (replication=true)
2026-02-21T16:07:20.086-05:00  INFO 84652 --- [eureka-server] [a-EvictionTimer] c.n.e.registry.AbstractInstanceRegistry  : Running the evict task with compensationTime 0ms
2026-02-21T16:07:31.991-05:00  INFO 84652 --- [eureka-server] [nio-8761-exec-5] c.n.e.registry.AbstractInstanceRegistry  : Registered instance MS-TRANSPORTISTAS/LAPTOP-1RVSALIH.mshome.net:ms-transportistas:8083 with status UP (replication=false)
2026-02-21T16:07:32.516-05:00  INFO 84652 --- [eureka-server] [nio-8761-exec-8] c.n.e.registry.AbstractInstanceRegistry  : Registered instance MS-TRANSPORTISTAS/LAPTOP-1RVSALIH.mshome.net:ms-transportistas:8083 with status UP (replication=true)
2026-02-21T16:07:44.182-05:00  INFO 84652 --- [eureka-server] [nio-8761-exec-3] c.n.e.registry.AbstractInstanceRegistry  : Registered instance API-GATEWAY/api-gateway:3ddbf96f4eb57a3240431e3fe710cbc8 with status UP (replication=false)
2026-02-21T16:07:44.715-05:00  INFO 84652 --- [eureka-server] [nio-8761-exec-2] c.n.e.registry.AbstractInstanceRegistry  : Registered instance API-GATEWAY/api-gateway:3ddbf96f4eb57a3240431e3fe710cbc8 with status UP (replication=true)
2026-02-21T16:08:20.089-05:00  INFO 84652 --- [eureka-server] [a-EvictionTimer] c.n.e.registry.AbstractInstanceRegistry  : Running the evict task with compensationTime 2ms
2026-02-21T16:09:20.104-05:00  INFO 84652 --- [eureka-server] [a-EvictionTimer] c.n.e.registry.AbstractInstanceRegistry  : Running the evict task with compensationTime 14ms
2026-02-21T16:10:20.118-05:00  INFO 84652 --- [eureka-server] [a-EvictionTimer] c.n.e.registry.AbstractInstanceRegistry  : Running the evict task with compensationTime 14ms
2026-02-21T16:11:20.130-05:00  INFO 84652 --- [eureka-server] [a-EvictionTimer] c.n.e.registry.AbstractInstanceRegistry  : Running the evict task with compensationTime 12ms
2026-02-21T16:12:20.135-05:00  INFO 84652 --- [eureka-server] [a-EvictionTimer] c.n.e.registry.AbstractInstanceRegistry  : Running the evict task with compensationTime 4ms
2026-02-21T16:13:20.145-05:00  INFO 84652 --- [eureka-server] [a-EvictionTimer] c.n.e.registry.AbstractInstanceRegistry  : Running the evict task with compensationTime 10ms
2026-02-21T16:14:20.157-05:00  INFO 84652 --- [eureka-server] [a-EvictionTimer] c.n.e.registry.AbstractInstanceRegistry  : Running the evict task with compensationTime 12ms
2026-02-21T16:15:20.161-05:00  INFO 84652 --- [eureka-server] [a-EvictionTimer] c.n.e.registry.AbstractInstanceRegistry  : Running the evict task with compensationTime 2ms
2026-02-21T16:16:20.169-05:00  INFO 84652 --- [eureka-server] [a-EvictionTimer] c.n.e.registry.AbstractInstanceRegistry  : Running the evict task with compensationTime 8ms
2026-02-21T16:17:20.182-05:00  INFO 84652 --- [eureka-server] [a-EvictionTimer] c.n.e.registry.AbstractInstanceRegistry  : Running the evict task with compensationTime 12ms
2026-02-21T16:17:37.193-05:00  INFO 84652 --- [eureka-server] [nio-8761-exec-6] c.n.e.registry.AbstractInstanceRegistry  : Registered instance MS-TRANSPORTISTAS/LAPTOP-1RVSALIH.mshome.net:ms-transportistas:8083 with status DOWN (replication=false)
2026-02-21T16:17:37.720-05:00  INFO 84652 --- [eureka-server] [nio-8761-exec-8] c.n.e.registry.AbstractInstanceRegistry  : Registered instance MS-TRANSPORTISTAS/LAPTOP-1RVSALIH.mshome.net:ms-transportistas:8083 with status DOWN (replication=true)
2026-02-21T16:17:40.306-05:00  INFO 84652 --- [eureka-server] [nio-8761-exec-7] c.n.e.registry.AbstractInstanceRegistry  : Cancelled instance MS-TRANSPORTISTAS/LAPTOP-1RVSALIH.mshome.net:ms-transportistas:8083 (replication=false)
2026-02-21T16:17:40.819-05:00  WARN 84652 --- [eureka-server] [nio-8761-exec-3] c.n.e.registry.AbstractInstanceRegistry  : DS: Registry: cancel failed because Lease is not registered for: MS-TRANSPORTISTAS/LAPTOP-1RVSALIH.mshome.net:ms-transportistas:8083
2026-02-21T16:17:40.820-05:00  INFO 84652 --- [eureka-server] [nio-8761-exec-3] c.n.eureka.resources.InstanceResource    : Not Found (Cancel): MS-TRANSPORTISTAS - LAPTOP-1RVSALIH.mshome.net:ms-transportistas:8083
2026-02-21T16:17:40.822-05:00  WARN 84652 --- [eureka-server] [get_localhost-6] c.n.eureka.cluster.ReplicationTask       : The replication of task MS-TRANSPORTISTAS/LAPTOP-1RVSALIH.mshome.net:ms-transportistas:8083:Cancel@localhost failed with response code 404
2026-02-21T16:17:40.824-05:00  WARN 84652 --- [eureka-server] [get_localhost-6] c.netflix.eureka.cluster.PeerEurekaNode  : MS-TRANSPORTISTAS/LAPTOP-1RVSALIH.mshome.net:ms-transportistas:8083:Cancel@localhost: missing entry.
2026-02-21T16:17:43.412-05:00  INFO 84652 --- [eureka-server] [nio-8761-exec-6] c.n.e.registry.AbstractInstanceRegistry  : Registered instance MS-TRANSPORTISTAS/LAPTOP-1RVSALIH.mshome.net:ms-transportistas:8083 with status UP (replication=false)
2026-02-21T16:17:43.940-05:00  INFO 84652 --- [eureka-server] [nio-8761-exec-8] c.n.e.registry.AbstractInstanceRegistry  : Registered instance MS-TRANSPORTISTAS/LAPTOP-1RVSALIH.mshome.net:ms-transportistas:8083 with status UP (replication=true)
2026-02-21T16:18:16.028-05:00  INFO 84652 --- [eureka-server] [io-8761-exec-10] c.n.e.registry.AbstractInstanceRegistry  : Registered instance MS-TRANSPORTISTAS/LAPTOP-1RVSALIH.mshome.net:ms-transportistas:8083 with status UP (replication=false)
2026-02-21T16:18:16.542-05:00  INFO 84652 --- [eureka-server] [nio-8761-exec-4] c.n.e.registry.AbstractInstanceRegistry  : Registered instance MS-TRANSPORTISTAS/LAPTOP-1RVSALIH.mshome.net:ms-transportistas:8083 with status UP (replication=true)
2026-02-21T16:18:20.182-05:00  INFO 84652 --- [eureka-server] [a-EvictionTimer] c.n.e.registry.AbstractInstanceRegistry  : Running the evict task with compensationTime 0ms
2026-02-21T16:19:20.182-05:00  INFO 84652 --- [eureka-server] [a-EvictionTimer] c.n.e.registry.AbstractInstanceRegistry  : Running the evict task with compensationTime 0ms
2026-02-21T16:20:20.187-05:00  INFO 84652 --- [eureka-server] [a-EvictionTimer] c.n.e.registry.AbstractInstanceRegistry  : Running the evict task with compensationTime 4ms
2026-02-21T16:21:19.901-05:00  INFO 84652 --- [eureka-server] [hresholdUpdater] c.n.e.r.PeerAwareInstanceRegistryImpl    : Current renewal threshold is : 10
2026-02-21T16:21:20.199-05:00  INFO 84652 --- [eureka-server] [a-EvictionTimer] c.n.e.registry.AbstractInstanceRegistry  : Running the evict task with compensationTime 12ms
2026-02-21T16:22:20.207-05:00  INFO 84652 --- [eureka-server] [a-EvictionTimer] c.n.e.registry.AbstractInstanceRegistry  : Running the evict task with compensationTime 7ms
2026-02-21T16:23:20.210-05:00  INFO 84652 --- [eureka-server] [a-EvictionTimer] c.n.e.registry.AbstractInstanceRegistry  : Running the evict task with compensationTime 2ms
2026-02-21T16:24:20.213-05:00  INFO 84652 --- [eureka-server] [a-EvictionTimer] c.n.e.registry.AbstractInstanceRegistry  : Running the evict task with compensationTime 3ms
2026-02-21T16:25:20.221-05:00  INFO 84652 --- [eureka-server] [a-EvictionTimer] c.n.e.registry.AbstractInstanceRegistry  : Running the evict task with compensationTime 8ms
2026-02-21T16:26:20.228-05:00  INFO 84652 --- [eureka-server] [a-EvictionTimer] c.n.e.registry.AbstractInstanceRegistry  : Running the evict task with compensationTime 7ms
2026-02-21T16:27:20.243-05:00  INFO 84652 --- [eureka-server] [a-EvictionTimer] c.n.e.registry.AbstractInstanceRegistry  : Running the evict task with compensationTime 15ms
2026-02-21T16:28:20.248-05:00  INFO 84652 --- [eureka-server] [a-EvictionTimer] c.n.e.registry.AbstractInstanceRegistry  : Running the evict task with compensationTime 4ms
2026-02-21T16:29:20.250-05:00  INFO 84652 --- [eureka-server] [a-EvictionTimer] c.n.e.registry.AbstractInstanceRegistry  : Running the evict task with compensationTime 2ms
2026-02-21T16:30:20.254-05:00  INFO 84652 --- [eureka-server] [a-EvictionTimer] c.n.e.registry.AbstractInstanceRegistry  : Running the evict task with compensationTime 3ms
2026-02-21T16:31:20.260-05:00  INFO 84652 --- [eureka-server] [a-EvictionTimer] c.n.e.registry.AbstractInstanceRegistry  : Running the evict task with compensationTime 6ms
2026-02-21T16:32:20.268-05:00  INFO 84652 --- [eureka-server] [a-EvictionTimer] c.n.e.registry.AbstractInstanceRegistry  : Running the evict task with compensationTime 6ms
2026-02-21T16:33:20.274-05:00  INFO 84652 --- [eureka-server] [a-EvictionTimer] c.n.e.registry.AbstractInstanceRegistry  : Running the evict task with compensationTime 6ms
2026-02-21T16:34:20.290-05:00  INFO 84652 --- [eureka-server] [a-EvictionTimer] c.n.e.registry.AbstractInstanceRegistry  : Running the evict task with compensationTime 16ms
2026-02-21T16:35:20.294-05:00  INFO 84652 --- [eureka-server] [a-EvictionTimer] c.n.e.registry.AbstractInstanceRegistry  : Running the evict task with compensationTime 3ms
2026-02-21T16:36:19.902-05:00  INFO 84652 --- [eureka-server] [hresholdUpdater] c.n.e.r.PeerAwareInstanceRegistryImpl    : Current renewal threshold is : 10
2026-02-21T16:36:20.296-05:00  INFO 84652 --- [eureka-server] [a-EvictionTimer] c.n.e.registry.AbstractInstanceRegistry  : Running the evict task with compensationTime 1ms
2026-02-21T16:37:20.300-05:00  INFO 84652 --- [eureka-server] [a-EvictionTimer] c.n.e.registry.AbstractInstanceRegistry  : Running the evict task with compensationTime 4ms
2026-02-21T16:38:20.307-05:00  INFO 84652 --- [eureka-server] [a-EvictionTimer] c.n.e.registry.AbstractInstanceRegistry  : Running the evict task with compensationTime 7ms
2026-02-21T16:39:20.314-05:00  INFO 84652 --- [eureka-server] [a-EvictionTimer] c.n.e.registry.AbstractInstanceRegistry  : Running the evict task with compensationTime 6ms
2026-02-21T16:40:20.316-05:00  INFO 84652 --- [eureka-server] [a-EvictionTimer] c.n.e.registry.AbstractInstanceRegistry  : Running the evict task with compensationTime 1ms
2026-02-21T16:41:20.327-05:00  INFO 84652 --- [eureka-server] [a-EvictionTimer] c.n.e.registry.AbstractInstanceRegistry  : Running the evict task with compensationTime 11ms
2026-02-21T16:42:20.342-05:00  INFO 84652 --- [eureka-server] [a-EvictionTimer] c.n.e.registry.AbstractInstanceRegistry  : Running the evict task with compensationTime 15ms
2026-02-21T16:43:20.349-05:00  INFO 84652 --- [eureka-server] [a-EvictionTimer] c.n.e.registry.AbstractInstanceRegistry  : Running the evict task with compensationTime 6ms
2026-02-21T16:44:20.350-05:00  INFO 84652 --- [eureka-server] [a-EvictionTimer] c.n.e.registry.AbstractInstanceRegistry  : Running the evict task with compensationTime 2ms
2026-02-21T16:45:20.351-05:00  INFO 84652 --- [eureka-server] [a-EvictionTimer] c.n.e.registry.AbstractInstanceRegistry  : Running the evict task with compensationTime 0ms
2026-02-21T16:46:20.353-05:00  INFO 84652 --- [eureka-server] [a-EvictionTimer] c.n.e.registry.AbstractInstanceRegistry  : Running the evict task with compensationTime 1ms
2026-02-21T16:47:20.362-05:00  INFO 84652 --- [eureka-server] [a-EvictionTimer] c.n.e.registry.AbstractInstanceRegistry  : Running the evict task with compensationTime 8ms
2026-02-21T16:48:20.376-05:00  INFO 84652 --- [eureka-server] [a-EvictionTimer] c.n.e.registry.AbstractInstanceRegistry  : Running the evict task with compensationTime 14ms
2026-02-21T16:49:20.383-05:00  INFO 84652 --- [eureka-server] [a-EvictionTimer] c.n.e.registry.AbstractInstanceRegistry  : Running the evict task with compensationTime 6ms
2026-02-21T16:50:20.390-05:00  INFO 84652 --- [eureka-server] [a-EvictionTimer] c.n.e.registry.AbstractInstanceRegistry  : Running the evict task with compensationTime 7ms
2026-02-21T16:51:19.909-05:00  INFO 84652 --- [eureka-server] [hresholdUpdater] c.n.e.r.PeerAwareInstanceRegistryImpl    : Current renewal threshold is : 10
2026-02-21T16:51:20.394-05:00  INFO 84652 --- [eureka-server] [a-EvictionTimer] c.n.e.registry.AbstractInstanceRegistry  : Running the evict task with compensationTime 3ms
2026-02-21T16:52:20.399-05:00  INFO 84652 --- [eureka-server] [a-EvictionTimer] c.n.e.registry.AbstractInstanceRegistry  : Running the evict task with compensationTime 5ms
2026-02-21T16:53:20.402-05:00  INFO 84652 --- [eureka-server] [a-EvictionTimer] c.n.e.registry.AbstractInstanceRegistry  : Running the evict task with compensationTime 4ms
2026-02-21T16:54:20.407-05:00  INFO 84652 --- [eureka-server] [a-EvictionTimer] c.n.e.registry.AbstractInstanceRegistry  : Running the evict task with compensationTime 4ms
2026-02-21T16:55:20.408-05:00  INFO 84652 --- [eureka-server] [a-EvictionTimer] c.n.e.registry.AbstractInstanceRegistry  : Running the evict task with compensationTime 0ms
2026-02-21T16:56:20.415-05:00  INFO 84652 --- [eureka-server] [a-EvictionTimer] c.n.e.registry.AbstractInstanceRegistry  : Running the evict task with compensationTime 7ms
2026-02-21T16:57:20.429-05:00  INFO 84652 --- [eureka-server] [a-EvictionTimer] c.n.e.registry.AbstractInstanceRegistry  : Running the evict task with compensationTime 14ms
2026-02-21T16:58:20.436-05:00  INFO 84652 --- [eureka-server] [a-EvictionTimer] c.n.e.registry.AbstractInstanceRegistry  : Running the evict task with compensationTime 7ms
2026-02-21T18:46:29.574-05:00  INFO 84652 --- [eureka-server] [a-EvictionTimer] c.n.e.registry.AbstractInstanceRegistry  : Running the evict task with compensationTime 6429137ms
