[INFO] Scanning for projects...
[INFO] 
[INFO] ---------------------< com.transporte:ms-clientes >---------------------
[INFO] Building ms-clientes 0.0.1-SNAPSHOT
[INFO]   from pom.xml
[INFO] --------------------------------[ jar ]---------------------------------
[INFO] 
[INFO] >>> spring-boot:4.0.2:run (default-cli) > test-compile @ ms-clientes >>>
[INFO] 
[INFO] --- resources:3.3.1:resources (default-resources) @ ms-clientes ---
[INFO] Copying 2 resources from src\main\resources to target\classes
[INFO] Copying 0 resource from src\main\resources to target\classes
[INFO] 
[INFO] --- compiler:3.14.1:compile (default-compile) @ ms-clientes ---
[INFO] Nothing to compile - all classes are up to date.
[INFO] 
[INFO] --- resources:3.3.1:testResources (default-testResources) @ ms-clientes ---
[INFO] Not copying test resources
[INFO] 
[INFO] --- compiler:3.14.1:testCompile (default-testCompile) @ ms-clientes ---
[INFO] Not compiling test sources
[INFO] 
[INFO] <<< spring-boot:4.0.2:run (default-cli) < test-compile @ ms-clientes <<<
[INFO] 
[INFO] 
[INFO] --- spring-boot:4.0.2:run (default-cli) @ ms-clientes ---
[INFO] Attaching agents: []

  .   ____          _            __ _ _
 /\\ / ___'_ __ _ _(_)_ __  __ _ \ \ \ \
( ( )\___ | '_ | '_| | '_ \/ _` | \ \ \ \
 \\/  ___)| |_)| | | | | || (_| |  ) ) ) )
  '  |____| .__|_| |_|_| |_\__, | / / / /
 =========|_|==============|___/=/_/_/_/

 :: Spring Boot ::                (v4.0.2)

2026-02-21T16:06:47.157-05:00  INFO 82052 --- [ms-clientes] [  restartedMain] c.c.ms_clientes.MsClientesApplication    : Starting MsClientesApplication using Java 21.0.10 with PID 82052 (C:\Users\jhost\Desktop\CIBERTEC\proyecto-transportes\ms-clientes\target\classes started by jhost in C:\Users\jhost\Desktop\CIBERTEC\proyecto-transportes\ms-clientes)
2026-02-21T16:06:47.171-05:00  INFO 82052 --- [ms-clientes] [  restartedMain] c.c.ms_clientes.MsClientesApplication    : No active profile set, falling back to 1 default profile: "default"
2026-02-21T16:06:47.239-05:00  INFO 82052 --- [ms-clientes] [  restartedMain] .e.DevToolsPropertyDefaultsPostProcessor : Devtools property defaults active! Set 'spring.devtools.add-properties' to 'false' to disable
2026-02-21T16:06:47.281-05:00  INFO 82052 --- [ms-clientes] [  restartedMain] .e.DevToolsPropertyDefaultsPostProcessor : For additional web related logging consider setting the 'logging.level.web' property to 'DEBUG'
2026-02-21T16:06:48.384-05:00  INFO 82052 --- [ms-clientes] [  restartedMain] .s.d.r.c.RepositoryConfigurationDelegate : Bootstrapping Spring Data JPA repositories in DEFAULT mode.
2026-02-21T16:06:48.615-05:00  INFO 82052 --- [ms-clientes] [  restartedMain] .s.d.r.c.RepositoryConfigurationDelegate : Finished Spring Data repository scanning in 220 ms. Found 1 JPA repository interface.
2026-02-21T16:06:49.037-05:00  INFO 82052 --- [ms-clientes] [  restartedMain] o.s.cloud.context.scope.GenericScope     : BeanFactory id=eaff62b7-06a5-313a-88e7-6f920e77cb35
2026-02-21T16:06:49.853-05:00  INFO 82052 --- [ms-clientes] [  restartedMain] o.s.boot.tomcat.TomcatWebServer          : Tomcat initialized with port 8081 (http)
2026-02-21T16:06:49.877-05:00  INFO 82052 --- [ms-clientes] [  restartedMain] o.apache.catalina.core.StandardService   : Starting service [Tomcat]
2026-02-21T16:06:49.883-05:00  INFO 82052 --- [ms-clientes] [  restartedMain] o.apache.catalina.core.StandardEngine    : Starting Servlet engine: [Apache Tomcat/11.0.15]
2026-02-21T16:06:49.979-05:00  INFO 82052 --- [ms-clientes] [  restartedMain] b.w.c.s.WebApplicationContextInitializer : Root WebApplicationContext: initialization completed in 2696 ms
2026-02-21T16:06:50.316-05:00  INFO 82052 --- [ms-clientes] [  restartedMain] org.hibernate.orm.jpa                    : HHH008540: Processing PersistenceUnitInfo [name: default]
2026-02-21T16:06:50.423-05:00  INFO 82052 --- [ms-clientes] [  restartedMain] org.hibernate.orm.core                   : HHH000001: Hibernate ORM core version 7.2.1.Final
2026-02-21T16:06:51.389-05:00  INFO 82052 --- [ms-clientes] [  restartedMain] o.s.o.j.p.SpringPersistenceUnitInfo      : No LoadTimeWeaver setup: ignoring JPA class transformer
2026-02-21T16:06:51.498-05:00  INFO 82052 --- [ms-clientes] [  restartedMain] com.zaxxer.hikari.HikariDataSource       : HikariPool-1 - Starting...
2026-02-21T16:06:51.796-05:00  INFO 82052 --- [ms-clientes] [  restartedMain] com.zaxxer.hikari.pool.HikariPool        : HikariPool-1 - Added connection org.postgresql.jdbc.PgConnection@2f31252a
2026-02-21T16:06:51.843-05:00  INFO 82052 --- [ms-clientes] [  restartedMain] com.zaxxer.hikari.HikariDataSource       : HikariPool-1 - Start completed.
2026-02-21T16:06:51.983-05:00  INFO 82052 --- [ms-clientes] [  restartedMain] org.hibernate.orm.connections.pooling    : HHH10001005: Database info:
	Database JDBC URL [jdbc:postgresql://localhost:5432/clientes_db]
	Database driver: PostgreSQL JDBC Driver
	Database dialect: PostgreSQLDialect
	Database version: 16.12
	Default catalog/schema: clientes_db/public
	Autocommit mode: undefined/unknown
	Isolation level: READ_COMMITTED [default READ_COMMITTED]
	JDBC fetch size: none
	Pool: DataSourceConnectionProvider
	Minimum pool size: undefined/unknown
	Maximum pool size: undefined/unknown
2026-02-21T16:06:53.595-05:00  INFO 82052 --- [ms-clientes] [  restartedMain] org.hibernate.orm.core                   : HHH000489: No JTA platform available (set 'hibernate.transaction.jta.platform' to enable JTA platform integration)
2026-02-21T16:06:53.767-05:00  INFO 82052 --- [ms-clientes] [  restartedMain] j.LocalContainerEntityManagerFactoryBean : Initialized JPA EntityManagerFactory for persistence unit 'default'
2026-02-21T16:06:53.912-05:00  INFO 82052 --- [ms-clientes] [  restartedMain] o.s.d.j.r.query.QueryEnhancerFactories   : Hibernate is in classpath; If applicable, HQL parser will be used.
2026-02-21T16:06:54.900-05:00  WARN 82052 --- [ms-clientes] [  restartedMain] JpaBaseConfiguration$JpaWebConfiguration : spring.jpa.open-in-view is enabled by default. Therefore, database queries may be performed during view rendering. Explicitly configure spring.jpa.open-in-view to disable this warning
2026-02-21T16:06:55.515-05:00  INFO 82052 --- [ms-clientes] [  restartedMain] DiscoveryClientOptionalArgsConfiguration : Eureka HTTP Client uses RestClient.
2026-02-21T16:06:55.648-05:00  WARN 82052 --- [ms-clientes] [  restartedMain] iguration$LoadBalancerCaffeineWarnLogger : Spring Cloud LoadBalancer is currently working with the default cache. While this cache implementation is useful for development and tests, it's recommended to use Caffeine cache in production.You can switch to using Caffeine cache, by adding it and org.springframework.cache.caffeine.CaffeineCacheManager to the classpath.
2026-02-21T16:06:55.749-05:00  INFO 82052 --- [ms-clientes] [  restartedMain] o.s.c.n.eureka.InstanceInfoFactory       : Setting initial instance status as: STARTING
2026-02-21T16:06:55.824-05:00  INFO 82052 --- [ms-clientes] [  restartedMain] com.netflix.discovery.DiscoveryClient    : Initializing Eureka in region us-east-1
2026-02-21T16:06:55.831-05:00  INFO 82052 --- [ms-clientes] [  restartedMain] c.n.d.s.r.aws.ConfigClusterResolver      : Resolving eureka endpoints via configuration
2026-02-21T16:06:55.844-05:00  INFO 82052 --- [ms-clientes] [  restartedMain] com.netflix.discovery.DiscoveryClient    : Disable delta property : false
2026-02-21T16:06:55.845-05:00  INFO 82052 --- [ms-clientes] [  restartedMain] com.netflix.discovery.DiscoveryClient    : Single vip registry refresh property : null
2026-02-21T16:06:55.845-05:00  INFO 82052 --- [ms-clientes] [  restartedMain] com.netflix.discovery.DiscoveryClient    : Force full registry fetch : false
2026-02-21T16:06:55.846-05:00  INFO 82052 --- [ms-clientes] [  restartedMain] com.netflix.discovery.DiscoveryClient    : Application is null : false
2026-02-21T16:06:55.846-05:00  INFO 82052 --- [ms-clientes] [  restartedMain] com.netflix.discovery.DiscoveryClient    : Registered Applications size is zero : true
2026-02-21T16:06:55.847-05:00  INFO 82052 --- [ms-clientes] [  restartedMain] com.netflix.discovery.DiscoveryClient    : Application version is -1: true
2026-02-21T16:06:55.847-05:00  INFO 82052 --- [ms-clientes] [  restartedMain] com.netflix.discovery.DiscoveryClient    : Getting all instance registry info from the eureka server
2026-02-21T16:06:56.344-05:00  INFO 82052 --- [ms-clientes] [  restartedMain] com.netflix.discovery.DiscoveryClient    : The response status is 200
2026-02-21T16:06:56.390-05:00  INFO 82052 --- [ms-clientes] [  restartedMain] com.netflix.discovery.DiscoveryClient    : Starting heartbeat executor: renew interval is: 30
2026-02-21T16:06:56.394-05:00  INFO 82052 --- [ms-clientes] [  restartedMain] c.n.discovery.InstanceInfoReplicator     : InstanceInfoReplicator onDemand update allowed rate per min is 4
2026-02-21T16:06:56.396-05:00  INFO 82052 --- [ms-clientes] [  restartedMain] com.netflix.discovery.DiscoveryClient    : Discovery Client initialized at timestamp 1771708016395 with initial instances count: 0
2026-02-21T16:06:56.403-05:00  INFO 82052 --- [ms-clientes] [  restartedMain] o.s.c.n.e.s.EurekaServiceRegistry        : Registering application MS-CLIENTES with eureka with status UP
2026-02-21T16:06:56.404-05:00  INFO 82052 --- [ms-clientes] [  restartedMain] com.netflix.discovery.DiscoveryClient    : Saw local status change event StatusChangeEvent [timestamp=1771708016404, current=UP, previous=STARTING]
2026-02-21T16:06:56.407-05:00  INFO 82052 --- [ms-clientes] [foReplicator-%d] com.netflix.discovery.DiscoveryClient    : DiscoveryClient_MS-CLIENTES/LAPTOP-1RVSALIH.mshome.net:ms-clientes:8081: registering service...
2026-02-21T16:06:56.434-05:00  INFO 82052 --- [ms-clientes] [  restartedMain] o.s.boot.tomcat.TomcatWebServer          : Tomcat started on port 8081 (http) with context path '/'
2026-02-21T16:06:56.436-05:00  INFO 82052 --- [ms-clientes] [  restartedMain] .s.c.n.e.s.EurekaAutoServiceRegistration : Updating port to 8081
2026-02-21T16:06:56.460-05:00  INFO 82052 --- [ms-clientes] [  restartedMain] c.c.ms_clientes.MsClientesApplication    : Started MsClientesApplication in 9.861 seconds (process running for 10.638)
2026-02-21T16:06:56.484-05:00  INFO 82052 --- [ms-clientes] [foReplicator-%d] com.netflix.discovery.DiscoveryClient    : DiscoveryClient_MS-CLIENTES/LAPTOP-1RVSALIH.mshome.net:ms-clientes:8081 - registration status: 204
