[INFO] Scanning for projects...
[INFO] 
[INFO] ---------------------< core.cibertec:ms-servicios >---------------------
[INFO] Building ms-servicios 0.0.1-SNAPSHOT
[INFO]   from pom.xml
[INFO] --------------------------------[ jar ]---------------------------------
[INFO] 
[INFO] >>> spring-boot:4.0.2:run (default-cli) > test-compile @ ms-servicios >>>
[INFO] 
[INFO] --- resources:3.3.1:resources (default-resources) @ ms-servicios ---
[INFO] Copying 1 resource from src\main\resources to target\classes
[INFO] Copying 0 resource from src\main\resources to target\classes
[INFO] 
[INFO] --- compiler:3.14.1:compile (default-compile) @ ms-servicios ---
[INFO] Nothing to compile - all classes are up to date.
[INFO] 
[INFO] --- resources:3.3.1:testResources (default-testResources) @ ms-servicios ---
[INFO] Not copying test resources
[INFO] 
[INFO] --- compiler:3.14.1:testCompile (default-testCompile) @ ms-servicios ---
[INFO] Not compiling test sources
[INFO] 
[INFO] <<< spring-boot:4.0.2:run (default-cli) < test-compile @ ms-servicios <<<
[INFO] 
[INFO] 
[INFO] --- spring-boot:4.0.2:run (default-cli) @ ms-servicios ---
[INFO] Attaching agents: []

  .   ____          _            __ _ _
 /\\ / ___'_ __ _ _(_)_ __  __ _ \ \ \ \
( ( )\___ | '_ | '_| | '_ \/ _` | \ \ \ \
 \\/  ___)| |_)| | | | | || (_| |  ) ) ) )
  '  |____| .__|_| |_|_| |_\__, | / / / /
 =========|_|==============|___/=/_/_/_/

 :: Spring Boot ::                (v4.0.2)

2026-02-21T14:59:54.228-05:00  INFO 79348 --- [ms-servicios] [           main] c.c.ms_servicios.MsServiciosApplication  : Starting MsServiciosApplication using Java 21.0.10 with PID 79348 (C:\Users\jhost\Desktop\CIBERTEC\proyecto-transportes\ms-servicios\target\classes started by jhost in C:\Users\jhost\Desktop\CIBERTEC\proyecto-transportes\ms-servicios)
2026-02-21T14:59:54.243-05:00  INFO 79348 --- [ms-servicios] [           main] c.c.ms_servicios.MsServiciosApplication  : No active profile set, falling back to 1 default profile: "default"
2026-02-21T14:59:55.548-05:00  INFO 79348 --- [ms-servicios] [           main] .s.d.r.c.RepositoryConfigurationDelegate : Bootstrapping Spring Data JPA repositories in DEFAULT mode.
2026-02-21T14:59:55.740-05:00  INFO 79348 --- [ms-servicios] [           main] .s.d.r.c.RepositoryConfigurationDelegate : Finished Spring Data repository scanning in 136 ms. Found 3 JPA repository interfaces.
2026-02-21T14:59:56.453-05:00  INFO 79348 --- [ms-servicios] [           main] o.s.cloud.context.scope.GenericScope     : BeanFactory id=f02f9f46-b60c-3d93-8b46-1eef12fc8f2e
2026-02-21T14:59:57.734-05:00  INFO 79348 --- [ms-servicios] [           main] o.s.boot.tomcat.TomcatWebServer          : Tomcat initialized with port 8082 (http)
2026-02-21T14:59:57.807-05:00  INFO 79348 --- [ms-servicios] [           main] o.apache.catalina.core.StandardService   : Starting service [Tomcat]
2026-02-21T14:59:57.810-05:00  INFO 79348 --- [ms-servicios] [           main] o.apache.catalina.core.StandardEngine    : Starting Servlet engine: [Apache Tomcat/11.0.15]
2026-02-21T14:59:57.950-05:00  INFO 79348 --- [ms-servicios] [           main] b.w.c.s.WebApplicationContextInitializer : Root WebApplicationContext: initialization completed in 3638 ms
2026-02-21T14:59:58.786-05:00  INFO 79348 --- [ms-servicios] [           main] org.hibernate.orm.jpa                    : HHH008540: Processing PersistenceUnitInfo [name: default]
2026-02-21T14:59:58.912-05:00  INFO 79348 --- [ms-servicios] [           main] org.hibernate.orm.core                   : HHH000001: Hibernate ORM core version 7.2.1.Final
2026-02-21T14:59:59.712-05:00  INFO 79348 --- [ms-servicios] [           main] o.s.o.j.p.SpringPersistenceUnitInfo      : No LoadTimeWeaver setup: ignoring JPA class transformer
2026-02-21T14:59:59.802-05:00  INFO 79348 --- [ms-servicios] [           main] com.zaxxer.hikari.HikariDataSource       : HikariPool-1 - Starting...
2026-02-21T15:00:00.084-05:00  INFO 79348 --- [ms-servicios] [           main] com.zaxxer.hikari.pool.HikariPool        : HikariPool-1 - Added connection org.postgresql.jdbc.PgConnection@4c81e7c2
2026-02-21T15:00:00.118-05:00  INFO 79348 --- [ms-servicios] [           main] com.zaxxer.hikari.HikariDataSource       : HikariPool-1 - Start completed.
2026-02-21T15:00:00.168-05:00  WARN 79348 --- [ms-servicios] [           main] org.hibernate.orm.deprecation            : HHH90000025: PostgreSQLDialect does not need to be specified explicitly using 'hibernate.dialect' (remove the property setting and it will be selected by default)
2026-02-21T15:00:00.255-05:00  INFO 79348 --- [ms-servicios] [           main] org.hibernate.orm.connections.pooling    : HHH10001005: Database info:
	Database JDBC URL [jdbc:postgresql://localhost:5432/dbservicios]
	Database driver: PostgreSQL JDBC Driver
	Database dialect: PostgreSQLDialect
	Database version: 16.12
	Default catalog/schema: dbservicios/public
	Autocommit mode: undefined/unknown
	Isolation level: READ_COMMITTED [default READ_COMMITTED]
	JDBC fetch size: none
	Pool: DataSourceConnectionProvider
	Minimum pool size: undefined/unknown
	Maximum pool size: undefined/unknown
2026-02-21T15:00:01.924-05:00  INFO 79348 --- [ms-servicios] [           main] org.hibernate.orm.core                   : HHH000489: No JTA platform available (set 'hibernate.transaction.jta.platform' to enable JTA platform integration)
2026-02-21T15:00:01.976-05:00  INFO 79348 --- [ms-servicios] [           main] org.hibernate.orm.jdbc.batch             : HHH100501: Automatic JDBC statement batching enabled (maximum batch size 20)
Hibernate: 
    create table shipment_category (
        category_id bigint not null,
        category_name varchar(255) not null,
        primary key (category_id)
    )
Hibernate: 
    create table shipment_status (
        status_id bigint not null,
        status_name varchar(255) not null,
        primary key (status_id)
    )
Hibernate: 
    create table shipments (
        shipment_id bigint not null,
        at_date timestamp(6),
        category_id bigint,
        client_id bigint,
        created_at timestamp(6),
        description varchar(255),
        destination varchar(255),
        order_number varchar(255),
        origin varchar(255),
        price float(53),
        status varchar(255),
        transport_id varchar(255),
        updated_at timestamp(6),
        volume float(53),
        weight float(53),
        status_id bigint,
        primary key (shipment_id)
    )
Hibernate: 
    alter table if exists shipment_category 
       drop constraint if exists UKs0rcp7ycsfg0vpoc5jshtk1n8
2026-02-21T15:00:02.170-05:00  WARN 79348 --- [ms-servicios] [           main] org.hibernate.orm.jdbc.warn              : HHH000247: ErrorCode: 0, SQLState: 00000
2026-02-21T15:00:02.171-05:00  WARN 79348 --- [ms-servicios] [           main] org.hibernate.orm.jdbc.warn              : constraint "uks0rcp7ycsfg0vpoc5jshtk1n8" of relation "shipment_category" does not exist, skipping
Hibernate: 
    alter table if exists shipment_category 
       add constraint UKs0rcp7ycsfg0vpoc5jshtk1n8 unique (category_name)
Hibernate: 
    alter table if exists shipment_status 
       drop constraint if exists UKpek9mrhl2eywygbbsdng6g776
2026-02-21T15:00:02.186-05:00  WARN 79348 --- [ms-servicios] [           main] org.hibernate.orm.jdbc.warn              : HHH000247: ErrorCode: 0, SQLState: 00000
2026-02-21T15:00:02.186-05:00  WARN 79348 --- [ms-servicios] [           main] org.hibernate.orm.jdbc.warn              : constraint "ukpek9mrhl2eywygbbsdng6g776" of relation "shipment_status" does not exist, skipping
Hibernate: 
    alter table if exists shipment_status 
       add constraint UKpek9mrhl2eywygbbsdng6g776 unique (status_name)
Hibernate: 
    create sequence shipment_id_seq start with 1 increment by 1
Hibernate: 
    alter table if exists shipments 
       add constraint FKgp6ck9klbyhklb71pc2vfdnfs 
       foreign key (category_id) 
       references shipment_category
Hibernate: 
    alter table if exists shipments 
       add constraint FKpy4e14pxn7gxkdwhqieo99kjk 
       foreign key (status_id) 
       references shipment_status
2026-02-21T15:00:02.217-05:00  INFO 79348 --- [ms-servicios] [           main] j.LocalContainerEntityManagerFactoryBean : Initialized JPA EntityManagerFactory for persistence unit 'default'
2026-02-21T15:00:02.464-05:00  INFO 79348 --- [ms-servicios] [           main] o.s.d.j.r.query.QueryEnhancerFactories   : Hibernate is in classpath; If applicable, HQL parser will be used.
2026-02-21T15:00:03.445-05:00  WARN 79348 --- [ms-servicios] [           main] JpaBaseConfiguration$JpaWebConfiguration : spring.jpa.open-in-view is enabled by default. Therefore, database queries may be performed during view rendering. Explicitly configure spring.jpa.open-in-view to disable this warning
2026-02-21T15:00:03.736-05:00  INFO 79348 --- [ms-servicios] [           main] o.s.c.openfeign.FeignClientFactoryBean   : For 'ms-clientes' URL not provided. Will try picking an instance via load-balancing.
2026-02-21T15:00:03.944-05:00  INFO 79348 --- [ms-servicios] [           main] o.s.c.openfeign.FeignClientFactoryBean   : For 'ms-transportistas' URL not provided. Will try picking an instance via load-balancing.
2026-02-21T15:00:06.791-05:00  INFO 79348 --- [ms-servicios] [           main] DiscoveryClientOptionalArgsConfiguration : Eureka HTTP Client uses RestClient.
2026-02-21T15:00:07.054-05:00  WARN 79348 --- [ms-servicios] [           main] iguration$LoadBalancerCaffeineWarnLogger : Spring Cloud LoadBalancer is currently working with the default cache. While this cache implementation is useful for development and tests, it's recommended to use Caffeine cache in production.You can switch to using Caffeine cache, by adding it and org.springframework.cache.caffeine.CaffeineCacheManager to the classpath.
2026-02-21T15:00:07.099-05:00  INFO 79348 --- [ms-servicios] [           main] o.s.b.a.e.web.EndpointLinksResolver      : Exposing 1 endpoint beneath base path '/actuator'
2026-02-21T15:00:07.306-05:00  INFO 79348 --- [ms-servicios] [           main] o.s.c.n.eureka.InstanceInfoFactory       : Setting initial instance status as: STARTING
2026-02-21T15:00:07.401-05:00  INFO 79348 --- [ms-servicios] [           main] com.netflix.discovery.DiscoveryClient    : Initializing Eureka in region us-east-1
2026-02-21T15:00:07.452-05:00  INFO 79348 --- [ms-servicios] [           main] c.n.d.s.r.aws.ConfigClusterResolver      : Resolving eureka endpoints via configuration
2026-02-21T15:00:07.471-05:00  INFO 79348 --- [ms-servicios] [           main] com.netflix.discovery.DiscoveryClient    : Disable delta property : false
2026-02-21T15:00:07.471-05:00  INFO 79348 --- [ms-servicios] [           main] com.netflix.discovery.DiscoveryClient    : Single vip registry refresh property : null
2026-02-21T15:00:07.472-05:00  INFO 79348 --- [ms-servicios] [           main] com.netflix.discovery.DiscoveryClient    : Force full registry fetch : false
2026-02-21T15:00:07.472-05:00  INFO 79348 --- [ms-servicios] [           main] com.netflix.discovery.DiscoveryClient    : Application is null : false
2026-02-21T15:00:07.474-05:00  INFO 79348 --- [ms-servicios] [           main] com.netflix.discovery.DiscoveryClient    : Registered Applications size is zero : true
2026-02-21T15:00:07.474-05:00  INFO 79348 --- [ms-servicios] [           main] com.netflix.discovery.DiscoveryClient    : Application version is -1: true
2026-02-21T15:00:07.475-05:00  INFO 79348 --- [ms-servicios] [           main] com.netflix.discovery.DiscoveryClient    : Getting all instance registry info from the eureka server
2026-02-21T15:00:07.974-05:00  INFO 79348 --- [ms-servicios] [           main] com.netflix.discovery.DiscoveryClient    : The response status is 200
2026-02-21T15:00:08.021-05:00  INFO 79348 --- [ms-servicios] [           main] com.netflix.discovery.DiscoveryClient    : Starting heartbeat executor: renew interval is: 30
2026-02-21T15:00:08.027-05:00  INFO 79348 --- [ms-servicios] [           main] c.n.discovery.InstanceInfoReplicator     : InstanceInfoReplicator onDemand update allowed rate per min is 4
2026-02-21T15:00:08.031-05:00  INFO 79348 --- [ms-servicios] [           main] com.netflix.discovery.DiscoveryClient    : Discovery Client initialized at timestamp 1771704008030 with initial instances count: 2
2026-02-21T15:00:08.048-05:00  INFO 79348 --- [ms-servicios] [           main] o.s.c.n.e.s.EurekaServiceRegistry        : Registering application MS-SERVICIOS with eureka with status UP
2026-02-21T15:00:08.050-05:00  INFO 79348 --- [ms-servicios] [           main] com.netflix.discovery.DiscoveryClient    : Saw local status change event StatusChangeEvent [timestamp=1771704008049, current=UP, previous=STARTING]
2026-02-21T15:00:08.053-05:00  INFO 79348 --- [ms-servicios] [foReplicator-%d] com.netflix.discovery.DiscoveryClient    : DiscoveryClient_MS-SERVICIOS/LAPTOP-1RVSALIH.mshome.net:ms-servicios:8082: registering service...
2026-02-21T15:00:08.079-05:00  INFO 79348 --- [ms-servicios] [           main] o.s.boot.tomcat.TomcatWebServer          : Tomcat started on port 8082 (http) with context path '/'
2026-02-21T15:00:08.083-05:00  INFO 79348 --- [ms-servicios] [           main] .s.c.n.e.s.EurekaAutoServiceRegistration : Updating port to 8082
2026-02-21T15:00:08.110-05:00  INFO 79348 --- [ms-servicios] [           main] c.c.ms_servicios.MsServiciosApplication  : Started MsServiciosApplication in 14.382 seconds (process running for 15.168)
2026-02-21T15:00:08.115-05:00  INFO 79348 --- [ms-servicios] [foReplicator-%d] com.netflix.discovery.DiscoveryClient    : DiscoveryClient_MS-SERVICIOS/LAPTOP-1RVSALIH.mshome.net:ms-servicios:8082 - registration status: 204
Hibernate: 
    select
        sse1_0.status_id,
        sse1_0.status_name 
    from
        shipment_status sse1_0 
    where
        sse1_0.status_id=?
Hibernate: 
    select
        sse1_0.status_id,
        sse1_0.status_name 
    from
        shipment_status sse1_0 
    where
        upper(sse1_0.status_name)=upper(?)
Hibernate: 
    select
        sse1_0.status_id,
        sse1_0.status_name 
    from
        shipment_status sse1_0 
    where
        sse1_0.status_id=?
Hibernate: 
    insert 
    into
        shipment_status
        (status_name, status_id) 
    values
        (?, ?)
Hibernate: 
    select
        sse1_0.status_id,
        sse1_0.status_name 
    from
        shipment_status sse1_0 
    where
        sse1_0.status_id=?
Hibernate: 
    select
        sse1_0.status_id,
        sse1_0.status_name 
    from
        shipment_status sse1_0 
    where
        upper(sse1_0.status_name)=upper(?)
Hibernate: 
    select
        sse1_0.status_id,
        sse1_0.status_name 
    from
        shipment_status sse1_0 
    where
        sse1_0.status_id=?
Hibernate: 
    insert 
    into
        shipment_status
        (status_name, status_id) 
    values
        (?, ?)
Hibernate: 
    select
        sse1_0.status_id,
        sse1_0.status_name 
    from
        shipment_status sse1_0 
    where
        sse1_0.status_id=?
Hibernate: 
    select
        sse1_0.status_id,
        sse1_0.status_name 
    from
        shipment_status sse1_0 
    where
        upper(sse1_0.status_name)=upper(?)
Hibernate: 
    select
        sse1_0.status_id,
        sse1_0.status_name 
    from
        shipment_status sse1_0 
    where
        sse1_0.status_id=?
Hibernate: 
    insert 
    into
        shipment_status
        (status_name, status_id) 
    values
        (?, ?)
Hibernate: 
    select
        sse1_0.status_id,
        sse1_0.status_name 
    from
        shipment_status sse1_0 
    where
        sse1_0.status_id=?
Hibernate: 
    select
        sse1_0.status_id,
        sse1_0.status_name 
    from
        shipment_status sse1_0 
    where
        upper(sse1_0.status_name)=upper(?)
Hibernate: 
    select
        sse1_0.status_id,
        sse1_0.status_name 
    from
        shipment_status sse1_0 
    where
        sse1_0.status_id=?
Hibernate: 
    insert 
    into
        shipment_status
        (status_name, status_id) 
    values
        (?, ?)
Hibernate: 
    select
        sse1_0.status_id,
        sse1_0.status_name 
    from
        shipment_status sse1_0 
    where
        sse1_0.status_id=?
Hibernate: 
    select
        sse1_0.status_id,
        sse1_0.status_name 
    from
        shipment_status sse1_0 
    where
        upper(sse1_0.status_name)=upper(?)
Hibernate: 
    select
        sse1_0.status_id,
        sse1_0.status_name 
    from
        shipment_status sse1_0 
    where
        sse1_0.status_id=?
Hibernate: 
    insert 
    into
        shipment_status
        (status_name, status_id) 
    values
        (?, ?)
Hibernate: 
    select
        sse1_0.status_id,
        sse1_0.status_name 
    from
        shipment_status sse1_0 
    where
        sse1_0.status_id=?
Hibernate: 
    select
        se1_0.shipment_id,
        se1_0.at_date,
        se1_0.category_id,
        se1_0.client_id,
        se1_0.created_at,
        se1_0.description,
        se1_0.destination,
        se1_0.order_number,
        se1_0.origin,
        se1_0.price,
        se1_0.status,
        se1_0.status_id,
        se1_0.transport_id,
        se1_0.updated_at,
        se1_0.volume,
        se1_0.weight 
    from
        shipments se1_0
Hibernate: 
    select
        sce1_0.category_id,
        sce1_0.category_name 
    from
        shipment_category sce1_0 
    where
        sce1_0.category_id=?
Hibernate: 
    select
        sce1_0.category_id,
        sce1_0.category_name 
    from
        shipment_category sce1_0 
    where
        upper(sce1_0.category_name)=upper(?)
Hibernate: 
    select
        sce1_0.category_id,
        sce1_0.category_name 
    from
        shipment_category sce1_0 
    where
        sce1_0.category_id=?
Hibernate: 
    insert 
    into
        shipment_category
        (category_name, category_id) 
    values
        (?, ?)
Hibernate: 
    select
        sce1_0.category_id,
        sce1_0.category_name 
    from
        shipment_category sce1_0 
    where
        sce1_0.category_id=?
Hibernate: 
    select
        sce1_0.category_id,
        sce1_0.category_name 
    from
        shipment_category sce1_0 
    where
        upper(sce1_0.category_name)=upper(?)
Hibernate: 
    select
        sce1_0.category_id,
        sce1_0.category_name 
    from
        shipment_category sce1_0 
    where
        sce1_0.category_id=?
Hibernate: 
    insert 
    into
        shipment_category
        (category_name, category_id) 
    values
        (?, ?)
Hibernate: 
    select
        sce1_0.category_id,
        sce1_0.category_name 
    from
        shipment_category sce1_0 
    where
        sce1_0.category_id=?
Hibernate: 
    select
        sce1_0.category_id,
        sce1_0.category_name 
    from
        shipment_category sce1_0 
    where
        upper(sce1_0.category_name)=upper(?)
Hibernate: 
    select
        sce1_0.category_id,
        sce1_0.category_name 
    from
        shipment_category sce1_0 
    where
        sce1_0.category_id=?
Hibernate: 
    insert 
    into
        shipment_category
        (category_name, category_id) 
    values
        (?, ?)
Hibernate: 
    select
        sce1_0.category_id,
        sce1_0.category_name 
    from
        shipment_category sce1_0 
    where
        sce1_0.category_id=?
Hibernate: 
    select
        sce1_0.category_id,
        sce1_0.category_name 
    from
        shipment_category sce1_0 
    where
        upper(sce1_0.category_name)=upper(?)
Hibernate: 
    select
        sce1_0.category_id,
        sce1_0.category_name 
    from
        shipment_category sce1_0 
    where
        sce1_0.category_id=?
Hibernate: 
    insert 
    into
        shipment_category
        (category_name, category_id) 
    values
        (?, ?)
2026-02-21T15:01:43.227-05:00  INFO 79348 --- [ms-servicios] [nio-8082-exec-3] o.a.c.c.C.[Tomcat].[localhost].[/]       : Initializing Spring DispatcherServlet 'dispatcherServlet'
2026-02-21T15:01:43.227-05:00  INFO 79348 --- [ms-servicios] [nio-8082-exec-3] o.s.web.servlet.DispatcherServlet        : Initializing Servlet 'dispatcherServlet'
2026-02-21T15:01:43.232-05:00  INFO 79348 --- [ms-servicios] [nio-8082-exec-3] o.s.web.servlet.DispatcherServlet        : Completed initialization in 5 ms
Hibernate: 
    select
        sse1_0.status_id,
        sse1_0.status_name 
    from
        shipment_status sse1_0
Hibernate: 
    select
        sce1_0.category_id,
        sce1_0.category_name 
    from
        shipment_category sce1_0
Hibernate: 
    select
        se1_0.shipment_id,
        se1_0.at_date,
        se1_0.category_id,
        se1_0.client_id,
        se1_0.created_at,
        se1_0.description,
        se1_0.destination,
        se1_0.order_number,
        se1_0.origin,
        se1_0.price,
        se1_0.status,
        se1_0.status_id,
        se1_0.transport_id,
        se1_0.updated_at,
        se1_0.volume,
        se1_0.weight 
    from
        shipments se1_0
