[INFO] Scanning for projects...
[INFO] 
[INFO] ------------------< com.transporte:ms-transportistas >------------------
[INFO] Building ms-transportistas 0.0.1-SNAPSHOT
[INFO]   from pom.xml
[INFO] --------------------------------[ jar ]---------------------------------
[INFO] 
[INFO] >>> spring-boot:4.0.2:run (default-cli) > test-compile @ ms-transportistas >>>
[INFO] 
[INFO] --- resources:3.3.1:resources (default-resources) @ ms-transportistas ---
[INFO] Copying 1 resource from src\main\resources to target\classes
[INFO] Copying 0 resource from src\main\resources to target\classes
[INFO] 
[INFO] --- compiler:3.14.1:compile (default-compile) @ ms-transportistas ---
[INFO] Nothing to compile - all classes are up to date.
[INFO] 
[INFO] --- resources:3.3.1:testResources (default-testResources) @ ms-transportistas ---
[INFO] Not copying test resources
[INFO] 
[INFO] --- compiler:3.14.1:testCompile (default-testCompile) @ ms-transportistas ---
[INFO] Not compiling test sources
[INFO] 
[INFO] <<< spring-boot:4.0.2:run (default-cli) < test-compile @ ms-transportistas <<<
[INFO] 
[INFO] 
[INFO] --- spring-boot:4.0.2:run (default-cli) @ ms-transportistas ---
[INFO] Attaching agents: []

  .   ____          _            __ _ _
 /\\ / ___'_ __ _ _(_)_ __  __ _ \ \ \ \
( ( )\___ | '_ | '_| | '_ \/ _` | \ \ \ \
 \\/  ___)| |_)| | | | | || (_| |  ) ) ) )
  '  |____| .__|_| |_|_| |_\__, | / / / /
 =========|_|==============|___/=/_/_/_/

 :: Spring Boot ::                (v4.0.2)

2026-02-21T15:00:18.738-05:00  INFO 65016 --- [ms-transportistas] [  restartedMain] c.t.m.MsTransportistasApplication        : Starting MsTransportistasApplication using Java 21.0.10 with PID 65016 (C:\Users\jhost\Desktop\CIBERTEC\proyecto-transportes\ms-transportistas\target\classes started by jhost in C:\Users\jhost\Desktop\CIBERTEC\proyecto-transportes\ms-transportistas)
2026-02-21T15:00:18.783-05:00  INFO 65016 --- [ms-transportistas] [  restartedMain] c.t.m.MsTransportistasApplication        : No active profile set, falling back to 1 default profile: "default"
2026-02-21T15:00:18.859-05:00  INFO 65016 --- [ms-transportistas] [  restartedMain] .e.DevToolsPropertyDefaultsPostProcessor : Devtools property defaults active! Set 'spring.devtools.add-properties' to 'false' to disable
2026-02-21T15:00:18.886-05:00  INFO 65016 --- [ms-transportistas] [  restartedMain] .e.DevToolsPropertyDefaultsPostProcessor : For additional web related logging consider setting the 'logging.level.web' property to 'DEBUG'
2026-02-21T15:00:19.868-05:00  INFO 65016 --- [ms-transportistas] [  restartedMain] .s.d.r.c.RepositoryConfigurationDelegate : Bootstrapping Spring Data JPA repositories in DEFAULT mode.
2026-02-21T15:00:20.107-05:00  INFO 65016 --- [ms-transportistas] [  restartedMain] .s.d.r.c.RepositoryConfigurationDelegate : Finished Spring Data repository scanning in 181 ms. Found 1 JPA repository interface.
2026-02-21T15:00:20.663-05:00  INFO 65016 --- [ms-transportistas] [  restartedMain] o.s.cloud.context.scope.GenericScope     : BeanFactory id=99926a74-a199-35f7-884d-7e3d8e1b7142
2026-02-21T15:00:21.614-05:00  INFO 65016 --- [ms-transportistas] [  restartedMain] o.s.boot.tomcat.TomcatWebServer          : Tomcat initialized with port 8083 (http)
2026-02-21T15:00:21.644-05:00  INFO 65016 --- [ms-transportistas] [  restartedMain] o.apache.catalina.core.StandardService   : Starting service [Tomcat]
2026-02-21T15:00:21.647-05:00  INFO 65016 --- [ms-transportistas] [  restartedMain] o.apache.catalina.core.StandardEngine    : Starting Servlet engine: [Apache Tomcat/11.0.15]
2026-02-21T15:00:21.749-05:00  INFO 65016 --- [ms-transportistas] [  restartedMain] b.w.c.s.WebApplicationContextInitializer : Root WebApplicationContext: initialization completed in 2861 ms
2026-02-21T15:00:22.055-05:00  INFO 65016 --- [ms-transportistas] [  restartedMain] org.hibernate.orm.jpa                    : HHH008540: Processing PersistenceUnitInfo [name: default]
2026-02-21T15:00:22.210-05:00  INFO 65016 --- [ms-transportistas] [  restartedMain] org.hibernate.orm.core                   : HHH000001: Hibernate ORM core version 7.2.1.Final
2026-02-21T15:00:23.193-05:00  INFO 65016 --- [ms-transportistas] [  restartedMain] o.s.o.j.p.SpringPersistenceUnitInfo      : No LoadTimeWeaver setup: ignoring JPA class transformer
2026-02-21T15:00:23.287-05:00  INFO 65016 --- [ms-transportistas] [  restartedMain] com.zaxxer.hikari.HikariDataSource       : HikariPool-1 - Starting...
2026-02-21T15:00:23.524-05:00  INFO 65016 --- [ms-transportistas] [  restartedMain] com.zaxxer.hikari.pool.HikariPool        : HikariPool-1 - Added connection org.postgresql.jdbc.PgConnection@79cdd18d
2026-02-21T15:00:23.551-05:00  INFO 65016 --- [ms-transportistas] [  restartedMain] com.zaxxer.hikari.HikariDataSource       : HikariPool-1 - Start completed.
2026-02-21T15:00:23.674-05:00  INFO 65016 --- [ms-transportistas] [  restartedMain] org.hibernate.orm.connections.pooling    : HHH10001005: Database info:
	Database JDBC URL [jdbc:postgresql://localhost:5432/dbtransportista]
	Database driver: PostgreSQL JDBC Driver
	Database dialect: PostgreSQLDialect
	Database version: 16.12
	Default catalog/schema: dbtransportista/public
	Autocommit mode: undefined/unknown
	Isolation level: READ_COMMITTED [default READ_COMMITTED]
	JDBC fetch size: none
	Pool: DataSourceConnectionProvider
	Minimum pool size: undefined/unknown
	Maximum pool size: undefined/unknown
2026-02-21T15:00:25.616-05:00  INFO 65016 --- [ms-transportistas] [  restartedMain] org.hibernate.orm.core                   : HHH000489: No JTA platform available (set 'hibernate.transaction.jta.platform' to enable JTA platform integration)
Hibernate: create table transports (transport_id varchar(255) not null, is_active boolean not null, created_at timestamp(6), transport_capacity float(53) not null, transport_company varchar(100) not null, transport_driver varchar(100) not null, transport_license_plate varchar(20) not null, transport_location varchar(200), transport_status varchar(20) not null, transport_type varchar(50) not null, transport_user_id varchar(255), updated_at timestamp(6), primary key (transport_id))
Hibernate: create index idx_transport_status on transports (transport_status)
Hibernate: create index idx_transport_user on transports (transport_user_id)
Hibernate: alter table if exists transports drop constraint if exists idx_license_plate
2026-02-21T15:00:25.800-05:00  WARN 65016 --- [ms-transportistas] [  restartedMain] org.hibernate.orm.jdbc.warn              : HHH000247: ErrorCode: 0, SQLState: 00000
2026-02-21T15:00:25.801-05:00  WARN 65016 --- [ms-transportistas] [  restartedMain] org.hibernate.orm.jdbc.warn              : constraint "idx_license_plate" of relation "transports" does not exist, skipping
Hibernate: alter table if exists transports add constraint idx_license_plate unique (transport_license_plate)
2026-02-21T15:00:25.813-05:00  INFO 65016 --- [ms-transportistas] [  restartedMain] j.LocalContainerEntityManagerFactoryBean : Initialized JPA EntityManagerFactory for persistence unit 'default'
2026-02-21T15:00:25.954-05:00  INFO 65016 --- [ms-transportistas] [  restartedMain] o.s.d.j.r.query.QueryEnhancerFactories   : Hibernate is in classpath; If applicable, HQL parser will be used.
2026-02-21T15:00:28.078-05:00  WARN 65016 --- [ms-transportistas] [  restartedMain] JpaBaseConfiguration$JpaWebConfiguration : spring.jpa.open-in-view is enabled by default. Therefore, database queries may be performed during view rendering. Explicitly configure spring.jpa.open-in-view to disable this warning
2026-02-21T15:00:28.314-05:00  INFO 65016 --- [ms-transportistas] [  restartedMain] o.s.c.openfeign.FeignClientFactoryBean   : For 'ms-users' URL not provided. Will try picking an instance via load-balancing.
2026-02-21T15:00:29.419-05:00  INFO 65016 --- [ms-transportistas] [  restartedMain] DiscoveryClientOptionalArgsConfiguration : Eureka HTTP Client uses RestClient.
2026-02-21T15:00:29.493-05:00  WARN 65016 --- [ms-transportistas] [  restartedMain] iguration$LoadBalancerCaffeineWarnLogger : Spring Cloud LoadBalancer is currently working with the default cache. While this cache implementation is useful for development and tests, it's recommended to use Caffeine cache in production.You can switch to using Caffeine cache, by adding it and org.springframework.cache.caffeine.CaffeineCacheManager to the classpath.
2026-02-21T15:00:29.568-05:00  INFO 65016 --- [ms-transportistas] [  restartedMain] o.s.c.n.eureka.InstanceInfoFactory       : Setting initial instance status as: STARTING
2026-02-21T15:00:29.631-05:00  INFO 65016 --- [ms-transportistas] [  restartedMain] com.netflix.discovery.DiscoveryClient    : Initializing Eureka in region us-east-1
2026-02-21T15:00:29.681-05:00  INFO 65016 --- [ms-transportistas] [  restartedMain] c.n.d.s.r.aws.ConfigClusterResolver      : Resolving eureka endpoints via configuration
2026-02-21T15:00:29.698-05:00  INFO 65016 --- [ms-transportistas] [  restartedMain] com.netflix.discovery.DiscoveryClient    : Disable delta property : false
2026-02-21T15:00:29.698-05:00  INFO 65016 --- [ms-transportistas] [  restartedMain] com.netflix.discovery.DiscoveryClient    : Single vip registry refresh property : null
2026-02-21T15:00:29.701-05:00  INFO 65016 --- [ms-transportistas] [  restartedMain] com.netflix.discovery.DiscoveryClient    : Force full registry fetch : false
2026-02-21T15:00:29.701-05:00  INFO 65016 --- [ms-transportistas] [  restartedMain] com.netflix.discovery.DiscoveryClient    : Application is null : false
2026-02-21T15:00:29.701-05:00  INFO 65016 --- [ms-transportistas] [  restartedMain] com.netflix.discovery.DiscoveryClient    : Registered Applications size is zero : true
2026-02-21T15:00:29.701-05:00  INFO 65016 --- [ms-transportistas] [  restartedMain] com.netflix.discovery.DiscoveryClient    : Application version is -1: true
2026-02-21T15:00:29.701-05:00  INFO 65016 --- [ms-transportistas] [  restartedMain] com.netflix.discovery.DiscoveryClient    : Getting all instance registry info from the eureka server
2026-02-21T15:00:30.206-05:00  INFO 65016 --- [ms-transportistas] [  restartedMain] com.netflix.discovery.DiscoveryClient    : The response status is 200
2026-02-21T15:00:30.251-05:00  INFO 65016 --- [ms-transportistas] [  restartedMain] com.netflix.discovery.DiscoveryClient    : Starting heartbeat executor: renew interval is: 30
2026-02-21T15:00:30.254-05:00  INFO 65016 --- [ms-transportistas] [  restartedMain] c.n.discovery.InstanceInfoReplicator     : InstanceInfoReplicator onDemand update allowed rate per min is 4
2026-02-21T15:00:30.257-05:00  INFO 65016 --- [ms-transportistas] [  restartedMain] com.netflix.discovery.DiscoveryClient    : Discovery Client initialized at timestamp 1771704030256 with initial instances count: 2
2026-02-21T15:00:30.264-05:00  INFO 65016 --- [ms-transportistas] [  restartedMain] o.s.c.n.e.s.EurekaServiceRegistry        : Registering application MS-TRANSPORTISTAS with eureka with status UP
2026-02-21T15:00:30.264-05:00  INFO 65016 --- [ms-transportistas] [  restartedMain] com.netflix.discovery.DiscoveryClient    : Saw local status change event StatusChangeEvent [timestamp=1771704030264, current=UP, previous=STARTING]
2026-02-21T15:00:30.266-05:00  INFO 65016 --- [ms-transportistas] [foReplicator-%d] com.netflix.discovery.DiscoveryClient    : DiscoveryClient_MS-TRANSPORTISTAS/LAPTOP-1RVSALIH.mshome.net:ms-transportistas:8083: registering service...
2026-02-21T15:00:30.296-05:00  INFO 65016 --- [ms-transportistas] [  restartedMain] o.s.boot.tomcat.TomcatWebServer          : Tomcat started on port 8083 (http) with context path '/'
2026-02-21T15:00:30.300-05:00  INFO 65016 --- [ms-transportistas] [  restartedMain] .s.c.n.e.s.EurekaAutoServiceRegistration : Updating port to 8083
2026-02-21T15:00:30.324-05:00  INFO 65016 --- [ms-transportistas] [  restartedMain] c.t.m.MsTransportistasApplication        : Started MsTransportistasApplication in 12.126 seconds (process running for 13.072)
2026-02-21T15:00:30.334-05:00  INFO 65016 --- [ms-transportistas] [foReplicator-%d] com.netflix.discovery.DiscoveryClient    : DiscoveryClient_MS-TRANSPORTISTAS/LAPTOP-1RVSALIH.mshome.net:ms-transportistas:8083 - registration status: 204
2026-02-21T15:01:43.211-05:00  INFO 65016 --- [ms-transportistas] [nio-8083-exec-1] o.a.c.c.C.[Tomcat].[localhost].[/]       : Initializing Spring DispatcherServlet 'dispatcherServlet'
2026-02-21T15:01:43.213-05:00  INFO 65016 --- [ms-transportistas] [nio-8083-exec-1] o.s.web.servlet.DispatcherServlet        : Initializing Servlet 'dispatcherServlet'
2026-02-21T15:01:43.216-05:00  INFO 65016 --- [ms-transportistas] [nio-8083-exec-1] o.s.web.servlet.DispatcherServlet        : Completed initialization in 3 ms
Hibernate: select te1_0.transport_id,te1_0.is_active,te1_0.created_at,te1_0.transport_capacity,te1_0.transport_company,te1_0.transport_driver,te1_0.transport_license_plate,te1_0.transport_location,te1_0.transport_status,te1_0.transport_type,te1_0.transport_user_id,te1_0.updated_at from transports te1_0 where te1_0.is_active=true
