[INFO] Scanning for projects...
[INFO] 
[INFO] ------------------< com.transporte:ms-transportistas >------------------
[INFO] Building ms-transportistas 0.0.1-SNAPSHOT
[INFO]   from pom.xml
[INFO] --------------------------------[ jar ]---------------------------------
[INFO] 
[INFO] >>> spring-boot:4.0.2:run (default-cli) > test-compile @ ms-transportistas >>>
[INFO] 
[INFO] --- resources:3.3.1:resources (default-resources) @ ms-transportistas ---
[INFO] Copying 1 resource from src\main\resources to target\classes
[INFO] Copying 0 resource from src\main\resources to target\classes
[INFO] 
[INFO] --- compiler:3.14.1:compile (default-compile) @ ms-transportistas ---
[INFO] Nothing to compile - all classes are up to date.
[INFO] 
[INFO] --- resources:3.3.1:testResources (default-testResources) @ ms-transportistas ---
[INFO] Not copying test resources
[INFO] 
[INFO] --- compiler:3.14.1:testCompile (default-testCompile) @ ms-transportistas ---
[INFO] Not compiling test sources
[INFO] 
[INFO] <<< spring-boot:4.0.2:run (default-cli) < test-compile @ ms-transportistas <<<
[INFO] 
[INFO] 
[INFO] --- spring-boot:4.0.2:run (default-cli) @ ms-transportistas ---
[INFO] Attaching agents: []

  .   ____          _            __ _ _
 /\\ / ___'_ __ _ _(_)_ __  __ _ \ \ \ \
( ( )\___ | '_ | '_| | '_ \/ _` | \ \ \ \
 \\/  ___)| |_)| | | | | || (_| |  ) ) ) )
  '  |____| .__|_| |_|_| |_\__, | / / / /
 =========|_|==============|___/=/_/_/_/

 :: Spring Boot ::                (v4.0.2)

2026-02-23T21:13:20.588-05:00  INFO 36064 --- [ms-transportistas] [  restartedMain] c.t.m.MsTransportistasApplication        : Starting MsTransportistasApplication using Java 21.0.10 with PID 36064 (C:\Users\jhost\Desktop\CIBERTEC\proyecto-transportes\ms-transportistas\target\classes started by jhost in C:\Users\jhost\Desktop\CIBERTEC\proyecto-transportes\ms-transportistas)
2026-02-23T21:13:20.635-05:00  INFO 36064 --- [ms-transportistas] [  restartedMain] c.t.m.MsTransportistasApplication        : No active profile set, falling back to 1 default profile: "default"
2026-02-23T21:13:20.720-05:00  INFO 36064 --- [ms-transportistas] [  restartedMain] .e.DevToolsPropertyDefaultsPostProcessor : Devtools property defaults active! Set 'spring.devtools.add-properties' to 'false' to disable
2026-02-23T21:13:20.763-05:00  INFO 36064 --- [ms-transportistas] [  restartedMain] .e.DevToolsPropertyDefaultsPostProcessor : For additional web related logging consider setting the 'logging.level.web' property to 'DEBUG'
2026-02-23T21:13:21.675-05:00  INFO 36064 --- [ms-transportistas] [  restartedMain] .s.d.r.c.RepositoryConfigurationDelegate : Bootstrapping Spring Data JPA repositories in DEFAULT mode.
2026-02-23T21:13:21.865-05:00  INFO 36064 --- [ms-transportistas] [  restartedMain] .s.d.r.c.RepositoryConfigurationDelegate : Finished Spring Data repository scanning in 178 ms. Found 1 JPA repository interface.
2026-02-23T21:13:22.191-05:00  INFO 36064 --- [ms-transportistas] [  restartedMain] o.s.cloud.context.scope.GenericScope     : BeanFactory id=b8f3a305-ec3d-326a-aebe-24b4cd53db40
2026-02-23T21:13:22.750-05:00  INFO 36064 --- [ms-transportistas] [  restartedMain] o.s.boot.tomcat.TomcatWebServer          : Tomcat initialized with port 8083 (http)
2026-02-23T21:13:22.811-05:00  INFO 36064 --- [ms-transportistas] [  restartedMain] o.apache.catalina.core.StandardService   : Starting service [Tomcat]
2026-02-23T21:13:22.812-05:00  INFO 36064 --- [ms-transportistas] [  restartedMain] o.apache.catalina.core.StandardEngine    : Starting Servlet engine: [Apache Tomcat/11.0.15]
2026-02-23T21:13:22.876-05:00  INFO 36064 --- [ms-transportistas] [  restartedMain] b.w.c.s.WebApplicationContextInitializer : Root WebApplicationContext: initialization completed in 2112 ms
2026-02-23T21:13:23.133-05:00  INFO 36064 --- [ms-transportistas] [  restartedMain] org.hibernate.orm.jpa                    : HHH008540: Processing PersistenceUnitInfo [name: default]
2026-02-23T21:13:23.237-05:00  INFO 36064 --- [ms-transportistas] [  restartedMain] org.hibernate.orm.core                   : HHH000001: Hibernate ORM core version 7.2.1.Final
2026-02-23T21:13:23.737-05:00  INFO 36064 --- [ms-transportistas] [  restartedMain] o.s.o.j.p.SpringPersistenceUnitInfo      : No LoadTimeWeaver setup: ignoring JPA class transformer
2026-02-23T21:13:23.824-05:00  INFO 36064 --- [ms-transportistas] [  restartedMain] com.zaxxer.hikari.HikariDataSource       : HikariPool-1 - Starting...
2026-02-23T21:13:24.103-05:00  INFO 36064 --- [ms-transportistas] [  restartedMain] com.zaxxer.hikari.pool.HikariPool        : HikariPool-1 - Added connection org.postgresql.jdbc.PgConnection@6bb8eab4
2026-02-23T21:13:24.107-05:00  INFO 36064 --- [ms-transportistas] [  restartedMain] com.zaxxer.hikari.HikariDataSource       : HikariPool-1 - Start completed.
2026-02-23T21:13:24.201-05:00  INFO 36064 --- [ms-transportistas] [  restartedMain] org.hibernate.orm.connections.pooling    : HHH10001005: Database info:
	Database JDBC URL [jdbc:postgresql://localhost:5432/dbtransportista]
	Database driver: PostgreSQL JDBC Driver
	Database dialect: PostgreSQLDialect
	Database version: 17.7
	Default catalog/schema: dbtransportista/public
	Autocommit mode: undefined/unknown
	Isolation level: READ_COMMITTED [default READ_COMMITTED]
	JDBC fetch size: none
	Pool: DataSourceConnectionProvider
	Minimum pool size: undefined/unknown
	Maximum pool size: undefined/unknown
2026-02-23T21:13:25.189-05:00  INFO 36064 --- [ms-transportistas] [  restartedMain] org.hibernate.orm.core                   : HHH000489: No JTA platform available (set 'hibernate.transaction.jta.platform' to enable JTA platform integration)
2026-02-23T21:13:25.334-05:00  INFO 36064 --- [ms-transportistas] [  restartedMain] j.LocalContainerEntityManagerFactoryBean : Initialized JPA EntityManagerFactory for persistence unit 'default'
2026-02-23T21:13:25.438-05:00  INFO 36064 --- [ms-transportistas] [  restartedMain] o.s.d.j.r.query.QueryEnhancerFactories   : Hibernate is in classpath; If applicable, HQL parser will be used.
2026-02-23T21:13:26.448-05:00  WARN 36064 --- [ms-transportistas] [  restartedMain] JpaBaseConfiguration$JpaWebConfiguration : spring.jpa.open-in-view is enabled by default. Therefore, database queries may be performed during view rendering. Explicitly configure spring.jpa.open-in-view to disable this warning
2026-02-23T21:13:26.567-05:00  INFO 36064 --- [ms-transportistas] [  restartedMain] o.s.c.openfeign.FeignClientFactoryBean   : For 'ms-users' URL not provided. Will try picking an instance via load-balancing.
2026-02-23T21:13:27.193-05:00  INFO 36064 --- [ms-transportistas] [  restartedMain] DiscoveryClientOptionalArgsConfiguration : Eureka HTTP Client uses RestClient.
2026-02-23T21:13:27.292-05:00  WARN 36064 --- [ms-transportistas] [  restartedMain] iguration$LoadBalancerCaffeineWarnLogger : Spring Cloud LoadBalancer is currently working with the default cache. While this cache implementation is useful for development and tests, it's recommended to use Caffeine cache in production.You can switch to using Caffeine cache, by adding it and org.springframework.cache.caffeine.CaffeineCacheManager to the classpath.
2026-02-23T21:13:27.390-05:00  INFO 36064 --- [ms-transportistas] [  restartedMain] o.s.c.n.eureka.InstanceInfoFactory       : Setting initial instance status as: STARTING
2026-02-23T21:13:27.463-05:00  INFO 36064 --- [ms-transportistas] [  restartedMain] com.netflix.discovery.DiscoveryClient    : Initializing Eureka in region us-east-1
2026-02-23T21:13:27.467-05:00  INFO 36064 --- [ms-transportistas] [  restartedMain] c.n.d.s.r.aws.ConfigClusterResolver      : Resolving eureka endpoints via configuration
2026-02-23T21:13:27.478-05:00  INFO 36064 --- [ms-transportistas] [  restartedMain] com.netflix.discovery.DiscoveryClient    : Disable delta property : false
2026-02-23T21:13:27.478-05:00  INFO 36064 --- [ms-transportistas] [  restartedMain] com.netflix.discovery.DiscoveryClient    : Single vip registry refresh property : null
2026-02-23T21:13:27.478-05:00  INFO 36064 --- [ms-transportistas] [  restartedMain] com.netflix.discovery.DiscoveryClient    : Force full registry fetch : false
2026-02-23T21:13:27.479-05:00  INFO 36064 --- [ms-transportistas] [  restartedMain] com.netflix.discovery.DiscoveryClient    : Application is null : false
2026-02-23T21:13:27.479-05:00  INFO 36064 --- [ms-transportistas] [  restartedMain] com.netflix.discovery.DiscoveryClient    : Registered Applications size is zero : true
2026-02-23T21:13:27.479-05:00  INFO 36064 --- [ms-transportistas] [  restartedMain] com.netflix.discovery.DiscoveryClient    : Application version is -1: true
2026-02-23T21:13:27.480-05:00  INFO 36064 --- [ms-transportistas] [  restartedMain] com.netflix.discovery.DiscoveryClient    : Getting all instance registry info from the eureka server
2026-02-23T21:13:27.829-05:00  INFO 36064 --- [ms-transportistas] [  restartedMain] com.netflix.discovery.DiscoveryClient    : The response status is 200
2026-02-23T21:13:27.878-05:00  INFO 36064 --- [ms-transportistas] [  restartedMain] com.netflix.discovery.DiscoveryClient    : Starting heartbeat executor: renew interval is: 30
2026-02-23T21:13:27.881-05:00  INFO 36064 --- [ms-transportistas] [  restartedMain] c.n.discovery.InstanceInfoReplicator     : InstanceInfoReplicator onDemand update allowed rate per min is 4
2026-02-23T21:13:27.884-05:00  INFO 36064 --- [ms-transportistas] [  restartedMain] com.netflix.discovery.DiscoveryClient    : Discovery Client initialized at timestamp 1771899207882 with initial instances count: 2
2026-02-23T21:13:27.888-05:00  INFO 36064 --- [ms-transportistas] [  restartedMain] o.s.c.n.e.s.EurekaServiceRegistry        : Registering application MS-TRANSPORTISTAS with eureka with status UP
2026-02-23T21:13:27.890-05:00  INFO 36064 --- [ms-transportistas] [  restartedMain] com.netflix.discovery.DiscoveryClient    : Saw local status change event StatusChangeEvent [timestamp=1771899207890, current=UP, previous=STARTING]
2026-02-23T21:13:27.892-05:00  INFO 36064 --- [ms-transportistas] [foReplicator-%d] com.netflix.discovery.DiscoveryClient    : DiscoveryClient_MS-TRANSPORTISTAS/LAPTOP-1RVSALIH.mshome.net:ms-transportistas:8083: registering service...
2026-02-23T21:13:27.912-05:00  INFO 36064 --- [ms-transportistas] [  restartedMain] o.s.boot.tomcat.TomcatWebServer          : Tomcat started on port 8083 (http) with context path '/'
2026-02-23T21:13:27.915-05:00  INFO 36064 --- [ms-transportistas] [  restartedMain] .s.c.n.e.s.EurekaAutoServiceRegistration : Updating port to 8083
2026-02-23T21:13:27.931-05:00  INFO 36064 --- [ms-transportistas] [  restartedMain] c.t.m.MsTransportistasApplication        : Started MsTransportistasApplication in 7.79 seconds (process running for 8.534)
2026-02-23T21:13:27.939-05:00  INFO 36064 --- [ms-transportistas] [foReplicator-%d] com.netflix.discovery.DiscoveryClient    : DiscoveryClient_MS-TRANSPORTISTAS/LAPTOP-1RVSALIH.mshome.net:ms-transportistas:8083 - registration status: 204
