[INFO] Scanning for projects...
[INFO] 
[INFO] -------------------------< com.core:ms-users >--------------------------
[INFO] Building ms-users 0.0.1-SNAPSHOT
[INFO]   from pom.xml
[INFO] --------------------------------[ jar ]---------------------------------
[INFO] 
[INFO] >>> spring-boot:3.5.10:run (default-cli) > test-compile @ ms-users >>>
[INFO] 
[INFO] --- resources:3.3.1:resources (default-resources) @ ms-users ---
[INFO] Copying 1 resource from src\main\resources to target\classes
[INFO] Copying 0 resource from src\main\resources to target\classes
[INFO] 
[INFO] --- compiler:3.14.1:compile (default-compile) @ ms-users ---
[INFO] Nothing to compile - all classes are up to date.
[INFO] 
[INFO] --- resources:3.3.1:testResources (default-testResources) @ ms-users ---
[INFO] Not copying test resources
[INFO] 
[INFO] --- compiler:3.14.1:testCompile (default-testCompile) @ ms-users ---
[INFO] Not compiling test sources
[INFO] 
[INFO] <<< spring-boot:3.5.10:run (default-cli) < test-compile @ ms-users <<<
[INFO] 
[INFO] 
[INFO] --- spring-boot:3.5.10:run (default-cli) @ ms-users ---
[INFO] Attaching agents: []

  .   ____          _            __ _ _
 /\\ / ___'_ __ _ _(_)_ __  __ _ \ \ \ \
( ( )\___ | '_ | '_| | '_ \/ _` | \ \ \ \
 \\/  ___)| |_)| | | | | || (_| |  ) ) ) )
  '  |____| .__|_| |_|_| |_\__, | / / / /
 =========|_|==============|___/=/_/_/_/

 :: Spring Boot ::               (v3.5.10)

2026-02-21T16:06:29.849-05:00  INFO 41048 --- [ms-users] [           main] com.core.msusers.MsUsersApplication      : Starting MsUsersApplication using Java 21.0.10 with PID 41048 (C:\Users\jhost\Desktop\CIBERTEC\proyecto-transportes\ms-users\target\classes started by jhost in C:\Users\jhost\Desktop\CIBERTEC\proyecto-transportes\ms-users)
2026-02-21T16:06:29.851-05:00 DEBUG 41048 --- [ms-users] [           main] com.core.msusers.MsUsersApplication      : Running with Spring Boot v3.5.10, Spring v6.2.15
2026-02-21T16:06:29.853-05:00  INFO 41048 --- [ms-users] [           main] com.core.msusers.MsUsersApplication      : No active profile set, falling back to 1 default profile: "default"
2026-02-21T16:06:30.884-05:00  INFO 41048 --- [ms-users] [           main] .s.d.r.c.RepositoryConfigurationDelegate : Bootstrapping Spring Data JPA repositories in DEFAULT mode.
2026-02-21T16:06:31.091-05:00  INFO 41048 --- [ms-users] [           main] .s.d.r.c.RepositoryConfigurationDelegate : Finished Spring Data repository scanning in 193 ms. Found 1 JPA repository interface.
2026-02-21T16:06:31.405-05:00  INFO 41048 --- [ms-users] [           main] o.s.cloud.context.scope.GenericScope     : BeanFactory id=6ee6bf00-cdfd-3d56-bb83-4155e45b67c7
2026-02-21T16:06:32.161-05:00  INFO 41048 --- [ms-users] [           main] o.s.b.w.embedded.tomcat.TomcatWebServer  : Tomcat initialized with port 8084 (http)
2026-02-21T16:06:32.192-05:00  INFO 41048 --- [ms-users] [           main] o.apache.catalina.core.StandardService   : Starting service [Tomcat]
2026-02-21T16:06:32.193-05:00  INFO 41048 --- [ms-users] [           main] o.apache.catalina.core.StandardEngine    : Starting Servlet engine: [Apache Tomcat/10.1.50]
2026-02-21T16:06:32.359-05:00  INFO 41048 --- [ms-users] [           main] o.a.c.c.C.[Tomcat].[localhost].[/]       : Initializing Spring embedded WebApplicationContext
2026-02-21T16:06:32.361-05:00  INFO 41048 --- [ms-users] [           main] w.s.c.ServletWebServerApplicationContext : Root WebApplicationContext: initialization completed in 2450 ms
2026-02-21T16:06:32.621-05:00  INFO 41048 --- [ms-users] [           main] o.hibernate.jpa.internal.util.LogHelper  : HHH000204: Processing PersistenceUnitInfo [name: default]
2026-02-21T16:06:32.741-05:00  INFO 41048 --- [ms-users] [           main] org.hibernate.Version                    : HHH000412: Hibernate ORM core version 6.6.41.Final
2026-02-21T16:06:32.800-05:00  INFO 41048 --- [ms-users] [           main] o.h.c.internal.RegionFactoryInitiator    : HHH000026: Second-level cache disabled
2026-02-21T16:06:33.385-05:00  INFO 41048 --- [ms-users] [           main] o.s.o.j.p.SpringPersistenceUnitInfo      : No LoadTimeWeaver setup: ignoring JPA class transformer
2026-02-21T16:06:33.437-05:00  INFO 41048 --- [ms-users] [           main] com.zaxxer.hikari.HikariDataSource       : HikariPool-1 - Starting...
2026-02-21T16:06:33.699-05:00  INFO 41048 --- [ms-users] [           main] com.zaxxer.hikari.pool.HikariPool        : HikariPool-1 - Added connection org.postgresql.jdbc.PgConnection@160546b1
2026-02-21T16:06:33.703-05:00  INFO 41048 --- [ms-users] [           main] com.zaxxer.hikari.HikariDataSource       : HikariPool-1 - Start completed.
2026-02-21T16:06:33.753-05:00  WARN 41048 --- [ms-users] [           main] org.hibernate.orm.deprecation            : HHH90000025: PostgreSQLDialect does not need to be specified explicitly using 'hibernate.dialect' (remove the property setting and it will be selected by default)
2026-02-21T16:06:33.787-05:00  INFO 41048 --- [ms-users] [           main] org.hibernate.orm.connections.pooling    : HHH10001005: Database info:
	Database JDBC URL [Connecting through datasource 'HikariDataSource (HikariPool-1)']
	Database driver: undefined/unknown
	Database version: 16.12
	Autocommit mode: undefined/unknown
	Isolation level: undefined/unknown
	Minimum pool size: undefined/unknown
	Maximum pool size: undefined/unknown
2026-02-21T16:06:35.262-05:00  INFO 41048 --- [ms-users] [           main] o.h.e.t.j.p.i.JtaPlatformInitiator       : HHH000489: No JTA platform available (set 'hibernate.transaction.jta.platform' to enable JTA platform integration)
2026-02-21T16:06:35.420-05:00  INFO 41048 --- [ms-users] [           main] j.LocalContainerEntityManagerFactoryBean : Initialized JPA EntityManagerFactory for persistence unit 'default'
2026-02-21T16:06:36.101-05:00 DEBUG 41048 --- [ms-users] [           main] c.c.m.i.s.JwtAuthenticationFilter        : Filter 'jwtAuthenticationFilter' configured for use
2026-02-21T16:06:36.309-05:00  INFO 41048 --- [ms-users] [           main] r$InitializeUserDetailsManagerConfigurer : Global AuthenticationManager configured with UserDetailsService bean with name customUserDetailsService
2026-02-21T16:06:36.403-05:00  WARN 41048 --- [ms-users] [           main] JpaBaseConfiguration$JpaWebConfiguration : spring.jpa.open-in-view is enabled by default. Therefore, database queries may be performed during view rendering. Explicitly configure spring.jpa.open-in-view to disable this warning
2026-02-21T16:06:37.255-05:00  INFO 41048 --- [ms-users] [           main] DiscoveryClientOptionalArgsConfiguration : Eureka HTTP Client uses RestTemplate.
2026-02-21T16:06:37.361-05:00  WARN 41048 --- [ms-users] [           main] iguration$LoadBalancerCaffeineWarnLogger : Spring Cloud LoadBalancer is currently working with the default cache. While this cache implementation is useful for development and tests, it's recommended to use Caffeine cache in production.You can switch to using Caffeine cache, by adding it and org.springframework.cache.caffeine.CaffeineCacheManager to the classpath.
2026-02-21T16:06:37.443-05:00  INFO 41048 --- [ms-users] [           main] o.s.c.n.eureka.InstanceInfoFactory       : Setting initial instance status as: STARTING
2026-02-21T16:06:37.478-05:00  INFO 41048 --- [ms-users] [           main] com.netflix.discovery.DiscoveryClient    : Initializing Eureka in region us-east-1
2026-02-21T16:06:37.490-05:00  INFO 41048 --- [ms-users] [           main] c.n.d.s.r.aws.ConfigClusterResolver      : Resolving eureka endpoints via configuration
2026-02-21T16:06:37.502-05:00  INFO 41048 --- [ms-users] [           main] com.netflix.discovery.DiscoveryClient    : Disable delta property : false
2026-02-21T16:06:37.503-05:00  INFO 41048 --- [ms-users] [           main] com.netflix.discovery.DiscoveryClient    : Single vip registry refresh property : null
2026-02-21T16:06:37.504-05:00  INFO 41048 --- [ms-users] [           main] com.netflix.discovery.DiscoveryClient    : Force full registry fetch : false
2026-02-21T16:06:37.504-05:00  INFO 41048 --- [ms-users] [           main] com.netflix.discovery.DiscoveryClient    : Application is null : false
2026-02-21T16:06:37.505-05:00  INFO 41048 --- [ms-users] [           main] com.netflix.discovery.DiscoveryClient    : Registered Applications size is zero : true
2026-02-21T16:06:37.505-05:00  INFO 41048 --- [ms-users] [           main] com.netflix.discovery.DiscoveryClient    : Application version is -1: true
2026-02-21T16:06:37.505-05:00  INFO 41048 --- [ms-users] [           main] com.netflix.discovery.DiscoveryClient    : Getting all instance registry info from the eureka server
2026-02-21T16:06:38.513-05:00  INFO 41048 --- [ms-users] [           main] com.netflix.discovery.DiscoveryClient    : The response status is 200
2026-02-21T16:06:38.523-05:00  INFO 41048 --- [ms-users] [           main] com.netflix.discovery.DiscoveryClient    : Starting heartbeat executor: renew interval is: 30
2026-02-21T16:06:38.528-05:00  INFO 41048 --- [ms-users] [           main] c.n.discovery.InstanceInfoReplicator     : InstanceInfoReplicator onDemand update allowed rate per min is 4
2026-02-21T16:06:38.532-05:00  INFO 41048 --- [ms-users] [           main] com.netflix.discovery.DiscoveryClient    : Discovery Client initialized at timestamp 1771707998531 with initial instances count: 0
2026-02-21T16:06:38.539-05:00  INFO 41048 --- [ms-users] [           main] o.s.c.n.e.s.EurekaServiceRegistry        : Registering application MS-USERS with eureka with status UP
2026-02-21T16:06:38.540-05:00  INFO 41048 --- [ms-users] [           main] com.netflix.discovery.DiscoveryClient    : Saw local status change event StatusChangeEvent [timestamp=1771707998540, current=UP, previous=STARTING]
2026-02-21T16:06:38.545-05:00  INFO 41048 --- [ms-users] [foReplicator-%d] com.netflix.discovery.DiscoveryClient    : DiscoveryClient_MS-USERS/LAPTOP-1RVSALIH.mshome.net:ms-users:8084: registering service...
2026-02-21T16:06:38.591-05:00  INFO 41048 --- [ms-users] [           main] o.s.b.w.embedded.tomcat.TomcatWebServer  : Tomcat started on port 8084 (http) with context path '/'
2026-02-21T16:06:38.592-05:00  INFO 41048 --- [ms-users] [           main] .s.c.n.e.s.EurekaAutoServiceRegistration : Updating port to 8084
2026-02-21T16:06:38.612-05:00  INFO 41048 --- [ms-users] [           main] com.core.msusers.MsUsersApplication      : Started MsUsersApplication in 9.383 seconds (process running for 9.896)
2026-02-21T16:06:38.793-05:00  INFO 41048 --- [ms-users] [foReplicator-%d] com.netflix.discovery.DiscoveryClient    : DiscoveryClient_MS-USERS/LAPTOP-1RVSALIH.mshome.net:ms-users:8084 - registration status: 204
Hibernate: select ue1_0.user_id,ue1_0.is_active,ue1_0.created_at,ue1_0.updated_at,ue1_0.user_email,ue1_0.user_name,ue1_0.user_password,ue1_0.user_role from users ue1_0 where ue1_0.user_email=?
2026-02-21T16:06:38.915-05:00  INFO 41048 --- [ms-users] [           main] c.c.m.i.c.AdminUserInitializer           : Admin user already exists: admin@transportes.local
2026-02-21T16:07:08.529-05:00  INFO 41048 --- [ms-users] [reshExecutor-%d] com.netflix.discovery.DiscoveryClient    : Disable delta property : false
2026-02-21T16:07:08.531-05:00  INFO 41048 --- [ms-users] [reshExecutor-%d] com.netflix.discovery.DiscoveryClient    : Single vip registry refresh property : null
2026-02-21T16:07:08.531-05:00  INFO 41048 --- [ms-users] [reshExecutor-%d] com.netflix.discovery.DiscoveryClient    : Force full registry fetch : false
2026-02-21T16:07:08.531-05:00  INFO 41048 --- [ms-users] [reshExecutor-%d] com.netflix.discovery.DiscoveryClient    : Application is null : false
2026-02-21T16:07:08.533-05:00  INFO 41048 --- [ms-users] [reshExecutor-%d] com.netflix.discovery.DiscoveryClient    : Registered Applications size is zero : true
2026-02-21T16:07:08.533-05:00  INFO 41048 --- [ms-users] [reshExecutor-%d] com.netflix.discovery.DiscoveryClient    : Application version is -1: false
2026-02-21T16:07:08.534-05:00  INFO 41048 --- [ms-users] [reshExecutor-%d] com.netflix.discovery.DiscoveryClient    : Getting all instance registry info from the eureka server
2026-02-21T16:07:08.562-05:00  INFO 41048 --- [ms-users] [reshExecutor-%d] com.netflix.discovery.DiscoveryClient    : The response status is 200
2026-02-21T16:08:33.117-05:00  INFO 41048 --- [ms-users] [nio-8084-exec-1] o.a.c.c.C.[Tomcat].[localhost].[/]       : Initializing Spring DispatcherServlet 'dispatcherServlet'
2026-02-21T16:08:33.118-05:00  INFO 41048 --- [ms-users] [nio-8084-exec-1] o.s.web.servlet.DispatcherServlet        : Initializing Servlet 'dispatcherServlet'
2026-02-21T16:08:33.120-05:00  INFO 41048 --- [ms-users] [nio-8084-exec-1] o.s.web.servlet.DispatcherServlet        : Completed initialization in 1 ms
2026-02-21T16:08:33.146-05:00 DEBUG 41048 --- [ms-users] [nio-8084-exec-1] c.c.m.i.s.JwtAuthenticationFilter        : Ejecutando JwtAuthenticationFilter para: /api/auth/login
2026-02-21T16:08:33.149-05:00 DEBUG 41048 --- [ms-users] [nio-8084-exec-1] c.c.m.i.s.JwtAuthenticationFilter        : JWT extraído: null
2026-02-21T16:08:33.188-05:00  INFO 41048 --- [ms-users] [nio-8084-exec-1] c.c.m.a.s.AuthenticateUserServiceImpl    : Autenticando usuario con email: admin@transportes.local
Hibernate: select ue1_0.user_id,ue1_0.is_active,ue1_0.created_at,ue1_0.updated_at,ue1_0.user_email,ue1_0.user_name,ue1_0.user_password,ue1_0.user_role from users ue1_0 where ue1_0.user_email=?
Hibernate: select ue1_0.user_id,ue1_0.is_active,ue1_0.created_at,ue1_0.updated_at,ue1_0.user_email,ue1_0.user_name,ue1_0.user_password,ue1_0.user_role from users ue1_0 where ue1_0.user_email=?
2026-02-21T16:08:33.805-05:00 DEBUG 41048 --- [ms-users] [nio-8084-exec-2] c.c.m.i.s.JwtAuthenticationFilter        : Ejecutando JwtAuthenticationFilter para: /api/users
2026-02-21T16:08:33.807-05:00 DEBUG 41048 --- [ms-users] [nio-8084-exec-2] c.c.m.i.s.JwtAuthenticationFilter        : JWT extraído: presente
Hibernate: select ue1_0.user_id,ue1_0.is_active,ue1_0.created_at,ue1_0.updated_at,ue1_0.user_email,ue1_0.user_name,ue1_0.user_password,ue1_0.user_role from users ue1_0 where ue1_0.user_email=?
2026-02-21T16:08:33.862-05:00 DEBUG 41048 --- [ms-users] [nio-8084-exec-2] c.c.m.a.service.GetUserServiceImpl       : Obteniendo usuarios por rol: TRANSPORTER
Hibernate: select ue1_0.user_id,ue1_0.is_active,ue1_0.created_at,ue1_0.updated_at,ue1_0.user_email,ue1_0.user_name,ue1_0.user_password,ue1_0.user_role from users ue1_0 where ue1_0.user_role=? and ue1_0.is_active
2026-02-21T16:08:46.344-05:00 DEBUG 41048 --- [ms-users] [nio-8084-exec-3] c.c.m.i.s.JwtAuthenticationFilter        : Ejecutando JwtAuthenticationFilter para: /api/auth/login
2026-02-21T16:08:46.344-05:00 DEBUG 41048 --- [ms-users] [nio-8084-exec-3] c.c.m.i.s.JwtAuthenticationFilter        : JWT extraído: null
2026-02-21T16:08:46.347-05:00  INFO 41048 --- [ms-users] [nio-8084-exec-3] c.c.m.a.s.AuthenticateUserServiceImpl    : Autenticando usuario con email: jbravo@urbano.com
Hibernate: select ue1_0.user_id,ue1_0.is_active,ue1_0.created_at,ue1_0.updated_at,ue1_0.user_email,ue1_0.user_name,ue1_0.user_password,ue1_0.user_role from users ue1_0 where ue1_0.user_email=?
Hibernate: select ue1_0.user_id,ue1_0.is_active,ue1_0.created_at,ue1_0.updated_at,ue1_0.user_email,ue1_0.user_name,ue1_0.user_password,ue1_0.user_role from users ue1_0 where ue1_0.user_email=?
2026-02-21T16:11:18.200-05:00 DEBUG 41048 --- [ms-users] [io-8084-exec-10] c.c.m.i.s.JwtAuthenticationFilter        : Ejecutando JwtAuthenticationFilter para: /api/auth/login
2026-02-21T16:11:18.201-05:00 DEBUG 41048 --- [ms-users] [io-8084-exec-10] c.c.m.i.s.JwtAuthenticationFilter        : JWT extraído: null
2026-02-21T16:11:18.203-05:00  INFO 41048 --- [ms-users] [io-8084-exec-10] c.c.m.a.s.AuthenticateUserServiceImpl    : Autenticando usuario con email: admin@transportes.local
Hibernate: select ue1_0.user_id,ue1_0.is_active,ue1_0.created_at,ue1_0.updated_at,ue1_0.user_email,ue1_0.user_name,ue1_0.user_password,ue1_0.user_role from users ue1_0 where ue1_0.user_email=?
Hibernate: select ue1_0.user_id,ue1_0.is_active,ue1_0.created_at,ue1_0.updated_at,ue1_0.user_email,ue1_0.user_name,ue1_0.user_password,ue1_0.user_role from users ue1_0 where ue1_0.user_email=?
2026-02-21T16:11:37.515-05:00  INFO 41048 --- [ms-users] [rap-executor-%d] c.n.d.s.r.aws.ConfigClusterResolver      : Resolving eureka endpoints via configuration
2026-02-21T16:16:37.563-05:00  INFO 41048 --- [ms-users] [rap-executor-%d] c.n.d.s.r.aws.ConfigClusterResolver      : Resolving eureka endpoints via configuration
2026-02-21T16:21:15.954-05:00 DEBUG 41048 --- [ms-users] [nio-8084-exec-5] c.c.m.i.s.JwtAuthenticationFilter        : Ejecutando JwtAuthenticationFilter para: /api/users
2026-02-21T16:21:15.955-05:00 DEBUG 41048 --- [ms-users] [nio-8084-exec-5] c.c.m.i.s.JwtAuthenticationFilter        : JWT extraído: presente
Hibernate: select ue1_0.user_id,ue1_0.is_active,ue1_0.created_at,ue1_0.updated_at,ue1_0.user_email,ue1_0.user_name,ue1_0.user_password,ue1_0.user_role from users ue1_0 where ue1_0.user_email=?
2026-02-21T16:21:15.973-05:00 DEBUG 41048 --- [ms-users] [nio-8084-exec-5] c.c.m.a.service.GetUserServiceImpl       : Obteniendo usuarios por rol: TRANSPORTER
Hibernate: select ue1_0.user_id,ue1_0.is_active,ue1_0.created_at,ue1_0.updated_at,ue1_0.user_email,ue1_0.user_name,ue1_0.user_password,ue1_0.user_role from users ue1_0 where ue1_0.user_role=? and ue1_0.is_active
2026-02-21T16:21:37.609-05:00  INFO 41048 --- [ms-users] [rap-executor-%d] c.n.d.s.r.aws.ConfigClusterResolver      : Resolving eureka endpoints via configuration
2026-02-21T16:21:39.944-05:00 DEBUG 41048 --- [ms-users] [nio-8084-exec-6] c.c.m.i.s.JwtAuthenticationFilter        : Ejecutando JwtAuthenticationFilter para: /api/users
2026-02-21T16:21:39.944-05:00 DEBUG 41048 --- [ms-users] [nio-8084-exec-6] c.c.m.i.s.JwtAuthenticationFilter        : JWT extraído: presente
Hibernate: select ue1_0.user_id,ue1_0.is_active,ue1_0.created_at,ue1_0.updated_at,ue1_0.user_email,ue1_0.user_name,ue1_0.user_password,ue1_0.user_role from users ue1_0 where ue1_0.user_email=?
2026-02-21T16:21:39.958-05:00 DEBUG 41048 --- [ms-users] [nio-8084-exec-6] c.c.m.a.service.GetUserServiceImpl       : Obteniendo usuarios por rol: TRANSPORTER
Hibernate: select ue1_0.user_id,ue1_0.is_active,ue1_0.created_at,ue1_0.updated_at,ue1_0.user_email,ue1_0.user_name,ue1_0.user_password,ue1_0.user_role from users ue1_0 where ue1_0.user_role=? and ue1_0.is_active
2026-02-21T16:23:00.859-05:00 DEBUG 41048 --- [ms-users] [nio-8084-exec-4] c.c.m.i.s.JwtAuthenticationFilter        : Ejecutando JwtAuthenticationFilter para: /api/users
2026-02-21T16:23:00.860-05:00 DEBUG 41048 --- [ms-users] [nio-8084-exec-4] c.c.m.i.s.JwtAuthenticationFilter        : JWT extraído: presente
Hibernate: select ue1_0.user_id,ue1_0.is_active,ue1_0.created_at,ue1_0.updated_at,ue1_0.user_email,ue1_0.user_name,ue1_0.user_password,ue1_0.user_role from users ue1_0 where ue1_0.user_email=?
2026-02-21T16:23:00.878-05:00 DEBUG 41048 --- [ms-users] [nio-8084-exec-4] c.c.m.a.service.GetUserServiceImpl       : Obteniendo usuarios por rol: TRANSPORTER
Hibernate: select ue1_0.user_id,ue1_0.is_active,ue1_0.created_at,ue1_0.updated_at,ue1_0.user_email,ue1_0.user_name,ue1_0.user_password,ue1_0.user_role from users ue1_0 where ue1_0.user_role=? and ue1_0.is_active
2026-02-21T16:26:37.659-05:00  INFO 41048 --- [ms-users] [rap-executor-%d] c.n.d.s.r.aws.ConfigClusterResolver      : Resolving eureka endpoints via configuration
2026-02-21T16:27:08.963-05:00 DEBUG 41048 --- [ms-users] [nio-8084-exec-2] c.c.m.i.s.JwtAuthenticationFilter        : Ejecutando JwtAuthenticationFilter para: /api/users
2026-02-21T16:27:08.964-05:00 DEBUG 41048 --- [ms-users] [nio-8084-exec-2] c.c.m.i.s.JwtAuthenticationFilter        : JWT extraído: presente
Hibernate: select ue1_0.user_id,ue1_0.is_active,ue1_0.created_at,ue1_0.updated_at,ue1_0.user_email,ue1_0.user_name,ue1_0.user_password,ue1_0.user_role from users ue1_0 where ue1_0.user_email=?
2026-02-21T16:27:08.981-05:00 DEBUG 41048 --- [ms-users] [nio-8084-exec-2] c.c.m.a.service.GetUserServiceImpl       : Obteniendo usuarios por rol: TRANSPORTER
Hibernate: select ue1_0.user_id,ue1_0.is_active,ue1_0.created_at,ue1_0.updated_at,ue1_0.user_email,ue1_0.user_name,ue1_0.user_password,ue1_0.user_role from users ue1_0 where ue1_0.user_role=? and ue1_0.is_active
2026-02-21T16:27:23.499-05:00 DEBUG 41048 --- [ms-users] [nio-8084-exec-3] c.c.m.i.s.JwtAuthenticationFilter        : Ejecutando JwtAuthenticationFilter para: /api/users
2026-02-21T16:27:23.501-05:00 DEBUG 41048 --- [ms-users] [nio-8084-exec-3] c.c.m.i.s.JwtAuthenticationFilter        : JWT extraído: presente
Hibernate: select ue1_0.user_id,ue1_0.is_active,ue1_0.created_at,ue1_0.updated_at,ue1_0.user_email,ue1_0.user_name,ue1_0.user_password,ue1_0.user_role from users ue1_0 where ue1_0.user_email=?
2026-02-21T16:27:23.512-05:00 DEBUG 41048 --- [ms-users] [nio-8084-exec-3] c.c.m.a.service.GetUserServiceImpl       : Obteniendo usuarios por rol: TRANSPORTER
Hibernate: select ue1_0.user_id,ue1_0.is_active,ue1_0.created_at,ue1_0.updated_at,ue1_0.user_email,ue1_0.user_name,ue1_0.user_password,ue1_0.user_role from users ue1_0 where ue1_0.user_role=? and ue1_0.is_active
2026-02-21T16:31:37.712-05:00  INFO 41048 --- [ms-users] [rap-executor-%d] c.n.d.s.r.aws.ConfigClusterResolver      : Resolving eureka endpoints via configuration
2026-02-21T16:32:10.204-05:00 DEBUG 41048 --- [ms-users] [io-8084-exec-10] c.c.m.i.s.JwtAuthenticationFilter        : Ejecutando JwtAuthenticationFilter para: /api/users
2026-02-21T16:32:10.205-05:00 DEBUG 41048 --- [ms-users] [io-8084-exec-10] c.c.m.i.s.JwtAuthenticationFilter        : JWT extraído: presente
Hibernate: select ue1_0.user_id,ue1_0.is_active,ue1_0.created_at,ue1_0.updated_at,ue1_0.user_email,ue1_0.user_name,ue1_0.user_password,ue1_0.user_role from users ue1_0 where ue1_0.user_email=?
2026-02-21T16:32:10.220-05:00 DEBUG 41048 --- [ms-users] [io-8084-exec-10] c.c.m.a.service.GetUserServiceImpl       : Obteniendo usuarios por rol: TRANSPORTER
Hibernate: select ue1_0.user_id,ue1_0.is_active,ue1_0.created_at,ue1_0.updated_at,ue1_0.user_email,ue1_0.user_name,ue1_0.user_password,ue1_0.user_role from users ue1_0 where ue1_0.user_role=? and ue1_0.is_active
2026-02-21T16:36:37.770-05:00  INFO 41048 --- [ms-users] [rap-executor-%d] c.n.d.s.r.aws.ConfigClusterResolver      : Resolving eureka endpoints via configuration
2026-02-21T16:39:11.831-05:00 DEBUG 41048 --- [ms-users] [nio-8084-exec-5] c.c.m.i.s.JwtAuthenticationFilter        : Ejecutando JwtAuthenticationFilter para: /api/users
2026-02-21T16:39:11.831-05:00 DEBUG 41048 --- [ms-users] [nio-8084-exec-5] c.c.m.i.s.JwtAuthenticationFilter        : JWT extraído: presente
Hibernate: select ue1_0.user_id,ue1_0.is_active,ue1_0.created_at,ue1_0.updated_at,ue1_0.user_email,ue1_0.user_name,ue1_0.user_password,ue1_0.user_role from users ue1_0 where ue1_0.user_email=?
2026-02-21T16:39:11.852-05:00 DEBUG 41048 --- [ms-users] [nio-8084-exec-5] c.c.m.a.service.GetUserServiceImpl       : Obteniendo usuarios por rol: TRANSPORTER
Hibernate: select ue1_0.user_id,ue1_0.is_active,ue1_0.created_at,ue1_0.updated_at,ue1_0.user_email,ue1_0.user_name,ue1_0.user_password,ue1_0.user_role from users ue1_0 where ue1_0.user_role=? and ue1_0.is_active
2026-02-21T16:40:15.860-05:00 DEBUG 41048 --- [ms-users] [nio-8084-exec-9] c.c.m.i.s.JwtAuthenticationFilter        : Ejecutando JwtAuthenticationFilter para: /api/users
2026-02-21T16:40:15.863-05:00 DEBUG 41048 --- [ms-users] [nio-8084-exec-9] c.c.m.i.s.JwtAuthenticationFilter        : JWT extraído: presente
Hibernate: select ue1_0.user_id,ue1_0.is_active,ue1_0.created_at,ue1_0.updated_at,ue1_0.user_email,ue1_0.user_name,ue1_0.user_password,ue1_0.user_role from users ue1_0 where ue1_0.user_email=?
2026-02-21T16:40:15.877-05:00 DEBUG 41048 --- [ms-users] [nio-8084-exec-9] c.c.m.a.service.GetUserServiceImpl       : Obteniendo usuarios por rol: TRANSPORTER
Hibernate: select ue1_0.user_id,ue1_0.is_active,ue1_0.created_at,ue1_0.updated_at,ue1_0.user_email,ue1_0.user_name,ue1_0.user_password,ue1_0.user_role from users ue1_0 where ue1_0.user_role=? and ue1_0.is_active
2026-02-21T16:41:37.778-05:00  INFO 41048 --- [ms-users] [rap-executor-%d] c.n.d.s.r.aws.ConfigClusterResolver      : Resolving eureka endpoints via configuration
2026-02-21T16:43:01.184-05:00 DEBUG 41048 --- [ms-users] [nio-8084-exec-1] c.c.m.i.s.JwtAuthenticationFilter        : Ejecutando JwtAuthenticationFilter para: /api/users
2026-02-21T16:43:01.186-05:00 DEBUG 41048 --- [ms-users] [nio-8084-exec-1] c.c.m.i.s.JwtAuthenticationFilter        : JWT extraído: presente
Hibernate: select ue1_0.user_id,ue1_0.is_active,ue1_0.created_at,ue1_0.updated_at,ue1_0.user_email,ue1_0.user_name,ue1_0.user_password,ue1_0.user_role from users ue1_0 where ue1_0.user_email=?
2026-02-21T16:43:01.210-05:00 DEBUG 41048 --- [ms-users] [nio-8084-exec-1] c.c.m.a.service.GetUserServiceImpl       : Obteniendo usuarios por rol: TRANSPORTER
Hibernate: select ue1_0.user_id,ue1_0.is_active,ue1_0.created_at,ue1_0.updated_at,ue1_0.user_email,ue1_0.user_name,ue1_0.user_password,ue1_0.user_role from users ue1_0 where ue1_0.user_role=? and ue1_0.is_active
2026-02-21T16:46:37.834-05:00  INFO 41048 --- [ms-users] [rap-executor-%d] c.n.d.s.r.aws.ConfigClusterResolver      : Resolving eureka endpoints via configuration
2026-02-21T16:51:37.882-05:00  INFO 41048 --- [ms-users] [rap-executor-%d] c.n.d.s.r.aws.ConfigClusterResolver      : Resolving eureka endpoints via configuration
2026-02-21T16:56:37.901-05:00  INFO 41048 --- [ms-users] [rap-executor-%d] c.n.d.s.r.aws.ConfigClusterResolver      : Resolving eureka endpoints via configuration
2026-02-21T18:46:28.864-05:00  WARN 41048 --- [ms-users] [l-1:housekeeper] com.zaxxer.hikari.pool.HikariPool        : HikariPool-1 - Thread starvation or clock leap detected (housekeeper delta=1h47m24s408ms483µs400ns).
2026-02-21T21:15:05.614-05:00  WARN 41048 --- [ms-users] [l-1:housekeeper] com.zaxxer.hikari.pool.HikariPool        : HikariPool-1 - Thread starvation or clock leap detected (housekeeper delta=2h28m43s894ms102µs100ns).
[INFO] ------------------------------------------------------------------------
[INFO] BUILD FAILURE
[INFO] ------------------------------------------------------------------------
[INFO] Total time:  05:08 h
[INFO] Finished at: 2026-02-21T21:15:09-05:00
[INFO] ------------------------------------------------------------------------
[ERROR] Failed to execute goal org.springframework.boot:spring-boot-maven-plugin:3.5.10:run (default-cli) on project ms-users: Process terminated with exit code: 1073807364 -> [Help 1]
[ERROR] 
[ERROR] To see the full stack trace of the errors, re-run Maven with the -e switch.
[ERROR] Re-run Maven using the -X switch to enable full debug logging.
[ERROR] 
[ERROR] For more information about the errors and possible solutions, please read the following articles:
[ERROR] [Help 1] http://cwiki.apache.org/confluence/display/MAVEN/MojoExecutionException
