[INFO] Scanning for projects...
[INFO] 
[INFO] -------------------------< com.core:ms-users >--------------------------
[INFO] Building ms-users 0.0.1-SNAPSHOT
[INFO]   from pom.xml
[INFO] --------------------------------[ jar ]---------------------------------
[INFO] 
[INFO] >>> spring-boot:3.5.10:run (default-cli) > test-compile @ ms-users >>>
[INFO] 
[INFO] --- resources:3.3.1:resources (default-resources) @ ms-users ---
[INFO] Copying 1 resource from src\main\resources to target\classes
[INFO] Copying 0 resource from src\main\resources to target\classes
[INFO] 
[INFO] --- compiler:3.14.1:compile (default-compile) @ ms-users ---
[INFO] Nothing to compile - all classes are up to date.
[INFO] 
[INFO] --- resources:3.3.1:testResources (default-testResources) @ ms-users ---
[INFO] Not copying test resources
[INFO] 
[INFO] --- compiler:3.14.1:testCompile (default-testCompile) @ ms-users ---
[INFO] Not compiling test sources
[INFO] 
[INFO] <<< spring-boot:3.5.10:run (default-cli) < test-compile @ ms-users <<<
[INFO] 
[INFO] 
[INFO] --- spring-boot:3.5.10:run (default-cli) @ ms-users ---
[INFO] Attaching agents: []

  .   ____          _            __ _ _
 /\\ / ___'_ __ _ _(_)_ __  __ _ \ \ \ \
( ( )\___ | '_ | '_| | '_ \/ _` | \ \ \ \
 \\/  ___)| |_)| | | | | || (_| |  ) ) ) )
  '  |____| .__|_| |_|_| |_\__, | / / / /
 =========|_|==============|___/=/_/_/_/

 :: Spring Boot ::               (v3.5.10)

2026-02-23T21:07:39.020-05:00  INFO 36704 --- [ms-users] [           main] com.core.msusers.MsUsersApplication      : Starting MsUsersApplication using Java 21.0.10 with PID 36704 (C:\Users\jhost\Desktop\CIBERTEC\proyecto-transportes\ms-users\target\classes started by jhost in C:\Users\jhost\Desktop\CIBERTEC\proyecto-transportes\ms-users)
2026-02-23T21:07:39.064-05:00 DEBUG 36704 --- [ms-users] [           main] com.core.msusers.MsUsersApplication      : Running with Spring Boot v3.5.10, Spring v6.2.15
2026-02-23T21:07:39.067-05:00  INFO 36704 --- [ms-users] [           main] com.core.msusers.MsUsersApplication      : No active profile set, falling back to 1 default profile: "default"
2026-02-23T21:07:39.822-05:00  INFO 36704 --- [ms-users] [           main] .s.d.r.c.RepositoryConfigurationDelegate : Bootstrapping Spring Data JPA repositories in DEFAULT mode.
2026-02-23T21:07:40.035-05:00  INFO 36704 --- [ms-users] [           main] .s.d.r.c.RepositoryConfigurationDelegate : Finished Spring Data repository scanning in 157 ms. Found 1 JPA repository interface.
2026-02-23T21:07:40.304-05:00  INFO 36704 --- [ms-users] [           main] o.s.cloud.context.scope.GenericScope     : BeanFactory id=6ee6bf00-cdfd-3d56-bb83-4155e45b67c7
2026-02-23T21:07:40.680-05:00  INFO 36704 --- [ms-users] [           main] o.s.b.w.embedded.tomcat.TomcatWebServer  : Tomcat initialized with port 8084 (http)
2026-02-23T21:07:40.710-05:00  INFO 36704 --- [ms-users] [           main] o.apache.catalina.core.StandardService   : Starting service [Tomcat]
2026-02-23T21:07:40.711-05:00  INFO 36704 --- [ms-users] [           main] o.apache.catalina.core.StandardEngine    : Starting Servlet engine: [Apache Tomcat/10.1.50]
2026-02-23T21:07:40.777-05:00  INFO 36704 --- [ms-users] [           main] o.a.c.c.C.[Tomcat].[localhost].[/]       : Initializing Spring embedded WebApplicationContext
2026-02-23T21:07:40.822-05:00  INFO 36704 --- [ms-users] [           main] w.s.c.ServletWebServerApplicationContext : Root WebApplicationContext: initialization completed in 1704 ms
2026-02-23T21:07:40.955-05:00  INFO 36704 --- [ms-users] [           main] o.hibernate.jpa.internal.util.LogHelper  : HHH000204: Processing PersistenceUnitInfo [name: default]
2026-02-23T21:07:41.058-05:00  INFO 36704 --- [ms-users] [           main] org.hibernate.Version                    : HHH000412: Hibernate ORM core version 6.6.41.Final
2026-02-23T21:07:41.133-05:00  INFO 36704 --- [ms-users] [           main] o.h.c.internal.RegionFactoryInitiator    : HHH000026: Second-level cache disabled
2026-02-23T21:07:41.411-05:00  INFO 36704 --- [ms-users] [           main] o.s.o.j.p.SpringPersistenceUnitInfo      : No LoadTimeWeaver setup: ignoring JPA class transformer
2026-02-23T21:07:41.488-05:00  INFO 36704 --- [ms-users] [           main] com.zaxxer.hikari.HikariDataSource       : HikariPool-1 - Starting...
2026-02-23T21:07:41.789-05:00  INFO 36704 --- [ms-users] [           main] com.zaxxer.hikari.pool.HikariPool        : HikariPool-1 - Added connection org.postgresql.jdbc.PgConnection@23708f14
2026-02-23T21:07:41.796-05:00  INFO 36704 --- [ms-users] [           main] com.zaxxer.hikari.HikariDataSource       : HikariPool-1 - Start completed.
2026-02-23T21:07:41.830-05:00  WARN 36704 --- [ms-users] [           main] org.hibernate.orm.deprecation            : HHH90000025: PostgreSQLDialect does not need to be specified explicitly using 'hibernate.dialect' (remove the property setting and it will be selected by default)
2026-02-23T21:07:41.849-05:00  INFO 36704 --- [ms-users] [           main] org.hibernate.orm.connections.pooling    : HHH10001005: Database info:
	Database JDBC URL [Connecting through datasource 'HikariDataSource (HikariPool-1)']
	Database driver: undefined/unknown
	Database version: 17.7
	Autocommit mode: undefined/unknown
	Isolation level: undefined/unknown
	Minimum pool size: undefined/unknown
	Maximum pool size: undefined/unknown
2026-02-23T21:07:42.600-05:00  INFO 36704 --- [ms-users] [           main] o.h.e.t.j.p.i.JtaPlatformInitiator       : HHH000489: No JTA platform available (set 'hibernate.transaction.jta.platform' to enable JTA platform integration)
2026-02-23T21:07:42.669-05:00  INFO 36704 --- [ms-users] [           main] j.LocalContainerEntityManagerFactoryBean : Initialized JPA EntityManagerFactory for persistence unit 'default'
2026-02-23T21:07:42.961-05:00 DEBUG 36704 --- [ms-users] [           main] c.c.m.i.s.JwtAuthenticationFilter        : Filter 'jwtAuthenticationFilter' configured for use
2026-02-23T21:07:43.103-05:00  INFO 36704 --- [ms-users] [           main] r$InitializeUserDetailsManagerConfigurer : Global AuthenticationManager configured with UserDetailsService bean with name customUserDetailsService
2026-02-23T21:07:43.203-05:00  WARN 36704 --- [ms-users] [           main] JpaBaseConfiguration$JpaWebConfiguration : spring.jpa.open-in-view is enabled by default. Therefore, database queries may be performed during view rendering. Explicitly configure spring.jpa.open-in-view to disable this warning
2026-02-23T21:07:43.755-05:00  INFO 36704 --- [ms-users] [           main] DiscoveryClientOptionalArgsConfiguration : Eureka HTTP Client uses RestTemplate.
2026-02-23T21:07:43.848-05:00  WARN 36704 --- [ms-users] [           main] iguration$LoadBalancerCaffeineWarnLogger : Spring Cloud LoadBalancer is currently working with the default cache. While this cache implementation is useful for development and tests, it's recommended to use Caffeine cache in production.You can switch to using Caffeine cache, by adding it and org.springframework.cache.caffeine.CaffeineCacheManager to the classpath.
2026-02-23T21:07:43.925-05:00  INFO 36704 --- [ms-users] [           main] o.s.c.n.eureka.InstanceInfoFactory       : Setting initial instance status as: STARTING
2026-02-23T21:07:43.955-05:00  INFO 36704 --- [ms-users] [           main] com.netflix.discovery.DiscoveryClient    : Initializing Eureka in region us-east-1
2026-02-23T21:07:43.962-05:00  INFO 36704 --- [ms-users] [           main] c.n.d.s.r.aws.ConfigClusterResolver      : Resolving eureka endpoints via configuration
2026-02-23T21:07:43.973-05:00  INFO 36704 --- [ms-users] [           main] com.netflix.discovery.DiscoveryClient    : Disable delta property : false
2026-02-23T21:07:43.974-05:00  INFO 36704 --- [ms-users] [           main] com.netflix.discovery.DiscoveryClient    : Single vip registry refresh property : null
2026-02-23T21:07:43.975-05:00  INFO 36704 --- [ms-users] [           main] com.netflix.discovery.DiscoveryClient    : Force full registry fetch : false
2026-02-23T21:07:43.975-05:00  INFO 36704 --- [ms-users] [           main] com.netflix.discovery.DiscoveryClient    : Application is null : false
2026-02-23T21:07:43.976-05:00  INFO 36704 --- [ms-users] [           main] com.netflix.discovery.DiscoveryClient    : Registered Applications size is zero : true
2026-02-23T21:07:43.976-05:00  INFO 36704 --- [ms-users] [           main] com.netflix.discovery.DiscoveryClient    : Application version is -1: true
2026-02-23T21:07:43.976-05:00  INFO 36704 --- [ms-users] [           main] com.netflix.discovery.DiscoveryClient    : Getting all instance registry info from the eureka server
2026-02-23T21:07:44.398-05:00  INFO 36704 --- [ms-users] [           main] com.netflix.discovery.DiscoveryClient    : The response status is 200
2026-02-23T21:07:44.446-05:00  INFO 36704 --- [ms-users] [           main] com.netflix.discovery.DiscoveryClient    : Starting heartbeat executor: renew interval is: 30
2026-02-23T21:07:44.448-05:00  INFO 36704 --- [ms-users] [           main] c.n.discovery.InstanceInfoReplicator     : InstanceInfoReplicator onDemand update allowed rate per min is 4
2026-02-23T21:07:44.451-05:00  INFO 36704 --- [ms-users] [           main] com.netflix.discovery.DiscoveryClient    : Discovery Client initialized at timestamp 1771898864450 with initial instances count: 5
2026-02-23T21:07:44.457-05:00  INFO 36704 --- [ms-users] [           main] o.s.c.n.e.s.EurekaServiceRegistry        : Registering application MS-USERS with eureka with status UP
2026-02-23T21:07:44.457-05:00  INFO 36704 --- [ms-users] [           main] com.netflix.discovery.DiscoveryClient    : Saw local status change event StatusChangeEvent [timestamp=1771898864457, current=UP, previous=STARTING]
2026-02-23T21:07:44.461-05:00  INFO 36704 --- [ms-users] [foReplicator-%d] com.netflix.discovery.DiscoveryClient    : DiscoveryClient_MS-USERS/LAPTOP-1RVSALIH.mshome.net:ms-users:8084: registering service...
2026-02-23T21:07:44.481-05:00  INFO 36704 --- [ms-users] [           main] o.s.b.w.embedded.tomcat.TomcatWebServer  : Tomcat started on port 8084 (http) with context path '/'
2026-02-23T21:07:44.482-05:00  INFO 36704 --- [ms-users] [           main] .s.c.n.e.s.EurekaAutoServiceRegistration : Updating port to 8084
2026-02-23T21:07:44.493-05:00  INFO 36704 --- [ms-users] [           main] com.core.msusers.MsUsersApplication      : Started MsUsersApplication in 6.006 seconds (process running for 6.646)
2026-02-23T21:07:44.502-05:00  INFO 36704 --- [ms-users] [foReplicator-%d] com.netflix.discovery.DiscoveryClient    : DiscoveryClient_MS-USERS/LAPTOP-1RVSALIH.mshome.net:ms-users:8084 - registration status: 204
Hibernate: select ue1_0.user_id,ue1_0.is_active,ue1_0.created_at,ue1_0.updated_at,ue1_0.user_email,ue1_0.user_name,ue1_0.user_password,ue1_0.user_role from users ue1_0 where ue1_0.user_email=?
2026-02-23T21:07:44.641-05:00  INFO 36704 --- [ms-users] [           main] c.c.m.i.c.AdminUserInitializer           : Admin user already exists: admin@transportes.local
